Using pre-set license
Built from '2022.3/release' branch; Version is '2022.3.20f1 (61c2feb0970d) revision 6406910'; Using compiler version '192829333'; Build Type 'Release'
OS: 'Windows 11  (10.0.22631) 64bit Professional' Language: 'en' Physical Memory: 16150 MB
BatchMode: 1, IsHumanControllingUs: 0, StartBugReporterOnCrash: 0, Is64bit: 1, IsPro: 1

COMMAND LINE ARGUMENTS:
C:\Program Files\Unity\Hub\Editor\2022.3.20f1\Editor\Unity.exe
-adb2
-batchMode
-noUpm
-name
AssetImportWorker6
-projectPath
C:/Projects/AD-Combat/My project
-logFile
Logs/AssetImportWorker6.log
-srvPort
14135
Successfully changed project path to: C:/Projects/AD-Combat/My project
C:/Projects/AD-Combat/My project
[UnityMemory] Configuration Parameters - Can be set up in boot.config
    "memorysetup-bucket-allocator-granularity=16"
    "memorysetup-bucket-allocator-bucket-count=8"
    "memorysetup-bucket-allocator-block-size=33554432"
    "memorysetup-bucket-allocator-block-count=8"
    "memorysetup-main-allocator-block-size=16777216"
    "memorysetup-thread-allocator-block-size=16777216"
    "memorysetup-gfx-main-allocator-block-size=16777216"
    "memorysetup-gfx-thread-allocator-block-size=16777216"
    "memorysetup-cache-allocator-block-size=4194304"
    "memorysetup-typetree-allocator-block-size=2097152"
    "memorysetup-profiler-bucket-allocator-granularity=16"
    "memorysetup-profiler-bucket-allocator-bucket-count=8"
    "memorysetup-profiler-bucket-allocator-block-size=33554432"
    "memorysetup-profiler-bucket-allocator-block-count=8"
    "memorysetup-profiler-allocator-block-size=16777216"
    "memorysetup-profiler-editor-allocator-block-size=1048576"
    "memorysetup-temp-allocator-size-main=16777216"
    "memorysetup-job-temp-allocator-block-size=2097152"
    "memorysetup-job-temp-allocator-block-size-background=1048576"
    "memorysetup-job-temp-allocator-reduction-small-platforms=262144"
    "memorysetup-allocator-temp-initial-block-size-main=262144"
    "memorysetup-allocator-temp-initial-block-size-worker=262144"
    "memorysetup-temp-allocator-size-background-worker=32768"
    "memorysetup-temp-allocator-size-job-worker=262144"
    "memorysetup-temp-allocator-size-preload-manager=33554432"
    "memorysetup-temp-allocator-size-nav-mesh-worker=65536"
    "memorysetup-temp-allocator-size-audio-worker=65536"
    "memorysetup-temp-allocator-size-cloud-worker=32768"
    "memorysetup-temp-allocator-size-gi-baking-worker=262144"
    "memorysetup-temp-allocator-size-gfx=262144"
Player connection [50440] Host "[IP] 192.168.2.12 [Port] 0 [Flags] 2 [Guid] 3817691675 [EditorId] 3817691675 [Version] 1048832 [Id] WindowsEditor(7,VONBiRD) [Debug] 1 [PackageName] WindowsEditor [ProjectName] Editor" joined multi-casting on [225.0.0.222:54997]...

Player connection [50440] Host "[IP] 192.168.2.12 [Port] 0 [Flags] 2 [Guid] 3817691675 [EditorId] 3817691675 [Version] 1048832 [Id] WindowsEditor(7,VONBiRD) [Debug] 1 [PackageName] WindowsEditor [ProjectName] Editor" joined alternative multi-casting on [225.0.0.222:34997]...

[Physics::Module] Initialized MultithreadedJobDispatcher with 15 workers.
Refreshing native plugins compatible for Editor in 10.14 ms, found 3 plugins.
Preloading 0 native plugins for Editor in 0.00 ms.
Initialize engine version: 2022.3.20f1 (61c2feb0970d)
[Subsystems] Discovering subsystems at path C:/Program Files/Unity/Hub/Editor/2022.3.20f1/Editor/Data/Resources/UnitySubsystems
[Subsystems] Discovering subsystems at path C:/Projects/AD-Combat/My project/Assets
GfxDevice: creating device client; threaded=0; jobified=0
Direct3D:
    Version:  Direct3D 11.0 [level 11.1]
    Renderer: NVIDIA GeForce RTX 3070 Laptop GPU (ID=0x24dd)
    Vendor:   NVIDIA
    VRAM:     8020 MB
    Driver:   31.0.15.5244
Initialize mono
Mono path[0] = 'C:/Program Files/Unity/Hub/Editor/2022.3.20f1/Editor/Data/Managed'
Mono path[1] = 'C:/Program Files/Unity/Hub/Editor/2022.3.20f1/Editor/Data/MonoBleedingEdge/lib/mono/unityjit-win32'
Mono config path = 'C:/Program Files/Unity/Hub/Editor/2022.3.20f1/Editor/Data/MonoBleedingEdge/etc'
Using monoOptions --debugger-agent=transport=dt_socket,embedding=1,server=y,suspend=n,address=127.0.0.1:56224
Begin MonoManager ReloadAssembly
Registering precompiled unity dll's ...
Register platform support module: C:/Program Files/Unity/Hub/Editor/2022.3.20f1/Editor/Data/PlaybackEngines/WebGLSupport/UnityEditor.WebGL.Extensions.dll
Register platform support module: C:/Program Files/Unity/Hub/Editor/2022.3.20f1/Editor/Data/PlaybackEngines/AndroidPlayer/UnityEditor.Android.Extensions.dll
Register platform support module: C:/Program Files/Unity/Hub/Editor/2022.3.20f1/Editor/Data/PlaybackEngines/WindowsStandaloneSupport/UnityEditor.WindowsStandalone.Extensions.dll
Register platform support module: C:/Program Files/Unity/Hub/Editor/2022.3.20f1/Editor/Data/PlaybackEngines/MetroSupport/UnityEditor.UWP.Extensions.dll
Registered in 0.015955 seconds.
- Loaded All Assemblies, in  0.510 seconds
Native extension for UWP target not found
Native extension for WindowsStandalone target not found
Native extension for Android target not found
Android Extension - Scanning For ADB Devices 301 ms
Native extension for WebGL target not found
Mono: successfully reloaded assembly
- Finished resetting the current domain, in  0.684 seconds
Domain Reload Profiling: 1192ms
	BeginReloadAssembly (141ms)
		ExecutionOrderSort (0ms)
		DisableScriptedObjects (0ms)
		BackupInstance (0ms)
		ReleaseScriptingObjects (0ms)
		CreateAndSetChildDomain (1ms)
	RebuildCommonClasses (49ms)
	RebuildNativeTypeToScriptingClass (12ms)
	initialDomainReloadingComplete (83ms)
	LoadAllAssembliesAndSetupDomain (223ms)
		LoadAssemblies (140ms)
		RebuildTransferFunctionScriptingTraits (0ms)
		AnalyzeDomain (219ms)
			TypeCache.Refresh (217ms)
				TypeCache.ScanAssembly (195ms)
			ScanForSourceGeneratedMonoScriptInfo (1ms)
			ResolveRequiredComponents (1ms)
	FinalizeReload (685ms)
		ReleaseScriptCaches (0ms)
		RebuildScriptCaches (0ms)
		SetupLoadedEditorAssemblies (618ms)
			LogAssemblyErrors (0ms)
			InitializePlatformSupportModulesInManaged (440ms)
			SetLoadedEditorAssemblies (4ms)
			RefreshPlugins (0ms)
			BeforeProcessingInitializeOnLoad (2ms)
			ProcessInitializeOnLoadAttributes (125ms)
			ProcessInitializeOnLoadMethodAttributes (46ms)
			AfterProcessingInitializeOnLoad (0ms)
			EditorAssembliesLoaded (0ms)
		ExecutionOrderSort2 (0ms)
		AwakeInstancesAfterBackupRestoration (0ms)
========================================================================
Worker process is ready to serve import requests
Begin MonoManager ReloadAssembly
- Loaded All Assemblies, in  0.686 seconds
Refreshing native plugins compatible for Editor in 3.57 ms, found 3 plugins.
Native extension for UWP target not found
Native extension for WindowsStandalone target not found
Native extension for Android target not found
Native extension for WebGL target not found
Package Manager log level set to [2]
[Package Manager] Server::EnsureServerProcessIsRunning -- launch failed, reason: Unity was launched with the -noUpm command-line argument
[Package Manager] UpmClient::Send -- Unable to send message (not connected to UPM process).
[Package Manager] Cannot connect to Unity Package Manager local server
Mono: successfully reloaded assembly
- Finished resetting the current domain, in  0.655 seconds
Domain Reload Profiling: 1338ms
	BeginReloadAssembly (154ms)
		ExecutionOrderSort (0ms)
		DisableScriptedObjects (6ms)
		BackupInstance (0ms)
		ReleaseScriptingObjects (0ms)
		CreateAndSetChildDomain (20ms)
	RebuildCommonClasses (35ms)
	RebuildNativeTypeToScriptingClass (12ms)
	initialDomainReloadingComplete (46ms)
	LoadAllAssembliesAndSetupDomain (435ms)
		LoadAssemblies (302ms)
		RebuildTransferFunctionScriptingTraits (0ms)
		AnalyzeDomain (227ms)
			TypeCache.Refresh (200ms)
				TypeCache.ScanAssembly (174ms)
			ScanForSourceGeneratedMonoScriptInfo (15ms)
			ResolveRequiredComponents (10ms)
	FinalizeReload (655ms)
		ReleaseScriptCaches (0ms)
		RebuildScriptCaches (0ms)
		SetupLoadedEditorAssemblies (466ms)
			LogAssemblyErrors (0ms)
			InitializePlatformSupportModulesInManaged (31ms)
			SetLoadedEditorAssemblies (4ms)
			RefreshPlugins (0ms)
			BeforeProcessingInitializeOnLoad (60ms)
			ProcessInitializeOnLoadAttributes (331ms)
			ProcessInitializeOnLoadMethodAttributes (31ms)
			AfterProcessingInitializeOnLoad (8ms)
			EditorAssembliesLoaded (0ms)
		ExecutionOrderSort2 (0ms)
		AwakeInstancesAfterBackupRestoration (6ms)
Launched and connected shader compiler UnityShaderCompiler.exe after 0.05 seconds
Refreshing native plugins compatible for Editor in 3.36 ms, found 3 plugins.
Preloading 0 native plugins for Editor in 0.00 ms.
Unloading 3742 Unused Serialized files (Serialized files now loaded: 0)
Unloading 32 unused Assets / (57.1 KB). Loaded Objects now: 4213.
Memory consumption went from 148.6 MB to 148.5 MB.
Total: 3.014200 ms (FindLiveObjects: 0.273600 ms CreateObjectMapping: 0.259200 ms MarkObjects: 2.393700 ms  DeleteObjects: 0.087000 ms)

AssetImportParameters requested are different than current active one (requested -> active):
  custom:container-demuxer-ogg: 62fdf1f143b41e24485cea50d1cbac27 -> 
  custom:video-decoder-ogg-theora: a1e56fd34408186e4bbccfd4996cb3dc -> 
  custom:framework-win-MediaFoundation: 216162199b28c13a410421893ffa2e32 -> 
  custom:CustomObjectIndexerAttribute: 6d391050e5a25f67b0a2c618074f2cd9 -> 
  custom:container-demuxer-webm: 4f35f7cbe854078d1ac9338744f61a02 -> 
  custom:container-muxer-webm: aa71ff27fc2769a1b78a27578f13a17b -> 
  custom:video-decoder-webm-vp8: 9c59270c3fd7afecdb556c50c9e8de78 -> 
  custom:SearchIndexIgnoredProperties: e643bd26f0fe6173181afceb89e7c659 -> 
  custom:AudioImporter_EditorPlatform: d09bf68614088b80899f8185d706f6e7 -> 
  custom:video-encoder-webm-vp8: eb34c28f22e8b96e1ab97ce403110664 -> 
  custom:audio-decoder-ogg-vorbis: bf7c407c2cedff20999df2af8eb42d56 -> 
  custom:audio-encoder-webm-vorbis: bf7c407c2cedff20999df2af8eb42d56 -> 
========================================================================
Received Import Request.
  Time since last request: 702912.856071 seconds.
  path: Assets/RTS Engine/Modules/BasicUI/Prefabs/UI.HoverHealthBar_Big.prefab
  artifactKey: Guid(51be9824492d00544bddece36afdd40d) Importer(815301076,1909f56bfc062723c751e8b465ee728b)
Start importing Assets/RTS Engine/Modules/BasicUI/Prefabs/UI.HoverHealthBar_Big.prefab using Guid(51be9824492d00544bddece36afdd40d) Importer(815301076,1909f56bfc062723c751e8b465ee728b)  -> (artifact id: '07f1256e81ce7feaf90194b0b915984b') in 0.043139 seconds
Number of updated asset objects reloaded before import = 0
Number of asset objects unloaded after import = 18
========================================================================
Received Import Request.
  Time since last request: 3.767472 seconds.
  path: Assets/Resources/Prefabs/yamatan_main_base.prefab
  artifactKey: Guid(0c73e55b4d003b644801c867770b2842) Importer(815301076,1909f56bfc062723c751e8b465ee728b)
Start importing Assets/Resources/Prefabs/yamatan_main_base.prefab using Guid(0c73e55b4d003b644801c867770b2842) Importer(815301076,1909f56bfc062723c751e8b465ee728b)  -> (artifact id: '636155440b319e0f41600f48a89c5129') in 0.403609 seconds
Number of updated asset objects reloaded before import = 0
Number of asset objects unloaded after import = 6382
========================================================================
Received Import Request.
  Time since last request: 4.614605 seconds.
  path: Assets/Resources/Prefabs/yamatan_main_base.prefab
  artifactKey: Guid(0c73e55b4d003b644801c867770b2842) Importer(815301076,1909f56bfc062723c751e8b465ee728b)
Start importing Assets/Resources/Prefabs/yamatan_main_base.prefab using Guid(0c73e55b4d003b644801c867770b2842) Importer(815301076,1909f56bfc062723c751e8b465ee728b)  -> (artifact id: '988a7c27a67dea562784778119506601') in 0.032293 seconds
Number of updated asset objects reloaded before import = 0
Number of asset objects unloaded after import = 91
========================================================================
Received Import Request.
  Time since last request: 13.347627 seconds.
  path: Assets/RTS Engine/Demo/Kenney Assets/_Custom/Prefabs/Hill3 1.prefab
  artifactKey: Guid(8bd3af6cf42185c41b1e56a83caccee4) Importer(815301076,1909f56bfc062723c751e8b465ee728b)
Start importing Assets/RTS Engine/Demo/Kenney Assets/_Custom/Prefabs/Hill3 1.prefab using Guid(8bd3af6cf42185c41b1e56a83caccee4) Importer(815301076,1909f56bfc062723c751e8b465ee728b)  -> (artifact id: '703ba0b696a66b5854477e5fda11b9c9') in 0.014390 seconds
Number of updated asset objects reloaded before import = 0
Number of asset objects unloaded after import = 124
========================================================================
Received Import Request.
  Time since last request: 0.017307 seconds.
  path: Assets/RTS Engine/Demo/Kenney Assets/_Custom/Prefabs/Hill_Rockgroup01.prefab
  artifactKey: Guid(165265fb021196443a4c1cdfd3a5b40f) Importer(815301076,1909f56bfc062723c751e8b465ee728b)
Start importing Assets/RTS Engine/Demo/Kenney Assets/_Custom/Prefabs/Hill_Rockgroup01.prefab using Guid(165265fb021196443a4c1cdfd3a5b40f) Importer(815301076,1909f56bfc062723c751e8b465ee728b)  -> (artifact id: '58135951d677c621ce44b153489d210d') in 0.040048 seconds
Number of updated asset objects reloaded before import = 0
Number of asset objects unloaded after import = 183
========================================================================
Received Import Request.
  Time since last request: 0.000021 seconds.
  path: Assets/RTS Engine/Demo/Kenney Assets/_Custom/Prefabs/Hill04_with_Deco.prefab
  artifactKey: Guid(f636cd54539180140bddf85a5d2b50a0) Importer(815301076,1909f56bfc062723c751e8b465ee728b)
Start importing Assets/RTS Engine/Demo/Kenney Assets/_Custom/Prefabs/Hill04_with_Deco.prefab using Guid(f636cd54539180140bddf85a5d2b50a0) Importer(815301076,1909f56bfc062723c751e8b465ee728b)  -> (artifact id: '143cce3b2b0e222ad9b0da97939c2c5c') in 0.020257 seconds
Number of updated asset objects reloaded before import = 0
Number of asset objects unloaded after import = 33
========================================================================
Received Import Request.
  Time since last request: 0.000018 seconds.
  path: Assets/RTS Engine/Demo/Kenney Assets/_Custom/Prefabs/Island01.prefab
  artifactKey: Guid(4b5ebe2ebdec5f64cb19bf7bc5eb50bf) Importer(815301076,1909f56bfc062723c751e8b465ee728b)
Start importing Assets/RTS Engine/Demo/Kenney Assets/_Custom/Prefabs/Island01.prefab using Guid(4b5ebe2ebdec5f64cb19bf7bc5eb50bf) Importer(815301076,1909f56bfc062723c751e8b465ee728b)  -> (artifact id: '6d46d5af736b923d3db470e61759e538') in 0.011640 seconds
Number of updated asset objects reloaded before import = 0
Number of asset objects unloaded after import = 114
========================================================================
Received Import Request.
  Time since last request: 0.000022 seconds.
  path: Assets/RTS Engine/Demo/Kenney Assets/_Custom/Prefabs/Island03.prefab
  artifactKey: Guid(a4fa56f236fd36745b87d5870f1b2f2d) Importer(815301076,1909f56bfc062723c751e8b465ee728b)
Start importing Assets/RTS Engine/Demo/Kenney Assets/_Custom/Prefabs/Island03.prefab using Guid(a4fa56f236fd36745b87d5870f1b2f2d) Importer(815301076,1909f56bfc062723c751e8b465ee728b)  -> (artifact id: 'c5963cc0bb2bd016241c219bd41cf135') in 0.013883 seconds
Number of updated asset objects reloaded before import = 0
Number of asset objects unloaded after import = 114
Editor requested this worker to shutdown with reason: Scaling down because of idle timeout
TcpMessagingSession - receive error: operation aborted. errorcode: 995, details: The I/O operation has been aborted because of either a thread exit or an application request.
AssetImportWorker is now disconnected from the server
Process exiting
Exiting without the bug reporter. Application will terminate with return code 0