Using pre-set license
Built from '2022.3/release' branch; Version is '2022.3.20f1 (61c2feb0970d) revision 6406910'; Using compiler version '192829333'; Build Type 'Release'
OS: 'Windows 11  (10.0.22631) 64bit Professional' Language: 'en' Physical Memory: 16150 MB
BatchMode: 1, IsHumanControllingUs: 0, StartBugReporterOnCrash: 0, Is64bit: 1, IsPro: 1

COMMAND LINE ARGUMENTS:
C:\Program Files\Unity\Hub\Editor\2022.3.20f1\Editor\Unity.exe
-adb2
-batchMode
-noUpm
-name
AssetImportWorker7
-projectPath
C:/Projects/AD-Combat/My project
-logFile
Logs/AssetImportWorker7.log
-srvPort
14135
Successfully changed project path to: C:/Projects/AD-Combat/My project
C:/Projects/AD-Combat/My project
[UnityMemory] Configuration Parameters - Can be set up in boot.config
    "memorysetup-bucket-allocator-granularity=16"
    "memorysetup-bucket-allocator-bucket-count=8"
    "memorysetup-bucket-allocator-block-size=33554432"
    "memorysetup-bucket-allocator-block-count=8"
    "memorysetup-main-allocator-block-size=16777216"
    "memorysetup-thread-allocator-block-size=16777216"
    "memorysetup-gfx-main-allocator-block-size=16777216"
    "memorysetup-gfx-thread-allocator-block-size=16777216"
    "memorysetup-cache-allocator-block-size=4194304"
    "memorysetup-typetree-allocator-block-size=2097152"
    "memorysetup-profiler-bucket-allocator-granularity=16"
    "memorysetup-profiler-bucket-allocator-bucket-count=8"
    "memorysetup-profiler-bucket-allocator-block-size=33554432"
    "memorysetup-profiler-bucket-allocator-block-count=8"
    "memorysetup-profiler-allocator-block-size=16777216"
    "memorysetup-profiler-editor-allocator-block-size=1048576"
    "memorysetup-temp-allocator-size-main=16777216"
    "memorysetup-job-temp-allocator-block-size=2097152"
    "memorysetup-job-temp-allocator-block-size-background=1048576"
    "memorysetup-job-temp-allocator-reduction-small-platforms=262144"
    "memorysetup-allocator-temp-initial-block-size-main=262144"
    "memorysetup-allocator-temp-initial-block-size-worker=262144"
    "memorysetup-temp-allocator-size-background-worker=32768"
    "memorysetup-temp-allocator-size-job-worker=262144"
    "memorysetup-temp-allocator-size-preload-manager=33554432"
    "memorysetup-temp-allocator-size-nav-mesh-worker=65536"
    "memorysetup-temp-allocator-size-audio-worker=65536"
    "memorysetup-temp-allocator-size-cloud-worker=32768"
    "memorysetup-temp-allocator-size-gi-baking-worker=262144"
    "memorysetup-temp-allocator-size-gfx=262144"
Player connection [47840] Host "[IP] 192.168.2.12 [Port] 0 [Flags] 2 [Guid] 543916173 [EditorId] 543916173 [Version] 1048832 [Id] WindowsEditor(7,VONBiRD) [Debug] 1 [PackageName] WindowsEditor [ProjectName] Editor" joined multi-casting on [225.0.0.222:54997]...

Player connection [47840] Host "[IP] 192.168.2.12 [Port] 0 [Flags] 2 [Guid] 543916173 [EditorId] 543916173 [Version] 1048832 [Id] WindowsEditor(7,VONBiRD) [Debug] 1 [PackageName] WindowsEditor [ProjectName] Editor" joined alternative multi-casting on [225.0.0.222:34997]...

[Physics::Module] Initialized MultithreadedJobDispatcher with 15 workers.
Refreshing native plugins compatible for Editor in 10.10 ms, found 3 plugins.
Preloading 0 native plugins for Editor in 0.00 ms.
Initialize engine version: 2022.3.20f1 (61c2feb0970d)
[Subsystems] Discovering subsystems at path C:/Program Files/Unity/Hub/Editor/2022.3.20f1/Editor/Data/Resources/UnitySubsystems
[Subsystems] Discovering subsystems at path C:/Projects/AD-Combat/My project/Assets
GfxDevice: creating device client; threaded=0; jobified=0
Direct3D:
    Version:  Direct3D 11.0 [level 11.1]
    Renderer: NVIDIA GeForce RTX 3070 Laptop GPU (ID=0x24dd)
    Vendor:   NVIDIA
    VRAM:     8020 MB
    Driver:   31.0.15.5244
Initialize mono
Mono path[0] = 'C:/Program Files/Unity/Hub/Editor/2022.3.20f1/Editor/Data/Managed'
Mono path[1] = 'C:/Program Files/Unity/Hub/Editor/2022.3.20f1/Editor/Data/MonoBleedingEdge/lib/mono/unityjit-win32'
Mono config path = 'C:/Program Files/Unity/Hub/Editor/2022.3.20f1/Editor/Data/MonoBleedingEdge/etc'
Using monoOptions --debugger-agent=transport=dt_socket,embedding=1,server=y,suspend=n,address=127.0.0.1:56076
Begin MonoManager ReloadAssembly
Registering precompiled unity dll's ...
Register platform support module: C:/Program Files/Unity/Hub/Editor/2022.3.20f1/Editor/Data/PlaybackEngines/WebGLSupport/UnityEditor.WebGL.Extensions.dll
Register platform support module: C:/Program Files/Unity/Hub/Editor/2022.3.20f1/Editor/Data/PlaybackEngines/AndroidPlayer/UnityEditor.Android.Extensions.dll
Register platform support module: C:/Program Files/Unity/Hub/Editor/2022.3.20f1/Editor/Data/PlaybackEngines/WindowsStandaloneSupport/UnityEditor.WindowsStandalone.Extensions.dll
Register platform support module: C:/Program Files/Unity/Hub/Editor/2022.3.20f1/Editor/Data/PlaybackEngines/MetroSupport/UnityEditor.UWP.Extensions.dll
Registered in 0.017165 seconds.
- Loaded All Assemblies, in  0.463 seconds
Native extension for UWP target not found
Native extension for WindowsStandalone target not found
Native extension for Android target not found
Android Extension - Scanning For ADB Devices 309 ms
Native extension for WebGL target not found
Mono: successfully reloaded assembly
- Finished resetting the current domain, in  0.669 seconds
Domain Reload Profiling: 1129ms
	BeginReloadAssembly (128ms)
		ExecutionOrderSort (0ms)
		DisableScriptedObjects (0ms)
		BackupInstance (0ms)
		ReleaseScriptingObjects (0ms)
		CreateAndSetChildDomain (1ms)
	RebuildCommonClasses (41ms)
	RebuildNativeTypeToScriptingClass (12ms)
	initialDomainReloadingComplete (88ms)
	LoadAllAssembliesAndSetupDomain (190ms)
		LoadAssemblies (128ms)
		RebuildTransferFunctionScriptingTraits (0ms)
		AnalyzeDomain (184ms)
			TypeCache.Refresh (183ms)
				TypeCache.ScanAssembly (165ms)
			ScanForSourceGeneratedMonoScriptInfo (0ms)
			ResolveRequiredComponents (1ms)
	FinalizeReload (670ms)
		ReleaseScriptCaches (0ms)
		RebuildScriptCaches (0ms)
		SetupLoadedEditorAssemblies (603ms)
			LogAssemblyErrors (0ms)
			InitializePlatformSupportModulesInManaged (437ms)
			SetLoadedEditorAssemblies (4ms)
			RefreshPlugins (0ms)
			BeforeProcessingInitializeOnLoad (2ms)
			ProcessInitializeOnLoadAttributes (116ms)
			ProcessInitializeOnLoadMethodAttributes (45ms)
			AfterProcessingInitializeOnLoad (0ms)
			EditorAssembliesLoaded (0ms)
		ExecutionOrderSort2 (0ms)
		AwakeInstancesAfterBackupRestoration (0ms)
========================================================================
Worker process is ready to serve import requests
Begin MonoManager ReloadAssembly
- Loaded All Assemblies, in  0.704 seconds
Refreshing native plugins compatible for Editor in 3.36 ms, found 3 plugins.
Native extension for UWP target not found
Native extension for WindowsStandalone target not found
Native extension for Android target not found
Native extension for WebGL target not found
Package Manager log level set to [2]
[Package Manager] Server::EnsureServerProcessIsRunning -- launch failed, reason: Unity was launched with the -noUpm command-line argument
[Package Manager] UpmClient::Send -- Unable to send message (not connected to UPM process).
[Package Manager] Cannot connect to Unity Package Manager local server
Mono: successfully reloaded assembly
- Finished resetting the current domain, in  0.641 seconds
Domain Reload Profiling: 1341ms
	BeginReloadAssembly (177ms)
		ExecutionOrderSort (0ms)
		DisableScriptedObjects (7ms)
		BackupInstance (0ms)
		ReleaseScriptingObjects (0ms)
		CreateAndSetChildDomain (22ms)
	RebuildCommonClasses (37ms)
	RebuildNativeTypeToScriptingClass (11ms)
	initialDomainReloadingComplete (42ms)
	LoadAllAssembliesAndSetupDomain (432ms)
		LoadAssemblies (312ms)
		RebuildTransferFunctionScriptingTraits (0ms)
		AnalyzeDomain (220ms)
			TypeCache.Refresh (194ms)
				TypeCache.ScanAssembly (173ms)
			ScanForSourceGeneratedMonoScriptInfo (16ms)
			ResolveRequiredComponents (8ms)
	FinalizeReload (641ms)
		ReleaseScriptCaches (0ms)
		RebuildScriptCaches (0ms)
		SetupLoadedEditorAssemblies (461ms)
			LogAssemblyErrors (0ms)
			InitializePlatformSupportModulesInManaged (26ms)
			SetLoadedEditorAssemblies (3ms)
			RefreshPlugins (0ms)
			BeforeProcessingInitializeOnLoad (63ms)
			ProcessInitializeOnLoadAttributes (339ms)
			ProcessInitializeOnLoadMethodAttributes (23ms)
			AfterProcessingInitializeOnLoad (8ms)
			EditorAssembliesLoaded (0ms)
		ExecutionOrderSort2 (0ms)
		AwakeInstancesAfterBackupRestoration (6ms)
Launched and connected shader compiler UnityShaderCompiler.exe after 0.04 seconds
Refreshing native plugins compatible for Editor in 3.29 ms, found 3 plugins.
Preloading 0 native plugins for Editor in 0.00 ms.
Unloading 3742 Unused Serialized files (Serialized files now loaded: 0)
Unloading 32 unused Assets / (57.1 KB). Loaded Objects now: 4213.
Memory consumption went from 148.6 MB to 148.5 MB.
Total: 3.030000 ms (FindLiveObjects: 0.242900 ms CreateObjectMapping: 0.168300 ms MarkObjects: 2.537600 ms  DeleteObjects: 0.080500 ms)

AssetImportParameters requested are different than current active one (requested -> active):
  custom:container-demuxer-ogg: 62fdf1f143b41e24485cea50d1cbac27 -> 
  custom:video-decoder-ogg-theora: a1e56fd34408186e4bbccfd4996cb3dc -> 
  custom:framework-win-MediaFoundation: 216162199b28c13a410421893ffa2e32 -> 
  custom:CustomObjectIndexerAttribute: 6d391050e5a25f67b0a2c618074f2cd9 -> 
  custom:container-demuxer-webm: 4f35f7cbe854078d1ac9338744f61a02 -> 
  custom:container-muxer-webm: aa71ff27fc2769a1b78a27578f13a17b -> 
  custom:video-decoder-webm-vp8: 9c59270c3fd7afecdb556c50c9e8de78 -> 
  custom:SearchIndexIgnoredProperties: e643bd26f0fe6173181afceb89e7c659 -> 
  custom:AudioImporter_EditorPlatform: d09bf68614088b80899f8185d706f6e7 -> 
  custom:video-encoder-webm-vp8: eb34c28f22e8b96e1ab97ce403110664 -> 
  custom:audio-decoder-ogg-vorbis: bf7c407c2cedff20999df2af8eb42d56 -> 
  custom:audio-encoder-webm-vorbis: bf7c407c2cedff20999df2af8eb42d56 -> 
========================================================================
Received Import Request.
  Time since last request: 702912.856635 seconds.
  path: Assets/RTS Engine/Modules/BasicUI/Prefabs/UI.HoverHealthBar_Small.prefab
  artifactKey: Guid(1f9bf047d20e2904a8583c543ecc7f2f) Importer(815301076,1909f56bfc062723c751e8b465ee728b)
Start importing Assets/RTS Engine/Modules/BasicUI/Prefabs/UI.HoverHealthBar_Small.prefab using Guid(1f9bf047d20e2904a8583c543ecc7f2f) Importer(815301076,1909f56bfc062723c751e8b465ee728b)  -> (artifact id: '4e521b90eaad7c141dafdd26d646279c') in 0.043561 seconds
Number of updated asset objects reloaded before import = 0
Number of asset objects unloaded after import = 35
========================================================================
Received Import Request.
  Time since last request: 22.189770 seconds.
  path: Assets/RTS Engine/Demo/Kenney Assets/_Custom/Prefabs/Hill04.prefab
  artifactKey: Guid(af0ee0a5ad921e840bd73082b2c853a8) Importer(815301076,1909f56bfc062723c751e8b465ee728b)
Start importing Assets/RTS Engine/Demo/Kenney Assets/_Custom/Prefabs/Hill04.prefab using Guid(af0ee0a5ad921e840bd73082b2c853a8) Importer(815301076,1909f56bfc062723c751e8b465ee728b)  -> (artifact id: '2ace480cfa33b035733a3958d7d8c1c9') in 0.065896 seconds
Number of updated asset objects reloaded before import = 0
Number of asset objects unloaded after import = 10
========================================================================
Received Import Request.
  Time since last request: 0.000041 seconds.
  path: Assets/RTS Engine/Demo/Kenney Assets/_Custom/Prefabs/HILL_TREE_Group_small_pines01.prefab
  artifactKey: Guid(3d391fd007759824b952fc68eb7d328c) Importer(815301076,1909f56bfc062723c751e8b465ee728b)
Start importing Assets/RTS Engine/Demo/Kenney Assets/_Custom/Prefabs/HILL_TREE_Group_small_pines01.prefab using Guid(3d391fd007759824b952fc68eb7d328c) Importer(815301076,1909f56bfc062723c751e8b465ee728b)  -> (artifact id: '8adf4b7bf9acc120db50ad41777652de') in 0.013083 seconds
Number of updated asset objects reloaded before import = 0
Number of asset objects unloaded after import = 53
========================================================================
Received Import Request.
  Time since last request: 0.000022 seconds.
  path: Assets/RTS Engine/Demo/Kenney Assets/_Custom/Prefabs/Island.prefab
  artifactKey: Guid(655212a76f24d4d4792729a33ea372d7) Importer(815301076,1909f56bfc062723c751e8b465ee728b)
Start importing Assets/RTS Engine/Demo/Kenney Assets/_Custom/Prefabs/Island.prefab using Guid(655212a76f24d4d4792729a33ea372d7) Importer(815301076,1909f56bfc062723c751e8b465ee728b)  -> (artifact id: 'feb1f6b788659805a3f09c09c5995668') in 0.013742 seconds
Number of updated asset objects reloaded before import = 0
Number of asset objects unloaded after import = 65
========================================================================
Received Import Request.
  Time since last request: 0.000013 seconds.
  path: Assets/RTS Engine/Demo/Kenney Assets/_Custom/Prefabs/HILL_TREE_Edge_of_Pineforest.prefab
  artifactKey: Guid(d3dc98bc86cf0234ca95eeba4b0f9271) Importer(815301076,1909f56bfc062723c751e8b465ee728b)
Start importing Assets/RTS Engine/Demo/Kenney Assets/_Custom/Prefabs/HILL_TREE_Edge_of_Pineforest.prefab using Guid(d3dc98bc86cf0234ca95eeba4b0f9271) Importer(815301076,1909f56bfc062723c751e8b465ee728b)  -> (artifact id: 'be92aee5765b853bfbda0b38f253717c') in 0.033038 seconds
Number of updated asset objects reloaded before import = 0
Number of asset objects unloaded after import = 347
========================================================================
Received Import Request.
  Time since last request: 216.362805 seconds.
  path: Assets/RTS Engine/Demo/Kenney Assets/Pirate Kit/Models/FBX format/Materials/textileRed.mat
  artifactKey: Guid(0c40f736666c5e543b7edc11b2cea71a) Importer(815301076,1909f56bfc062723c751e8b465ee728b)
Start importing Assets/RTS Engine/Demo/Kenney Assets/Pirate Kit/Models/FBX format/Materials/textileRed.mat using Guid(0c40f736666c5e543b7edc11b2cea71a) Importer(815301076,1909f56bfc062723c751e8b465ee728b)  -> (artifact id: '621f684c6527a91a941bc476b103b976') in 0.031039 seconds
Number of updated asset objects reloaded before import = 0
Number of asset objects unloaded after import = 1
========================================================================
Received Import Request.
  Time since last request: 48.190378 seconds.
  path: Assets/RTS Engine/Demo/Kenney Assets/Medieval Town (base)/Materials/Mesh1_Wood_Wall_ModelMat.mat
  artifactKey: Guid(60bd1be678d23434aa9e877b530132a4) Importer(815301076,1909f56bfc062723c751e8b465ee728b)
Start importing Assets/RTS Engine/Demo/Kenney Assets/Medieval Town (base)/Materials/Mesh1_Wood_Wall_ModelMat.mat using Guid(60bd1be678d23434aa9e877b530132a4) Importer(815301076,1909f56bfc062723c751e8b465ee728b)  -> (artifact id: 'e1b2bcaf90b379cf9124ec350d9f9c7d') in 0.007798 seconds
Number of updated asset objects reloaded before import = 0
Number of asset objects unloaded after import = 1
========================================================================
Received Import Request.
  Time since last request: 0.012010 seconds.
  path: Assets/RTS Engine/Demo/Kenney Assets/Medieval Town (base)/Materials/Mesh1_Wood_Window_Narrow_ModelMat.mat
  artifactKey: Guid(c3d7bb73783f35941b049c102e221ea8) Importer(815301076,1909f56bfc062723c751e8b465ee728b)
Start importing Assets/RTS Engine/Demo/Kenney Assets/Medieval Town (base)/Materials/Mesh1_Wood_Window_Narrow_ModelMat.mat using Guid(c3d7bb73783f35941b049c102e221ea8) Importer(815301076,1909f56bfc062723c751e8b465ee728b)  -> (artifact id: '4a7fece5046e2f8c47f41fd2a00318dc') in 0.006685 seconds
Number of updated asset objects reloaded before import = 0
Number of asset objects unloaded after import = 1
========================================================================
Received Import Request.
  Time since last request: 0.011478 seconds.
  path: Assets/RTS Engine/Demo/Kenney Assets/Medieval Town (base)/Materials/Mesh1_Wood_Window_Square_Sill_ModelMat.mat
  artifactKey: Guid(ca16cf34b9c0b124e8d5c014a2903898) Importer(815301076,1909f56bfc062723c751e8b465ee728b)
Start importing Assets/RTS Engine/Demo/Kenney Assets/Medieval Town (base)/Materials/Mesh1_Wood_Window_Square_Sill_ModelMat.mat using Guid(ca16cf34b9c0b124e8d5c014a2903898) Importer(815301076,1909f56bfc062723c751e8b465ee728b)  -> (artifact id: 'ac83215a19c33209e4adce9f68e40dc6') in 0.008769 seconds
Number of updated asset objects reloaded before import = 0
Number of asset objects unloaded after import = 1
========================================================================
Received Import Request.
  Time since last request: 0.000017 seconds.
  path: Assets/RTS Engine/Demo/Kenney Assets/_Custom/Materials/metal.mat
  artifactKey: Guid(3683da1fdd020614388a57f70b8b8bf0) Importer(815301076,1909f56bfc062723c751e8b465ee728b)
Start importing Assets/RTS Engine/Demo/Kenney Assets/_Custom/Materials/metal.mat using Guid(3683da1fdd020614388a57f70b8b8bf0) Importer(815301076,1909f56bfc062723c751e8b465ee728b)  -> (artifact id: 'de60ef7a16f53b5e4d74ce40ffdfbd88') in 0.011243 seconds
Number of updated asset objects reloaded before import = 0
Number of asset objects unloaded after import = 1
========================================================================
Received Import Request.
  Time since last request: 0.000015 seconds.
  path: Assets/RTS Engine/Demo/Kenney Assets/Medieval Town (base)/Materials/Mesh1_Wood_Window_Round_ModelMat.mat
  artifactKey: Guid(5d60a264efe5e2f429e60f722f12f85b) Importer(815301076,1909f56bfc062723c751e8b465ee728b)
Start importing Assets/RTS Engine/Demo/Kenney Assets/Medieval Town (base)/Materials/Mesh1_Wood_Window_Round_ModelMat.mat using Guid(5d60a264efe5e2f429e60f722f12f85b) Importer(815301076,1909f56bfc062723c751e8b465ee728b)  -> (artifact id: '98f8fb6d09574c21ef8442675736b87e') in 0.009447 seconds
Number of updated asset objects reloaded before import = 0
Number of asset objects unloaded after import = 1
========================================================================
Received Import Request.
  Time since last request: 0.000019 seconds.
  path: Assets/RTS Engine/Demo/Kenney Assets/Medieval Town (base)/Materials/Mesh1_Wood_Window_Square_ModelMat.mat
  artifactKey: Guid(0e2203ff92f4fcf478802c7eb1a9b10c) Importer(815301076,1909f56bfc062723c751e8b465ee728b)
Start importing Assets/RTS Engine/Demo/Kenney Assets/Medieval Town (base)/Materials/Mesh1_Wood_Window_Square_ModelMat.mat using Guid(0e2203ff92f4fcf478802c7eb1a9b10c) Importer(815301076,1909f56bfc062723c751e8b465ee728b)  -> (artifact id: 'f1175f800dbe33873648b2d132f717a8') in 0.009311 seconds
Number of updated asset objects reloaded before import = 0
Number of asset objects unloaded after import = 1
========================================================================
Received Import Request.
  Time since last request: 0.000039 seconds.
  path: Assets/TextMesh Pro/Examples & Extras/Materials/Small Crate_diffuse.mat
  artifactKey: Guid(22262639920f43d6be32430e4e58350d) Importer(815301076,1909f56bfc062723c751e8b465ee728b)
Start importing Assets/TextMesh Pro/Examples & Extras/Materials/Small Crate_diffuse.mat using Guid(22262639920f43d6be32430e4e58350d) Importer(815301076,1909f56bfc062723c751e8b465ee728b)  -> (artifact id: 'e4577dd20344964f66f87e7eea157471') in 0.153991 seconds
Number of updated asset objects reloaded before import = 0
Number of asset objects unloaded after import = 3
========================================================================
Received Import Request.
  Time since last request: 0.140539 seconds.
  path: Assets/RTS Engine/Demo/Kenney Assets/Medieval Town (base)/Materials/Mesh1_Plate_Pavement_ModelMat.mat
  artifactKey: Guid(059284c1a567d314aa0044b7fab1b01f) Importer(815301076,1909f56bfc062723c751e8b465ee728b)
Start importing Assets/RTS Engine/Demo/Kenney Assets/Medieval Town (base)/Materials/Mesh1_Plate_Pavement_ModelMat.mat using Guid(059284c1a567d314aa0044b7fab1b01f) Importer(815301076,1909f56bfc062723c751e8b465ee728b)  -> (artifact id: 'b4e9fab542f90c76386826c9b7fb7452') in 0.008326 seconds
Number of updated asset objects reloaded before import = 0
Number of asset objects unloaded after import = 1
========================================================================
Received Import Request.
  Time since last request: 0.000011 seconds.
  path: Assets/RTS Engine/Demo/Kenney Assets/Medieval Town (base)/Materials/Mesh1_Roof_Inner_Corner_Green_ModelMat.mat
  artifactKey: Guid(e60310a9b3eae3944940acaffaaa1177) Importer(815301076,1909f56bfc062723c751e8b465ee728b)
Start importing Assets/RTS Engine/Demo/Kenney Assets/Medieval Town (base)/Materials/Mesh1_Roof_Inner_Corner_Green_ModelMat.mat using Guid(e60310a9b3eae3944940acaffaaa1177) Importer(815301076,1909f56bfc062723c751e8b465ee728b)  -> (artifact id: '1b9ead3ee8cbc425c09cc9e01d7be4f3') in 0.007815 seconds
Number of updated asset objects reloaded before import = 0
Number of asset objects unloaded after import = 1
========================================================================
Received Import Request.
  Time since last request: 0.000010 seconds.
  path: Assets/RTS Engine/Demo/Kenney Assets/Medieval Town (base)/Materials/Mesh1_Wood_Door_ModelMat.mat
  artifactKey: Guid(d65e971b320f4f7459e79cd3e2290919) Importer(815301076,1909f56bfc062723c751e8b465ee728b)
Start importing Assets/RTS Engine/Demo/Kenney Assets/Medieval Town (base)/Materials/Mesh1_Wood_Door_ModelMat.mat using Guid(d65e971b320f4f7459e79cd3e2290919) Importer(815301076,1909f56bfc062723c751e8b465ee728b)  -> (artifact id: '62d633f0de22f0eec1e2ebac447e41a8') in 0.006718 seconds
Number of updated asset objects reloaded before import = 0
Number of asset objects unloaded after import = 1
========================================================================
Received Import Request.
  Time since last request: 0.000011 seconds.
  path: Assets/RTS Engine/Demo/Kenney Assets/Medieval Town (base)/Materials/Mesh1_Shield_Red_ModelMat.mat
  artifactKey: Guid(94d570981d15e994493a9d50b4912dbe) Importer(815301076,1909f56bfc062723c751e8b465ee728b)
Start importing Assets/RTS Engine/Demo/Kenney Assets/Medieval Town (base)/Materials/Mesh1_Shield_Red_ModelMat.mat using Guid(94d570981d15e994493a9d50b4912dbe) Importer(815301076,1909f56bfc062723c751e8b465ee728b)  -> (artifact id: '4539944bd1293e0df111b5c11d63b113') in 0.007236 seconds
Number of updated asset objects reloaded before import = 0
Number of asset objects unloaded after import = 1
========================================================================
Received Import Request.
  Time since last request: 0.000012 seconds.
  path: Assets/RTS Engine/Demo/Kenney Assets/Medieval Town (base)/Materials/Mesh1_Wood_Railing_ModelMat.mat
  artifactKey: Guid(a8a809e25d367d747bbfef68e6bdff36) Importer(815301076,1909f56bfc062723c751e8b465ee728b)
Start importing Assets/RTS Engine/Demo/Kenney Assets/Medieval Town (base)/Materials/Mesh1_Wood_Railing_ModelMat.mat using Guid(a8a809e25d367d747bbfef68e6bdff36) Importer(815301076,1909f56bfc062723c751e8b465ee728b)  -> (artifact id: '3f6ba9a1c4f833bdc7e2633ba6b236d0') in 0.006377 seconds
Number of updated asset objects reloaded before import = 0
Number of asset objects unloaded after import = 1
========================================================================
Received Import Request.
  Time since last request: 0.000013 seconds.
  path: Assets/RTS Engine/Demo/Kenney Assets/Medieval Town (base)/Materials/Mesh1_Shield_Green_ModelMat.mat
  artifactKey: Guid(ae9a10bfd32066b48b192c1e933d38d8) Importer(815301076,1909f56bfc062723c751e8b465ee728b)
Start importing Assets/RTS Engine/Demo/Kenney Assets/Medieval Town (base)/Materials/Mesh1_Shield_Green_ModelMat.mat using Guid(ae9a10bfd32066b48b192c1e933d38d8) Importer(815301076,1909f56bfc062723c751e8b465ee728b)  -> (artifact id: 'c9771dc0bef7de595177a63fe49466f5') in 0.007589 seconds
Number of updated asset objects reloaded before import = 0
Number of asset objects unloaded after import = 1
========================================================================
Received Import Request.
  Time since last request: 0.000016 seconds.
  path: Assets/RTS Engine/Demo/Kenney Assets/Medieval Town (base)/Materials/Mesh1_Plate_Wood_ModelMat.mat
  artifactKey: Guid(ed16878c058369440ac92edf342ac999) Importer(815301076,1909f56bfc062723c751e8b465ee728b)
Start importing Assets/RTS Engine/Demo/Kenney Assets/Medieval Town (base)/Materials/Mesh1_Plate_Wood_ModelMat.mat using Guid(ed16878c058369440ac92edf342ac999) Importer(815301076,1909f56bfc062723c751e8b465ee728b)  -> (artifact id: '70a6b6f709136c2b763aca0bbf92c761') in 0.007110 seconds
Number of updated asset objects reloaded before import = 0
Number of asset objects unloaded after import = 1
========================================================================
Received Import Request.
  Time since last request: 0.000052 seconds.
  path: Assets/RTS Engine/Demo/Kenney Assets/Medieval Town (base)/Materials/Mesh1_Stairs_Stone_ModelMat.mat
  artifactKey: Guid(ba4568388f1cd4445a906de5f30db4c5) Importer(815301076,1909f56bfc062723c751e8b465ee728b)
Start importing Assets/RTS Engine/Demo/Kenney Assets/Medieval Town (base)/Materials/Mesh1_Stairs_Stone_ModelMat.mat using Guid(ba4568388f1cd4445a906de5f30db4c5) Importer(815301076,1909f56bfc062723c751e8b465ee728b)  -> (artifact id: 'd363b37c5b44ae5e34c0f712ed68c3ab') in 0.006376 seconds
Number of updated asset objects reloaded before import = 0
Number of asset objects unloaded after import = 1
========================================================================
Received Import Request.
  Time since last request: 0.000014 seconds.
  path: Assets/RTS Engine/Demo/Kenney Assets/Medieval Town (base)/Materials/Mesh1_Wood_Border_Wall_ModelMat.mat
  artifactKey: Guid(d435ccd55e88aaa4aa08c9d8cbb782be) Importer(815301076,1909f56bfc062723c751e8b465ee728b)
Start importing Assets/RTS Engine/Demo/Kenney Assets/Medieval Town (base)/Materials/Mesh1_Wood_Border_Wall_ModelMat.mat using Guid(d435ccd55e88aaa4aa08c9d8cbb782be) Importer(815301076,1909f56bfc062723c751e8b465ee728b)  -> (artifact id: '221d40eca2e915601e6525cee35a3cc8') in 0.006231 seconds
Number of updated asset objects reloaded before import = 0
Number of asset objects unloaded after import = 1
========================================================================
Received Import Request.
  Time since last request: 0.000017 seconds.
  path: Assets/RTS Engine/Demo/Kenney Assets/Medieval Town (base)/Materials/Mesh1_Roof_Point_Red_ModelMat.mat
  artifactKey: Guid(1b9eaeafcb9c8b241826c1ee032cc4b0) Importer(815301076,1909f56bfc062723c751e8b465ee728b)
Start importing Assets/RTS Engine/Demo/Kenney Assets/Medieval Town (base)/Materials/Mesh1_Roof_Point_Red_ModelMat.mat using Guid(1b9eaeafcb9c8b241826c1ee032cc4b0) Importer(815301076,1909f56bfc062723c751e8b465ee728b)  -> (artifact id: '4f8084e86f7d6892b776652fcca18830') in 0.010440 seconds
Number of updated asset objects reloaded before import = 0
Number of asset objects unloaded after import = 1
========================================================================
Received Import Request.
  Time since last request: 0.000016 seconds.
  path: Assets/RTS Engine/Demo/Kenney Assets/Medieval Town (base)/Materials/Mesh1_Wood_Small_Wall_ModelMat.mat
  artifactKey: Guid(ead07bcdc01c3e44480a4c72017af157) Importer(815301076,1909f56bfc062723c751e8b465ee728b)
Start importing Assets/RTS Engine/Demo/Kenney Assets/Medieval Town (base)/Materials/Mesh1_Wood_Small_Wall_ModelMat.mat using Guid(ead07bcdc01c3e44480a4c72017af157) Importer(815301076,1909f56bfc062723c751e8b465ee728b)  -> (artifact id: '00295f39cfb56afcd76e1e178fc9904b') in 0.006894 seconds
Number of updated asset objects reloaded before import = 0
Number of asset objects unloaded after import = 1
========================================================================
Received Import Request.
  Time since last request: 0.000030 seconds.
  path: Assets/RTS Engine/Demo/Kenney Assets/Medieval Town (base)/Materials/Mesh1_Roof_Corner_Red_ModelMat.mat
  artifactKey: Guid(b9007e0d70c820b48b25f8e141615b4a) Importer(815301076,1909f56bfc062723c751e8b465ee728b)
Start importing Assets/RTS Engine/Demo/Kenney Assets/Medieval Town (base)/Materials/Mesh1_Roof_Corner_Red_ModelMat.mat using Guid(b9007e0d70c820b48b25f8e141615b4a) Importer(815301076,1909f56bfc062723c751e8b465ee728b)  -> (artifact id: 'cdc630cb6f73d9a6ba27539ae4e82205') in 0.007908 seconds
Number of updated asset objects reloaded before import = 0
Number of asset objects unloaded after import = 1
========================================================================
Received Import Request.
  Time since last request: 0.000057 seconds.
  path: Assets/RTS Engine/Demo/Kenney Assets/Medieval Town (base)/Materials/Mesh1_Wood_Broken_Wall_ModelMat.mat
  artifactKey: Guid(c39d3ded85838394da4eed39c7872b95) Importer(815301076,1909f56bfc062723c751e8b465ee728b)
Start importing Assets/RTS Engine/Demo/Kenney Assets/Medieval Town (base)/Materials/Mesh1_Wood_Broken_Wall_ModelMat.mat using Guid(c39d3ded85838394da4eed39c7872b95) Importer(815301076,1909f56bfc062723c751e8b465ee728b)  -> (artifact id: '3bce5dd3dfad2f1225215ea6c742d1a9') in 0.006649 seconds
Number of updated asset objects reloaded before import = 0
Number of asset objects unloaded after import = 1
========================================================================
Received Import Request.
  Time since last request: 0.000014 seconds.
  path: Assets/RTS Engine/Demo/Kenney Assets/Medieval Town (base)/Materials/Mesh1_Wood_Slanted_Pole_ModelMat.mat
  artifactKey: Guid(a789804945121194f80896c0f08a7172) Importer(815301076,1909f56bfc062723c751e8b465ee728b)
Start importing Assets/RTS Engine/Demo/Kenney Assets/Medieval Town (base)/Materials/Mesh1_Wood_Slanted_Pole_ModelMat.mat using Guid(a789804945121194f80896c0f08a7172) Importer(815301076,1909f56bfc062723c751e8b465ee728b)  -> (artifact id: 'a211b97100a8f4b4dd55369495a6c79e') in 0.006660 seconds
Number of updated asset objects reloaded before import = 0
Number of asset objects unloaded after import = 1
========================================================================
Received Import Request.
  Time since last request: 0.000040 seconds.
  path: Assets/RTS Engine/Demo/Kenney Assets/Medieval Town (base)/Materials/Mesh1_Plate_Road_ModelMat.mat
  artifactKey: Guid(ce640f4b7a250be4792efa8631f34147) Importer(815301076,1909f56bfc062723c751e8b465ee728b)
Start importing Assets/RTS Engine/Demo/Kenney Assets/Medieval Town (base)/Materials/Mesh1_Plate_Road_ModelMat.mat using Guid(ce640f4b7a250be4792efa8631f34147) Importer(815301076,1909f56bfc062723c751e8b465ee728b)  -> (artifact id: '843d859e4182882408ab36d23d66ce6f') in 0.006956 seconds
Number of updated asset objects reloaded before import = 0
Number of asset objects unloaded after import = 1
========================================================================
Received Import Request.
  Time since last request: 0.000014 seconds.
  path: Assets/RTS Engine/Demo/Kenney Assets/Medieval Town (base)/Materials/Mesh1_Wood_Door_Square_ModelMat.mat
  artifactKey: Guid(1eaf91bb111479447a8d2c0719dfd81d) Importer(815301076,1909f56bfc062723c751e8b465ee728b)
Start importing Assets/RTS Engine/Demo/Kenney Assets/Medieval Town (base)/Materials/Mesh1_Wood_Door_Square_ModelMat.mat using Guid(1eaf91bb111479447a8d2c0719dfd81d) Importer(815301076,1909f56bfc062723c751e8b465ee728b)  -> (artifact id: '50b5525c29aa5af488ea98d04a98c698') in 0.006129 seconds
Number of updated asset objects reloaded before import = 0
Number of asset objects unloaded after import = 1
========================================================================
Received Import Request.
  Time since last request: 0.000012 seconds.
  path: Assets/RTS Engine/Demo/Kenney Assets/Medieval Town (base)/Materials/Mesh1_Roof_Slant_Green_ModelMat.mat
  artifactKey: Guid(32cb8ee9b98de3a4d93e5575a4654d3d) Importer(815301076,1909f56bfc062723c751e8b465ee728b)
Start importing Assets/RTS Engine/Demo/Kenney Assets/Medieval Town (base)/Materials/Mesh1_Roof_Slant_Green_ModelMat.mat using Guid(32cb8ee9b98de3a4d93e5575a4654d3d) Importer(815301076,1909f56bfc062723c751e8b465ee728b)  -> (artifact id: '8433fd9a6a43ed79c2ae52ca3360f22d') in 0.006836 seconds
Number of updated asset objects reloaded before import = 0
Number of asset objects unloaded after import = 1
========================================================================
Received Import Request.
  Time since last request: 0.000017 seconds.
  path: Assets/RTS Engine/Demo/Kenney Assets/Medieval Town (base)/Materials/Mesh1_Roof_Point_Green_ModelMat.mat
  artifactKey: Guid(628de8bad8900dc4b9561d844338642f) Importer(815301076,1909f56bfc062723c751e8b465ee728b)
Start importing Assets/RTS Engine/Demo/Kenney Assets/Medieval Town (base)/Materials/Mesh1_Roof_Point_Green_ModelMat.mat using Guid(628de8bad8900dc4b9561d844338642f) Importer(815301076,1909f56bfc062723c751e8b465ee728b)  -> (artifact id: 'e09cd0e6b0460d1541baffd6a8928b7a') in 0.005998 seconds
Number of updated asset objects reloaded before import = 0
Number of asset objects unloaded after import = 1
========================================================================
Received Import Request.
  Time since last request: 0.154984 seconds.
  path: Assets/RTS Engine/Demo/Kenney Assets/Medieval Town (base)/Materials/Mesh1_Grey_Triangle_ModelMat.mat
  artifactKey: Guid(afe9cd3708e481c479606b470af52412) Importer(815301076,1909f56bfc062723c751e8b465ee728b)
Start importing Assets/RTS Engine/Demo/Kenney Assets/Medieval Town (base)/Materials/Mesh1_Grey_Triangle_ModelMat.mat using Guid(afe9cd3708e481c479606b470af52412) Importer(815301076,1909f56bfc062723c751e8b465ee728b)  -> (artifact id: '6f30300745ea1a4dc37ed9809dc72a78') in 0.019799 seconds
Number of updated asset objects reloaded before import = 0
Number of asset objects unloaded after import = 1
========================================================================
Received Import Request.
  Time since last request: 0.000033 seconds.
  path: Assets/RTS Engine/Demo/Kenney Assets/Medieval Town (base)/Materials/Mesh1_Grey_Wall_ModelMat.mat
  artifactKey: Guid(66378c0bc8e39844c9bb40c7b60aea35) Importer(815301076,1909f56bfc062723c751e8b465ee728b)
Start importing Assets/RTS Engine/Demo/Kenney Assets/Medieval Town (base)/Materials/Mesh1_Grey_Wall_ModelMat.mat using Guid(66378c0bc8e39844c9bb40c7b60aea35) Importer(815301076,1909f56bfc062723c751e8b465ee728b)  -> (artifact id: 'b7ecbb68e0027c177ef7f72da9829cd6') in 0.006984 seconds
Number of updated asset objects reloaded before import = 0
Number of asset objects unloaded after import = 1
========================================================================
Received Import Request.
  Time since last request: 0.000035 seconds.
  path: Assets/RTS Engine/Demo/Kenney Assets/Medieval Town (base)/Materials/Mesh1_Grey_Window_Round_ModelMat.mat
  artifactKey: Guid(0334d2ca260f4be4d99b5d3031c3251e) Importer(815301076,1909f56bfc062723c751e8b465ee728b)
Start importing Assets/RTS Engine/Demo/Kenney Assets/Medieval Town (base)/Materials/Mesh1_Grey_Window_Round_ModelMat.mat using Guid(0334d2ca260f4be4d99b5d3031c3251e) Importer(815301076,1909f56bfc062723c751e8b465ee728b)  -> (artifact id: '5e4cec5a186f30949e5f2d9294d11cee') in 0.006222 seconds
Number of updated asset objects reloaded before import = 0
Number of asset objects unloaded after import = 1
========================================================================
Received Import Request.
  Time since last request: 0.000015 seconds.
  path: Assets/RTS Engine/Demo/Kenney Assets/Medieval Town (base)/Materials/Mesh1_Iron_Door_ModelMat.mat
  artifactKey: Guid(a3a1a23f1b3473a42a68e42f993f595a) Importer(815301076,1909f56bfc062723c751e8b465ee728b)
Start importing Assets/RTS Engine/Demo/Kenney Assets/Medieval Town (base)/Materials/Mesh1_Iron_Door_ModelMat.mat using Guid(a3a1a23f1b3473a42a68e42f993f595a) Importer(815301076,1909f56bfc062723c751e8b465ee728b)  -> (artifact id: '46a911444ccbe176d2d8f9826c76f433') in 0.006867 seconds
Number of updated asset objects reloaded before import = 0
Number of asset objects unloaded after import = 1
========================================================================
Received Import Request.
  Time since last request: 0.000013 seconds.
  path: Assets/RTS Engine/Demo/Kenney Assets/Medieval Town (base)/Materials/Mesh1_Grey_Window_Round_Long_ModelMat.mat
  artifactKey: Guid(dfd4d18c8c8d1364580027e12aa672ea) Importer(815301076,1909f56bfc062723c751e8b465ee728b)
Start importing Assets/RTS Engine/Demo/Kenney Assets/Medieval Town (base)/Materials/Mesh1_Grey_Window_Round_Long_ModelMat.mat using Guid(dfd4d18c8c8d1364580027e12aa672ea) Importer(815301076,1909f56bfc062723c751e8b465ee728b)  -> (artifact id: '8c8d327a4dd1d84eceaa207b278e3104') in 0.007046 seconds
Number of updated asset objects reloaded before import = 0
Number of asset objects unloaded after import = 1
========================================================================
Received Import Request.
  Time since last request: 0.307922 seconds.
  path: Assets/Art_Assets/Units/Unit_KomodoWarrior/Textures_Komodo/Material_KomodoWarrior.mat
  artifactKey: Guid(1a336072dccf9614eb7ac3e31de03079) Importer(815301076,1909f56bfc062723c751e8b465ee728b)
Start importing Assets/Art_Assets/Units/Unit_KomodoWarrior/Textures_Komodo/Material_KomodoWarrior.mat using Guid(1a336072dccf9614eb7ac3e31de03079) Importer(815301076,1909f56bfc062723c751e8b465ee728b)  -> (artifact id: '6be70d80fa0635c85515b59cc294eb17') in 0.014115 seconds
Number of updated asset objects reloaded before import = 0
Number of asset objects unloaded after import = 1
========================================================================
Received Import Request.
  Time since last request: 0.000017 seconds.
  path: Assets/Art_Assets/Units/Unit_NaloxianBowman/Texture_NaloxBow/Material_NaloxianBow.mat
  artifactKey: Guid(ab6e5c345d15d274a8b04f2c45bba815) Importer(815301076,1909f56bfc062723c751e8b465ee728b)
Start importing Assets/Art_Assets/Units/Unit_NaloxianBowman/Texture_NaloxBow/Material_NaloxianBow.mat using Guid(ab6e5c345d15d274a8b04f2c45bba815) Importer(815301076,1909f56bfc062723c751e8b465ee728b)  -> (artifact id: '04fafcf7a8f54f2f5afc879bff5c1700') in 0.007891 seconds
Number of updated asset objects reloaded before import = 0
Number of asset objects unloaded after import = 1
Editor requested this worker to shutdown with reason: Scaling down because of idle timeout
TcpMessagingSession - receive error: operation aborted. errorcode: 995, details: The I/O operation has been aborted because of either a thread exit or an application request.
AssetImportWorker is now disconnected from the server
Process exiting
Exiting without the bug reporter. Application will terminate with return code 0