Using pre-set license
Built from '2022.3/release' branch; Version is '2022.3.20f1 (61c2feb0970d) revision 6406910'; Using compiler version '192829333'; Build Type 'Release'
OS: 'Windows 11  (10.0.22631) 64bit Professional' Language: 'en' Physical Memory: 16150 MB
BatchMode: 1, IsHumanControllingUs: 0, StartBugReporterOnCrash: 0, Is64bit: 1, IsPro: 1

COMMAND LINE ARGUMENTS:
C:\Program Files\Unity\Hub\Editor\2022.3.20f1\Editor\Unity.exe
-adb2
-batchMode
-noUpm
-name
AssetImportWorker1
-projectPath
C:/Projects/AD-Combat/My project
-logFile
Logs/AssetImportWorker1.log
-srvPort
9666
Successfully changed project path to: C:/Projects/AD-Combat/My project
C:/Projects/AD-Combat/My project
[UnityMemory] Configuration Parameters - Can be set up in boot.config
    "memorysetup-bucket-allocator-granularity=16"
    "memorysetup-bucket-allocator-bucket-count=8"
    "memorysetup-bucket-allocator-block-size=33554432"
    "memorysetup-bucket-allocator-block-count=8"
    "memorysetup-main-allocator-block-size=16777216"
    "memorysetup-thread-allocator-block-size=16777216"
    "memorysetup-gfx-main-allocator-block-size=16777216"
    "memorysetup-gfx-thread-allocator-block-size=16777216"
    "memorysetup-cache-allocator-block-size=4194304"
    "memorysetup-typetree-allocator-block-size=2097152"
    "memorysetup-profiler-bucket-allocator-granularity=16"
    "memorysetup-profiler-bucket-allocator-bucket-count=8"
    "memorysetup-profiler-bucket-allocator-block-size=33554432"
    "memorysetup-profiler-bucket-allocator-block-count=8"
    "memorysetup-profiler-allocator-block-size=16777216"
    "memorysetup-profiler-editor-allocator-block-size=1048576"
    "memorysetup-temp-allocator-size-main=16777216"
    "memorysetup-job-temp-allocator-block-size=2097152"
    "memorysetup-job-temp-allocator-block-size-background=1048576"
    "memorysetup-job-temp-allocator-reduction-small-platforms=262144"
    "memorysetup-allocator-temp-initial-block-size-main=262144"
    "memorysetup-allocator-temp-initial-block-size-worker=262144"
    "memorysetup-temp-allocator-size-background-worker=32768"
    "memorysetup-temp-allocator-size-job-worker=262144"
    "memorysetup-temp-allocator-size-preload-manager=33554432"
    "memorysetup-temp-allocator-size-nav-mesh-worker=65536"
    "memorysetup-temp-allocator-size-audio-worker=65536"
    "memorysetup-temp-allocator-size-cloud-worker=32768"
    "memorysetup-temp-allocator-size-gi-baking-worker=262144"
    "memorysetup-temp-allocator-size-gfx=262144"
Player connection [15228] Host "[IP] 192.168.2.12 [Port] 0 [Flags] 2 [Guid] 2036383024 [EditorId] 2036383024 [Version] 1048832 [Id] WindowsEditor(7,VONBiRD) [Debug] 1 [PackageName] WindowsEditor [ProjectName] Editor" joined multi-casting on [225.0.0.222:54997]...

Player connection [15228] Host "[IP] 192.168.2.12 [Port] 0 [Flags] 2 [Guid] 2036383024 [EditorId] 2036383024 [Version] 1048832 [Id] WindowsEditor(7,VONBiRD) [Debug] 1 [PackageName] WindowsEditor [ProjectName] Editor" joined alternative multi-casting on [225.0.0.222:34997]...

[Physics::Module] Initialized MultithreadedJobDispatcher with 15 workers.
Refreshing native plugins compatible for Editor in 9.87 ms, found 3 plugins.
Preloading 0 native plugins for Editor in 0.00 ms.
Initialize engine version: 2022.3.20f1 (61c2feb0970d)
[Subsystems] Discovering subsystems at path C:/Program Files/Unity/Hub/Editor/2022.3.20f1/Editor/Data/Resources/UnitySubsystems
[Subsystems] Discovering subsystems at path C:/Projects/AD-Combat/My project/Assets
GfxDevice: creating device client; threaded=0; jobified=0
Direct3D:
    Version:  Direct3D 11.0 [level 11.1]
    Renderer: NVIDIA GeForce RTX 3070 Laptop GPU (ID=0x24dd)
    Vendor:   NVIDIA
    VRAM:     8020 MB
    Driver:   31.0.15.5222
Initialize mono
Mono path[0] = 'C:/Program Files/Unity/Hub/Editor/2022.3.20f1/Editor/Data/Managed'
Mono path[1] = 'C:/Program Files/Unity/Hub/Editor/2022.3.20f1/Editor/Data/MonoBleedingEdge/lib/mono/unityjit-win32'
Mono config path = 'C:/Program Files/Unity/Hub/Editor/2022.3.20f1/Editor/Data/MonoBleedingEdge/etc'
Using monoOptions --debugger-agent=transport=dt_socket,embedding=1,server=y,suspend=n,address=127.0.0.1:56784
Begin MonoManager ReloadAssembly
Registering precompiled unity dll's ...
Register platform support module: C:/Program Files/Unity/Hub/Editor/2022.3.20f1/Editor/Data/PlaybackEngines/WebGLSupport/UnityEditor.WebGL.Extensions.dll
Register platform support module: C:/Program Files/Unity/Hub/Editor/2022.3.20f1/Editor/Data/PlaybackEngines/AndroidPlayer/UnityEditor.Android.Extensions.dll
Register platform support module: C:/Program Files/Unity/Hub/Editor/2022.3.20f1/Editor/Data/PlaybackEngines/WindowsStandaloneSupport/UnityEditor.WindowsStandalone.Extensions.dll
Register platform support module: C:/Program Files/Unity/Hub/Editor/2022.3.20f1/Editor/Data/PlaybackEngines/MetroSupport/UnityEditor.UWP.Extensions.dll
Registered in 0.014630 seconds.
- Loaded All Assemblies, in  0.491 seconds
Native extension for UWP target not found
Native extension for WindowsStandalone target not found
Native extension for Android target not found
Android Extension - Scanning For ADB Devices 358 ms
Native extension for WebGL target not found
Mono: successfully reloaded assembly
- Finished resetting the current domain, in  0.801 seconds
Domain Reload Profiling: 1290ms
	BeginReloadAssembly (141ms)
		ExecutionOrderSort (0ms)
		DisableScriptedObjects (0ms)
		BackupInstance (0ms)
		ReleaseScriptingObjects (0ms)
		CreateAndSetChildDomain (1ms)
	RebuildCommonClasses (40ms)
	RebuildNativeTypeToScriptingClass (12ms)
	initialDomainReloadingComplete (73ms)
	LoadAllAssembliesAndSetupDomain (222ms)
		LoadAssemblies (139ms)
		RebuildTransferFunctionScriptingTraits (0ms)
		AnalyzeDomain (218ms)
			TypeCache.Refresh (217ms)
				TypeCache.ScanAssembly (195ms)
			ScanForSourceGeneratedMonoScriptInfo (0ms)
			ResolveRequiredComponents (0ms)
	FinalizeReload (802ms)
		ReleaseScriptCaches (0ms)
		RebuildScriptCaches (0ms)
		SetupLoadedEditorAssemblies (732ms)
			LogAssemblyErrors (0ms)
			InitializePlatformSupportModulesInManaged (522ms)
			SetLoadedEditorAssemblies (4ms)
			RefreshPlugins (0ms)
			BeforeProcessingInitializeOnLoad (3ms)
			ProcessInitializeOnLoadAttributes (138ms)
			ProcessInitializeOnLoadMethodAttributes (64ms)
			AfterProcessingInitializeOnLoad (0ms)
			EditorAssembliesLoaded (0ms)
		ExecutionOrderSort2 (0ms)
		AwakeInstancesAfterBackupRestoration (0ms)
========================================================================
Worker process is ready to serve import requests
Begin MonoManager ReloadAssembly
- Loaded All Assemblies, in  0.929 seconds
Refreshing native plugins compatible for Editor in 4.73 ms, found 3 plugins.
Native extension for UWP target not found
Native extension for WindowsStandalone target not found
Native extension for Android target not found
Native extension for WebGL target not found
Package Manager log level set to [2]
[Package Manager] Server::EnsureServerProcessIsRunning -- launch failed, reason: Unity was launched with the -noUpm command-line argument
[Package Manager] UpmClient::Send -- Unable to send message (not connected to UPM process).
[Package Manager] Cannot connect to Unity Package Manager local server
Mono: successfully reloaded assembly
- Finished resetting the current domain, in  0.770 seconds
Domain Reload Profiling: 1693ms
	BeginReloadAssembly (206ms)
		ExecutionOrderSort (0ms)
		DisableScriptedObjects (7ms)
		BackupInstance (0ms)
		ReleaseScriptingObjects (0ms)
		CreateAndSetChildDomain (32ms)
	RebuildCommonClasses (51ms)
	RebuildNativeTypeToScriptingClass (13ms)
	initialDomainReloadingComplete (62ms)
	LoadAllAssembliesAndSetupDomain (591ms)
		LoadAssemblies (429ms)
		RebuildTransferFunctionScriptingTraits (0ms)
		AnalyzeDomain (288ms)
			TypeCache.Refresh (255ms)
				TypeCache.ScanAssembly (227ms)
			ScanForSourceGeneratedMonoScriptInfo (21ms)
			ResolveRequiredComponents (10ms)
	FinalizeReload (771ms)
		ReleaseScriptCaches (0ms)
		RebuildScriptCaches (0ms)
		SetupLoadedEditorAssemblies (523ms)
			LogAssemblyErrors (0ms)
			InitializePlatformSupportModulesInManaged (34ms)
			SetLoadedEditorAssemblies (3ms)
			RefreshPlugins (0ms)
			BeforeProcessingInitializeOnLoad (60ms)
			ProcessInitializeOnLoadAttributes (381ms)
			ProcessInitializeOnLoadMethodAttributes (31ms)
			AfterProcessingInitializeOnLoad (13ms)
			EditorAssembliesLoaded (0ms)
		ExecutionOrderSort2 (0ms)
		AwakeInstancesAfterBackupRestoration (8ms)
Launched and connected shader compiler UnityShaderCompiler.exe after 0.06 seconds
Refreshing native plugins compatible for Editor in 4.47 ms, found 3 plugins.
Preloading 0 native plugins for Editor in 0.00 ms.
Unloading 3742 Unused Serialized files (Serialized files now loaded: 0)
Unloading 32 unused Assets / (57.5 KB). Loaded Objects now: 4211.
Memory consumption went from 148.1 MB to 148.0 MB.
Total: 3.614900 ms (FindLiveObjects: 0.307200 ms CreateObjectMapping: 0.336200 ms MarkObjects: 2.868000 ms  DeleteObjects: 0.102600 ms)

AssetImportParameters requested are different than current active one (requested -> active):
  custom:container-demuxer-ogg: 62fdf1f143b41e24485cea50d1cbac27 -> 
  custom:video-decoder-ogg-theora: a1e56fd34408186e4bbccfd4996cb3dc -> 
  custom:framework-win-MediaFoundation: 216162199b28c13a410421893ffa2e32 -> 
  custom:CustomObjectIndexerAttribute: 6d391050e5a25f67b0a2c618074f2cd9 -> 
  custom:container-demuxer-webm: 4f35f7cbe854078d1ac9338744f61a02 -> 
  custom:container-muxer-webm: aa71ff27fc2769a1b78a27578f13a17b -> 
  custom:video-decoder-webm-vp8: 9c59270c3fd7afecdb556c50c9e8de78 -> 
  custom:SearchIndexIgnoredProperties: e643bd26f0fe6173181afceb89e7c659 -> 
  custom:AudioImporter_EditorPlatform: d09bf68614088b80899f8185d706f6e7 -> 
  custom:video-encoder-webm-vp8: eb34c28f22e8b96e1ab97ce403110664 -> 
  custom:audio-decoder-ogg-vorbis: bf7c407c2cedff20999df2af8eb42d56 -> 
  custom:audio-encoder-webm-vorbis: bf7c407c2cedff20999df2af8eb42d56 -> 
========================================================================
Received Import Request.
  Time since last request: 103837.543957 seconds.
  path: Assets/RTS Engine/Demo/Kenney Assets/Fantasy Town Pack/wallWoodWindowSmall.fbx
  artifactKey: Guid(bb6b4a966247fe248bb3b1521d793ca6) Importer(815301076,1909f56bfc062723c751e8b465ee728b)
Start importing Assets/RTS Engine/Demo/Kenney Assets/Fantasy Town Pack/wallWoodWindowSmall.fbx using Guid(bb6b4a966247fe248bb3b1521d793ca6) Importer(815301076,1909f56bfc062723c751e8b465ee728b)  -> (artifact id: '213a3fe8db762be790678dce6558a769') in 0.144876 seconds
Number of updated asset objects reloaded before import = 0
Number of asset objects unloaded after import = 9
========================================================================
Received Import Request.
  Time since last request: 0.000036 seconds.
  path: Assets/RTS Engine/Demo/Kenney Assets/Fantasy Town Pack/wallDetailDiagonal.fbx
  artifactKey: Guid(7e25597d72f9d644d8e4254018ba0e77) Importer(815301076,1909f56bfc062723c751e8b465ee728b)
Start importing Assets/RTS Engine/Demo/Kenney Assets/Fantasy Town Pack/wallDetailDiagonal.fbx using Guid(7e25597d72f9d644d8e4254018ba0e77) Importer(815301076,1909f56bfc062723c751e8b465ee728b)  -> (artifact id: '2c95d5176a65ad8b20c771126b38d5e0') in 0.023907 seconds
Number of updated asset objects reloaded before import = 0
Number of asset objects unloaded after import = 9
========================================================================
Received Import Request.
  Time since last request: 0.000064 seconds.
  path: Assets/RTS Engine/Demo/Kenney Assets/Castle Kit/Models/wallNarrowGate.fbx
  artifactKey: Guid(448714b66119fa14c86b0ae983a67d13) Importer(815301076,1909f56bfc062723c751e8b465ee728b)
Start importing Assets/RTS Engine/Demo/Kenney Assets/Castle Kit/Models/wallNarrowGate.fbx using Guid(448714b66119fa14c86b0ae983a67d13) Importer(815301076,1909f56bfc062723c751e8b465ee728b)  -> (artifact id: '39fc0a969361429d1c8a4456efa5a725') in 0.017344 seconds
Number of updated asset objects reloaded before import = 0
Number of asset objects unloaded after import = 9
========================================================================
Received Import Request.
  Time since last request: 0.000023 seconds.
  path: Assets/RTS Engine/Demo/Kenney Assets/Fantasy Town Pack/wallArchTopDetail.fbx
  artifactKey: Guid(fb2d86def05fc634e850df981b4fed4f) Importer(815301076,1909f56bfc062723c751e8b465ee728b)
Start importing Assets/RTS Engine/Demo/Kenney Assets/Fantasy Town Pack/wallArchTopDetail.fbx using Guid(fb2d86def05fc634e850df981b4fed4f) Importer(815301076,1909f56bfc062723c751e8b465ee728b)  -> (artifact id: 'b6d7c83b93ca33b1eedd1102056bba24') in 0.031838 seconds
Number of updated asset objects reloaded before import = 0
Number of asset objects unloaded after import = 10
========================================================================
Received Import Request.
  Time since last request: 0.000018 seconds.
  path: Assets/RTS Engine/Demo/Kenney Assets/Fantasy Town Pack/wallWoodSide.fbx
  artifactKey: Guid(44eb5d6cf2f7b334ab9be2e563833c0f) Importer(815301076,1909f56bfc062723c751e8b465ee728b)
Start importing Assets/RTS Engine/Demo/Kenney Assets/Fantasy Town Pack/wallWoodSide.fbx using Guid(44eb5d6cf2f7b334ab9be2e563833c0f) Importer(815301076,1909f56bfc062723c751e8b465ee728b)  -> (artifact id: '518dcdbbcf3ec1dedd9d710a8c43d57f') in 0.024595 seconds
Number of updated asset objects reloaded before import = 0
Number of asset objects unloaded after import = 9
========================================================================
Received Import Request.
  Time since last request: 0.000014 seconds.
  path: Assets/RTS Engine/Demo/Kenney Assets/Fantasy Town Pack/wallDetailHorizontal.fbx
  artifactKey: Guid(4c02c34c21801bb41b821180e5a5c40e) Importer(815301076,1909f56bfc062723c751e8b465ee728b)
Start importing Assets/RTS Engine/Demo/Kenney Assets/Fantasy Town Pack/wallDetailHorizontal.fbx using Guid(4c02c34c21801bb41b821180e5a5c40e) Importer(815301076,1909f56bfc062723c751e8b465ee728b)  -> (artifact id: '2e15af524285ba52fa974535b020c9c2') in 0.023142 seconds
Number of updated asset objects reloaded before import = 0
Number of asset objects unloaded after import = 9
========================================================================
Received Import Request.
  Time since last request: 0.000017 seconds.
  path: Assets/RTS Engine/Demo/Kenney Assets/Fantasy Town Pack/cart.fbx
  artifactKey: Guid(cb876ece8eb100541b1f1d2b6b7aca4c) Importer(815301076,1909f56bfc062723c751e8b465ee728b)
Start importing Assets/RTS Engine/Demo/Kenney Assets/Fantasy Town Pack/cart.fbx using Guid(cb876ece8eb100541b1f1d2b6b7aca4c) Importer(815301076,1909f56bfc062723c751e8b465ee728b)  -> (artifact id: '3ed1eee52f09c6b723520e658be495d1') in 0.043589 seconds
Number of updated asset objects reloaded before import = 0
Number of asset objects unloaded after import = 19
========================================================================
Received Import Request.
  Time since last request: 0.000031 seconds.
  path: Assets/RTS Engine/Demo/Kenney Assets/Fantasy Town Pack/wallWoodSlope.fbx
  artifactKey: Guid(146313f00337d1c4686dddac3ebddd6d) Importer(815301076,1909f56bfc062723c751e8b465ee728b)
Start importing Assets/RTS Engine/Demo/Kenney Assets/Fantasy Town Pack/wallWoodSlope.fbx using Guid(146313f00337d1c4686dddac3ebddd6d) Importer(815301076,1909f56bfc062723c751e8b465ee728b)  -> (artifact id: 'c3668390c273f19a68177ae4e122703f') in 0.018932 seconds
Number of updated asset objects reloaded before import = 0
Number of asset objects unloaded after import = 9
========================================================================
Received Import Request.
  Time since last request: 0.000021 seconds.
  path: Assets/RTS Engine/Demo/Kenney Assets/Graveyard Pack/trunkLong.fbx
  artifactKey: Guid(8c53868b70494564581b4db99f42cebe) Importer(815301076,1909f56bfc062723c751e8b465ee728b)
Start importing Assets/RTS Engine/Demo/Kenney Assets/Graveyard Pack/trunkLong.fbx using Guid(8c53868b70494564581b4db99f42cebe) Importer(815301076,1909f56bfc062723c751e8b465ee728b)  -> (artifact id: '9ad3d16d39c3e43cff5c65ae3502c5bc') in 0.019801 seconds
Number of updated asset objects reloaded before import = 0
Number of asset objects unloaded after import = 9
========================================================================
Received Import Request.
  Time since last request: 0.000021 seconds.
  path: Assets/RTS Engine/Demo/Kenney Assets/Graveyard Pack/trunk.fbx
  artifactKey: Guid(29131fb7b52a4d34db00fae9fcfe6ee5) Importer(815301076,1909f56bfc062723c751e8b465ee728b)
Start importing Assets/RTS Engine/Demo/Kenney Assets/Graveyard Pack/trunk.fbx using Guid(29131fb7b52a4d34db00fae9fcfe6ee5) Importer(815301076,1909f56bfc062723c751e8b465ee728b)  -> (artifact id: '7c62c2ce89a2e96d6d8177205af1d5bf') in 0.019120 seconds
Number of updated asset objects reloaded before import = 0
Number of asset objects unloaded after import = 9
========================================================================
Received Import Request.
  Time since last request: 0.000024 seconds.
  path: Assets/RTS Engine/Demo/Kenney Assets/Fantasy Town Pack/wallCornerDetail.fbx
  artifactKey: Guid(6ee272b61c0b602409033c93802fb26b) Importer(815301076,1909f56bfc062723c751e8b465ee728b)
Start importing Assets/RTS Engine/Demo/Kenney Assets/Fantasy Town Pack/wallCornerDetail.fbx using Guid(6ee272b61c0b602409033c93802fb26b) Importer(815301076,1909f56bfc062723c751e8b465ee728b)  -> (artifact id: 'd8966b8dfa478f559deb563f4a82b982') in 0.014421 seconds
Number of updated asset objects reloaded before import = 0
Number of asset objects unloaded after import = 8
========================================================================
Received Import Request.
  Time since last request: 0.000015 seconds.
  path: Assets/RTS Engine/Demo/Kenney Assets/Fantasy Town Pack/wallWoodArchTop.fbx
  artifactKey: Guid(fff01136b52f9a241b4a8f267df1b613) Importer(815301076,1909f56bfc062723c751e8b465ee728b)
Start importing Assets/RTS Engine/Demo/Kenney Assets/Fantasy Town Pack/wallWoodArchTop.fbx using Guid(fff01136b52f9a241b4a8f267df1b613) Importer(815301076,1909f56bfc062723c751e8b465ee728b)  -> (artifact id: '0a71ee8f9baf3428dd118ec7f3733e5d') in 0.022045 seconds
Number of updated asset objects reloaded before import = 0
Number of asset objects unloaded after import = 10
========================================================================
Received Import Request.
  Time since last request: 0.000016 seconds.
  path: Assets/RTS Engine/Demo/Kenney Assets/Castle Kit/Models/siegeRam.fbx
  artifactKey: Guid(37de223720020eb4e86c486cfbf70665) Importer(815301076,1909f56bfc062723c751e8b465ee728b)
Start importing Assets/RTS Engine/Demo/Kenney Assets/Castle Kit/Models/siegeRam.fbx using Guid(37de223720020eb4e86c486cfbf70665) Importer(815301076,1909f56bfc062723c751e8b465ee728b)  -> (artifact id: '8110815de1ec4a8e44fbc9bd45b21715') in 0.062160 seconds
Number of updated asset objects reloaded before import = 0
Number of asset objects unloaded after import = 48
========================================================================
Received Import Request.
  Time since last request: 77.938283 seconds.
  path: Assets/RTS Engine/Demo/Kenney Assets/Fantasy Town Pack/wallWoodDoor.fbx
  artifactKey: Guid(3144afa415a14ab448ba5983500a401d) Importer(815301076,1909f56bfc062723c751e8b465ee728b)
Start importing Assets/RTS Engine/Demo/Kenney Assets/Fantasy Town Pack/wallWoodDoor.fbx using Guid(3144afa415a14ab448ba5983500a401d) Importer(815301076,1909f56bfc062723c751e8b465ee728b)  -> (artifact id: 'aec4593785126fb31f4aba3a7a33a65a') in 0.026873 seconds
Number of updated asset objects reloaded before import = 0
Number of asset objects unloaded after import = 14
========================================================================
Received Import Request.
  Time since last request: 0.007994 seconds.
  path: Assets/RTS Engine/Demo/Kenney Assets/Graveyard Pack/coffin.fbx
  artifactKey: Guid(4d0e68309ed52494ca4b5e32e498ae60) Importer(815301076,1909f56bfc062723c751e8b465ee728b)
Start importing Assets/RTS Engine/Demo/Kenney Assets/Graveyard Pack/coffin.fbx using Guid(4d0e68309ed52494ca4b5e32e498ae60) Importer(815301076,1909f56bfc062723c751e8b465ee728b)  -> (artifact id: '83fcae9bd0bebd81accdbe62e5756c1d') in 0.032364 seconds
Number of updated asset objects reloaded before import = 0
Number of asset objects unloaded after import = 14
========================================================================
Received Import Request.
  Time since last request: 0.000023 seconds.
  path: Assets/RTS Engine/Demo/Kenney Assets/Fantasy Town Pack/wallWoodDoorwaySquare.fbx
  artifactKey: Guid(98b48af6de338a34f9751d956c4dc111) Importer(815301076,1909f56bfc062723c751e8b465ee728b)
Start importing Assets/RTS Engine/Demo/Kenney Assets/Fantasy Town Pack/wallWoodDoorwaySquare.fbx using Guid(98b48af6de338a34f9751d956c4dc111) Importer(815301076,1909f56bfc062723c751e8b465ee728b)  -> (artifact id: '5e55fc98d17cb766e7f94b928289ba48') in 0.020739 seconds
Number of updated asset objects reloaded before import = 0
Number of asset objects unloaded after import = 9
========================================================================
Received Import Request.
  Time since last request: 0.000025 seconds.
  path: Assets/RTS Engine/Demo/Kenney Assets/Fantasy Town Pack/overhang.fbx
  artifactKey: Guid(458af30d472c6fe4eb6b609cda294f2e) Importer(815301076,1909f56bfc062723c751e8b465ee728b)
Start importing Assets/RTS Engine/Demo/Kenney Assets/Fantasy Town Pack/overhang.fbx using Guid(458af30d472c6fe4eb6b609cda294f2e) Importer(815301076,1909f56bfc062723c751e8b465ee728b)  -> (artifact id: '1a87f5754d3d5b41f13452232209f2d7') in 0.020960 seconds
Number of updated asset objects reloaded before import = 0
Number of asset objects unloaded after import = 9
========================================================================
Received Import Request.
  Time since last request: 0.000020 seconds.
  path: Assets/RTS Engine/Demo/Kenney Assets/Nature Kit/log_large.fbx
  artifactKey: Guid(d93f5a3f3e353dd418cb1e82aef88899) Importer(815301076,1909f56bfc062723c751e8b465ee728b)
Start importing Assets/RTS Engine/Demo/Kenney Assets/Nature Kit/log_large.fbx using Guid(d93f5a3f3e353dd418cb1e82aef88899) Importer(815301076,1909f56bfc062723c751e8b465ee728b)  -> (artifact id: 'ae7040d4c167c9c97fe8c58e6239d009') in 0.019613 seconds
Number of updated asset objects reloaded before import = 0
Number of asset objects unloaded after import = 9
========================================================================
Received Import Request.
  Time since last request: 0.000015 seconds.
  path: Assets/RTS Engine/Demo/Kenney Assets/Nature Kit/crops_wheatStageB.fbx
  artifactKey: Guid(f39908ed61214694d9ca578345b001f9) Importer(815301076,1909f56bfc062723c751e8b465ee728b)
Start importing Assets/RTS Engine/Demo/Kenney Assets/Nature Kit/crops_wheatStageB.fbx using Guid(f39908ed61214694d9ca578345b001f9) Importer(815301076,1909f56bfc062723c751e8b465ee728b)  -> (artifact id: '9987928e83d8b9a31f1340c03a995932') in 0.019172 seconds
Number of updated asset objects reloaded before import = 0
Number of asset objects unloaded after import = 9
========================================================================
Received Import Request.
  Time since last request: 0.000021 seconds.
  path: Assets/RTS Engine/Demo/Kenney Assets/Fantasy Town Pack/wallDoor.fbx
  artifactKey: Guid(73a0309ec44c6584bad6ae07dc91102e) Importer(815301076,1909f56bfc062723c751e8b465ee728b)
Start importing Assets/RTS Engine/Demo/Kenney Assets/Fantasy Town Pack/wallDoor.fbx using Guid(73a0309ec44c6584bad6ae07dc91102e) Importer(815301076,1909f56bfc062723c751e8b465ee728b)  -> (artifact id: '74f1bb0c0c8546aabe164c216cb06dd8') in 0.032838 seconds
Number of updated asset objects reloaded before import = 0
Number of asset objects unloaded after import = 15
========================================================================
Received Import Request.
  Time since last request: 0.000016 seconds.
  path: Assets/RTS Engine/Demo/Kenney Assets/Nature Kit/fence_simpleDiagonalCenter.fbx
  artifactKey: Guid(10d41c6a024a5ff41aae71dcfa56ee77) Importer(815301076,1909f56bfc062723c751e8b465ee728b)
Start importing Assets/RTS Engine/Demo/Kenney Assets/Nature Kit/fence_simpleDiagonalCenter.fbx using Guid(10d41c6a024a5ff41aae71dcfa56ee77) Importer(815301076,1909f56bfc062723c751e8b465ee728b)  -> (artifact id: 'd5401d439d14ee0cf642ee1b59acdabe') in 0.023547 seconds
Number of updated asset objects reloaded before import = 0
Number of asset objects unloaded after import = 10
========================================================================
Received Import Request.
  Time since last request: 0.000015 seconds.
  path: Assets/RTS Engine/Demo/Kenney Assets/Fantasy Town Pack/wallWoodDoorwayRound.fbx
  artifactKey: Guid(77e084c578816aa458ba94c465df2db5) Importer(815301076,1909f56bfc062723c751e8b465ee728b)
Start importing Assets/RTS Engine/Demo/Kenney Assets/Fantasy Town Pack/wallWoodDoorwayRound.fbx using Guid(77e084c578816aa458ba94c465df2db5) Importer(815301076,1909f56bfc062723c751e8b465ee728b)  -> (artifact id: 'f370997655432632a9cb6417df581f76') in 0.023196 seconds
Number of updated asset objects reloaded before import = 0
Number of asset objects unloaded after import = 10
========================================================================
Received Import Request.
  Time since last request: 2.405654 seconds.
  path: Assets/TextMesh Pro/Examples & Extras/Resources/Fonts & Materials/Bangers SDF.asset
  artifactKey: Guid(125cb55b44b24c4393181402bc6200e6) Importer(815301076,1909f56bfc062723c751e8b465ee728b)
Start importing Assets/TextMesh Pro/Examples & Extras/Resources/Fonts & Materials/Bangers SDF.asset using Guid(125cb55b44b24c4393181402bc6200e6) Importer(815301076,1909f56bfc062723c751e8b465ee728b)  -> (artifact id: '39401a5f34bff949c8103aade23f95aa') in 0.037155 seconds
Number of updated asset objects reloaded before import = 0
Number of asset objects unloaded after import = 6
========================================================================
Received Import Request.
  Time since last request: 0.000033 seconds.
  path: Assets/Art_Assets/Buildings/Battleground/3DModel_Team Bases.fbx
  artifactKey: Guid(5550106a4c9615e469482177c75a911f) Importer(815301076,1909f56bfc062723c751e8b465ee728b)
Start importing Assets/Art_Assets/Buildings/Battleground/3DModel_Team Bases.fbx using Guid(5550106a4c9615e469482177c75a911f) Importer(815301076,1909f56bfc062723c751e8b465ee728b)  -> (artifact id: 'b8215bdfaeca00dad5d566b9e6cb8c56') in 0.167309 seconds
Number of updated asset objects reloaded before import = 0
Number of asset objects unloaded after import = 81
========================================================================
Received Import Request.
  Time since last request: 0.000018 seconds.
  path: Assets/TextMesh Pro/Examples & Extras/Resources/Fonts & Materials/Roboto-Bold SDF.asset
  artifactKey: Guid(5302535af1044152a457ed104f1f4b91) Importer(815301076,1909f56bfc062723c751e8b465ee728b)
Start importing Assets/TextMesh Pro/Examples & Extras/Resources/Fonts & Materials/Roboto-Bold SDF.asset using Guid(5302535af1044152a457ed104f1f4b91) Importer(815301076,1909f56bfc062723c751e8b465ee728b)  -> (artifact id: '8d1c9a674a93d63ef3a21497f4c86da7') in 0.011671 seconds
Number of updated asset objects reloaded before import = 0
Number of asset objects unloaded after import = 6
========================================================================
Received Import Request.
  Time since last request: 0.000050 seconds.
  path: Assets/TextMesh Pro/Examples & Extras/Fonts/Anton.ttf
  artifactKey: Guid(997a43b767814dd0a7642ec9b78cba41) Importer(815301076,1909f56bfc062723c751e8b465ee728b)
Start importing Assets/TextMesh Pro/Examples & Extras/Fonts/Anton.ttf using Guid(997a43b767814dd0a7642ec9b78cba41) Importer(815301076,1909f56bfc062723c751e8b465ee728b)  -> (artifact id: 'd07c1fec7e1ba8f56ab9eb3c6ff450ce') in 0.009497 seconds
Number of updated asset objects reloaded before import = 0
Number of asset objects unloaded after import = 4
========================================================================
Received Import Request.
  Time since last request: 0.000016 seconds.
  path: Assets/TextMesh Pro/Examples & Extras/Resources/Fonts & Materials/Electronic Highway Sign SDF.asset
  artifactKey: Guid(dc36b3fdc14f47ebb36fd484a67e268a) Importer(815301076,1909f56bfc062723c751e8b465ee728b)
Start importing Assets/TextMesh Pro/Examples & Extras/Resources/Fonts & Materials/Electronic Highway Sign SDF.asset using Guid(dc36b3fdc14f47ebb36fd484a67e268a) Importer(815301076,1909f56bfc062723c751e8b465ee728b)  -> (artifact id: '739efcb150fc79394e7ed299951d92f5') in 0.011076 seconds
Number of updated asset objects reloaded before import = 0
Number of asset objects unloaded after import = 6
========================================================================
Received Import Request.
  Time since last request: 0.000015 seconds.
  path: Assets/Art_Assets/Buildings/Skyforgers/Material_SF_Albedo_1.mat
  artifactKey: Guid(f83fdbcc311e43945bcb27cef5f1ffb2) Importer(815301076,1909f56bfc062723c751e8b465ee728b)
Start importing Assets/Art_Assets/Buildings/Skyforgers/Material_SF_Albedo_1.mat using Guid(f83fdbcc311e43945bcb27cef5f1ffb2) Importer(815301076,1909f56bfc062723c751e8b465ee728b)  -> (artifact id: 'c913f5f1446cd8864392a996e4328455') in 0.005980 seconds
Number of updated asset objects reloaded before import = 0
Number of asset objects unloaded after import = 1
========================================================================
Received Import Request.
  Time since last request: 0.000018 seconds.
  path: Assets/RTS Engine/Demo/UI/Fonts/Kenney Future Square.ttf
  artifactKey: Guid(921bee769ab4352439738b2908bb9f98) Importer(815301076,1909f56bfc062723c751e8b465ee728b)
Start importing Assets/RTS Engine/Demo/UI/Fonts/Kenney Future Square.ttf using Guid(921bee769ab4352439738b2908bb9f98) Importer(815301076,1909f56bfc062723c751e8b465ee728b)  -> (artifact id: '414f1b3cfb7d13179d3cf6b7b14689d2') in 0.008717 seconds
Number of updated asset objects reloaded before import = 0
Number of asset objects unloaded after import = 4
========================================================================
Received Import Request.
  Time since last request: 0.000017 seconds.
  path: Assets/Art_Assets/Buildings/Battleground/3DModel_Portal.fbx
  artifactKey: Guid(a13fa385570a2ae4fbc10d894390472d) Importer(815301076,1909f56bfc062723c751e8b465ee728b)
Start importing Assets/Art_Assets/Buildings/Battleground/3DModel_Portal.fbx using Guid(a13fa385570a2ae4fbc10d894390472d) Importer(815301076,1909f56bfc062723c751e8b465ee728b)  -> (artifact id: '384944248b84d77e152428730e600724') in 0.015992 seconds
Number of updated asset objects reloaded before import = 0
Number of asset objects unloaded after import = 8
========================================================================
Received Import Request.
  Time since last request: 0.000014 seconds.
  path: Assets/Art_Assets/Buildings/Skyforgers/Material_SF_Albedo_2.mat
  artifactKey: Guid(dcfb2933038a97649b8d3eb4afd814cb) Importer(815301076,1909f56bfc062723c751e8b465ee728b)
Start importing Assets/Art_Assets/Buildings/Skyforgers/Material_SF_Albedo_2.mat using Guid(dcfb2933038a97649b8d3eb4afd814cb) Importer(815301076,1909f56bfc062723c751e8b465ee728b)  -> (artifact id: '58de0a21778a5b429a8bebe09d94570d') in 0.006523 seconds
Number of updated asset objects reloaded before import = 0
Number of asset objects unloaded after import = 1
========================================================================
Received Import Request.
  Time since last request: 0.000040 seconds.
  path: Assets/Art_Assets/Buildings/Yamatan/Material_Yamatan Outpost_White.mat
  artifactKey: Guid(24711a327d8b2894d9a6f7bbe620bd01) Importer(815301076,1909f56bfc062723c751e8b465ee728b)
Start importing Assets/Art_Assets/Buildings/Yamatan/Material_Yamatan Outpost_White.mat using Guid(24711a327d8b2894d9a6f7bbe620bd01) Importer(815301076,1909f56bfc062723c751e8b465ee728b)  -> (artifact id: '30a303a09bbebd4ff9467a4dcd00adf7') in 0.006903 seconds
Number of updated asset objects reloaded before import = 0
Number of asset objects unloaded after import = 1
========================================================================
Received Import Request.
  Time since last request: 0.000017 seconds.
  path: Assets/TextMesh Pro/Examples & Extras/Fonts/Electronic Highway Sign.TTF
  artifactKey: Guid(8a2b9e2a607dd2143b58c44bc32410b4) Importer(815301076,1909f56bfc062723c751e8b465ee728b)
Start importing Assets/TextMesh Pro/Examples & Extras/Fonts/Electronic Highway Sign.TTF using Guid(8a2b9e2a607dd2143b58c44bc32410b4) Importer(815301076,1909f56bfc062723c751e8b465ee728b)  -> (artifact id: '982b6653d703c18de0e519e4e39e98c4') in 0.008305 seconds
Number of updated asset objects reloaded before import = 0
Number of asset objects unloaded after import = 4
========================================================================
Received Import Request.
  Time since last request: 0.000022 seconds.
  path: Assets/TextMesh Pro/Fonts/LiberationSans.ttf
  artifactKey: Guid(e3265ab4bf004d28a9537516768c1c75) Importer(815301076,1909f56bfc062723c751e8b465ee728b)
Start importing Assets/TextMesh Pro/Fonts/LiberationSans.ttf using Guid(e3265ab4bf004d28a9537516768c1c75) Importer(815301076,1909f56bfc062723c751e8b465ee728b)  -> (artifact id: '8756f7c291147a75e95d0f4a0d9e7e56') in 0.008904 seconds
Number of updated asset objects reloaded before import = 0
Number of asset objects unloaded after import = 4
========================================================================
Received Import Request.
  Time since last request: 0.000016 seconds.
  path: Assets/RTS Engine/Demo/Minimap/minimap_icon_effect/MinimapIconMaterial.mat
  artifactKey: Guid(6fdc8acf041e2294bb75efcd847f138e) Importer(815301076,1909f56bfc062723c751e8b465ee728b)
Start importing Assets/RTS Engine/Demo/Minimap/minimap_icon_effect/MinimapIconMaterial.mat using Guid(6fdc8acf041e2294bb75efcd847f138e) Importer(815301076,1909f56bfc062723c751e8b465ee728b)  -> (artifact id: '6c8624f6d5579786caa9dd7b8a7a8668') in 0.007932 seconds
Number of updated asset objects reloaded before import = 0
Number of asset objects unloaded after import = 2
========================================================================
Received Import Request.
  Time since last request: 0.000014 seconds.
  path: Assets/Art_Assets/Buildings/Battleground/Textures/Material_HQ.mat
  artifactKey: Guid(225e8a5e18e59884ca506dc4b0a405d4) Importer(815301076,1909f56bfc062723c751e8b465ee728b)
Start importing Assets/Art_Assets/Buildings/Battleground/Textures/Material_HQ.mat using Guid(225e8a5e18e59884ca506dc4b0a405d4) Importer(815301076,1909f56bfc062723c751e8b465ee728b)  -> (artifact id: 'b0380f12884976713bed6645e2ff2712') in 0.009978 seconds
Number of updated asset objects reloaded before import = 0
Number of asset objects unloaded after import = 3
========================================================================
Received Import Request.
  Time since last request: 0.000018 seconds.
  path: Assets/TextMesh Pro/Examples & Extras/Fonts/Bangers.ttf
  artifactKey: Guid(5dd49b3eacc540408c98eee0de38e0f1) Importer(815301076,1909f56bfc062723c751e8b465ee728b)
Start importing Assets/TextMesh Pro/Examples & Extras/Fonts/Bangers.ttf using Guid(5dd49b3eacc540408c98eee0de38e0f1) Importer(815301076,1909f56bfc062723c751e8b465ee728b)  -> (artifact id: '2a2f5a0046fce9b78fb8e074dea88dee') in 0.008085 seconds
Number of updated asset objects reloaded before import = 0
Number of asset objects unloaded after import = 4
========================================================================
Received Import Request.
  Time since last request: 0.000014 seconds.
  path: Assets/Art_Assets/Buildings/Battleground/Textures/Material_Team Bases_Gray.mat
  artifactKey: Guid(1a7b10d905169f741abbcac25cc35c26) Importer(815301076,1909f56bfc062723c751e8b465ee728b)
Start importing Assets/Art_Assets/Buildings/Battleground/Textures/Material_Team Bases_Gray.mat using Guid(1a7b10d905169f741abbcac25cc35c26) Importer(815301076,1909f56bfc062723c751e8b465ee728b)  -> (artifact id: '6f119f6face2131a857d1fe15261cb04') in 0.006411 seconds
Number of updated asset objects reloaded before import = 0
Number of asset objects unloaded after import = 1
========================================================================
Received Import Request.
  Time since last request: 0.000017 seconds.
  path: Assets/Art_Assets/Buildings/Battleground/Textures/Material_Portal.mat
  artifactKey: Guid(7baaeb6435f37064a91bb5df1f1d7cd1) Importer(815301076,1909f56bfc062723c751e8b465ee728b)
Start importing Assets/Art_Assets/Buildings/Battleground/Textures/Material_Portal.mat using Guid(7baaeb6435f37064a91bb5df1f1d7cd1) Importer(815301076,1909f56bfc062723c751e8b465ee728b)  -> (artifact id: '811727fa996bd283b3a78ac236bad56d') in 0.008596 seconds
Number of updated asset objects reloaded before import = 0
Number of asset objects unloaded after import = 2
========================================================================
Received Import Request.
  Time since last request: 0.000019 seconds.
  path: Assets/RTS Engine/Demo/UI/Fonts/Kenney Future Narrow SDF.asset
  artifactKey: Guid(096a003ef51b56d44a36b6578c44ea91) Importer(815301076,1909f56bfc062723c751e8b465ee728b)
Start importing Assets/RTS Engine/Demo/UI/Fonts/Kenney Future Narrow SDF.asset using Guid(096a003ef51b56d44a36b6578c44ea91) Importer(815301076,1909f56bfc062723c751e8b465ee728b)  -> (artifact id: '1882a59b073ecb118a9418a572bb35d1') in 0.020466 seconds
Number of updated asset objects reloaded before import = 0
Number of asset objects unloaded after import = 6
========================================================================
Received Import Request.
  Time since last request: 313.783866 seconds.
  path: Assets/Art_Assets/Buildings/Skyforgers/Homeworld/Skyforger_Homeworld_Anvil/3abdffcf010c_A_large_sci_fi_alie_texture_kd.jpg
  artifactKey: Guid(b43587096c5e923498371172209f446f) Importer(815301076,1909f56bfc062723c751e8b465ee728b)
Start importing Assets/Art_Assets/Buildings/Skyforgers/Homeworld/Skyforger_Homeworld_Anvil/3abdffcf010c_A_large_sci_fi_alie_texture_kd.jpg using Guid(b43587096c5e923498371172209f446f) Importer(815301076,1909f56bfc062723c751e8b465ee728b)  -> (artifact id: '4bd7b2c49d5dce2adad12d9b87cc588a') in 0.027264 seconds
Number of updated asset objects reloaded before import = 0
Number of asset objects unloaded after import = 2
========================================================================
Received Import Request.
  Time since last request: 0.015257 seconds.
  path: Assets/RTS Engine/Demo/Kenney Assets/Nature pack/Brown_Cliff_Bottom_Corner_01.obj
  artifactKey: Guid(1fe68817ae2df8e49a2a98f442577ed5) Importer(815301076,1909f56bfc062723c751e8b465ee728b)
Start importing Assets/RTS Engine/Demo/Kenney Assets/Nature pack/Brown_Cliff_Bottom_Corner_01.obj using Guid(1fe68817ae2df8e49a2a98f442577ed5) Importer(815301076,1909f56bfc062723c751e8b465ee728b)  -> (artifact id: 'ce2abc202f8eaed5c214a30dc1ba56df') in 0.024980 seconds
Number of updated asset objects reloaded before import = 0
Number of asset objects unloaded after import = 10
========================================================================
Received Import Request.
  Time since last request: 0.000014 seconds.
  path: Assets/RTS Engine/Demo/Kenney Assets/Nature pack/Brown_Cliff_Top_01.obj
  artifactKey: Guid(66124c041c6a18d45a2b59b36c5c505b) Importer(815301076,1909f56bfc062723c751e8b465ee728b)
Start importing Assets/RTS Engine/Demo/Kenney Assets/Nature pack/Brown_Cliff_Top_01.obj using Guid(66124c041c6a18d45a2b59b36c5c505b) Importer(815301076,1909f56bfc062723c751e8b465ee728b)  -> (artifact id: '13404dbe25a6257e0632a2d901e0e562') in 0.027964 seconds
Number of updated asset objects reloaded before import = 0
Number of asset objects unloaded after import = 11
========================================================================
Received Import Request.
  Time since last request: 0.000015 seconds.
  path: Assets/RTS Engine/Demo/Kenney Assets/Nature Kit/cliff_blockDiagonal_rock.fbx
  artifactKey: Guid(338d93f3fb708d344a73498b78292d9d) Importer(815301076,1909f56bfc062723c751e8b465ee728b)
Start importing Assets/RTS Engine/Demo/Kenney Assets/Nature Kit/cliff_blockDiagonal_rock.fbx using Guid(338d93f3fb708d344a73498b78292d9d) Importer(815301076,1909f56bfc062723c751e8b465ee728b)  -> (artifact id: '7452142e843979899f461af30daf1af3') in 0.042083 seconds
Number of updated asset objects reloaded before import = 0
Number of asset objects unloaded after import = 9
========================================================================
Received Import Request.
  Time since last request: 0.000018 seconds.
  path: Assets/RTS Engine/Demo/Kenney Assets/Nature Kit/cliff_blockHalf_rock.fbx
  artifactKey: Guid(6fb7283fb9ccbfd44bcf8264da00bf7e) Importer(815301076,1909f56bfc062723c751e8b465ee728b)
Start importing Assets/RTS Engine/Demo/Kenney Assets/Nature Kit/cliff_blockHalf_rock.fbx using Guid(6fb7283fb9ccbfd44bcf8264da00bf7e) Importer(815301076,1909f56bfc062723c751e8b465ee728b)  -> (artifact id: 'c272f47808801306ce1daa1137307b84') in 0.080302 seconds
Number of updated asset objects reloaded before import = 0
Number of asset objects unloaded after import = 9
========================================================================
Received Import Request.
  Time since last request: 0.000020 seconds.
  path: Assets/RTS Engine/Demo/Kenney Assets/Nature Kit/cliff_block_stone.fbx
  artifactKey: Guid(868035099bc73a24487c9bc8c8758476) Importer(815301076,1909f56bfc062723c751e8b465ee728b)
Start importing Assets/RTS Engine/Demo/Kenney Assets/Nature Kit/cliff_block_stone.fbx using Guid(868035099bc73a24487c9bc8c8758476) Importer(815301076,1909f56bfc062723c751e8b465ee728b)  -> (artifact id: 'cb9a29c56320c9342011c723d2ee6ecc') in 0.084031 seconds
Number of updated asset objects reloaded before import = 0
Number of asset objects unloaded after import = 9
========================================================================
Received Import Request.
  Time since last request: 0.000014 seconds.
  path: Assets/RTS Engine/Demo/Kenney Assets/Nature Kit/cliff_block_rock.fbx
  artifactKey: Guid(efa20781cece87e46b5a10cb2f3f6084) Importer(815301076,1909f56bfc062723c751e8b465ee728b)
Start importing Assets/RTS Engine/Demo/Kenney Assets/Nature Kit/cliff_block_rock.fbx using Guid(efa20781cece87e46b5a10cb2f3f6084) Importer(815301076,1909f56bfc062723c751e8b465ee728b)  -> (artifact id: '23407ac24447e821bb0172deda0943c9') in 0.048928 seconds
Number of updated asset objects reloaded before import = 0
Number of asset objects unloaded after import = 9
========================================================================
Received Import Request.
  Time since last request: 0.000013 seconds.
  path: Assets/RTS Engine/Demo/Kenney Assets/Nature pack/Brown_Cliff_Green_Top_01.obj
  artifactKey: Guid(7de6348aafbc9034f887300b51670464) Importer(815301076,1909f56bfc062723c751e8b465ee728b)
Start importing Assets/RTS Engine/Demo/Kenney Assets/Nature pack/Brown_Cliff_Green_Top_01.obj using Guid(7de6348aafbc9034f887300b51670464) Importer(815301076,1909f56bfc062723c751e8b465ee728b)  -> (artifact id: '542f4591725b3347c3795d5f0c455c3e') in 0.013191 seconds
Number of updated asset objects reloaded before import = 0
Number of asset objects unloaded after import = 11
========================================================================
Received Import Request.
  Time since last request: 0.000011 seconds.
  path: Assets/RTS Engine/Demo/Kenney Assets/Nature pack/Brown_Cliff_Bottom_Green_Top_01.obj
  artifactKey: Guid(b2ff73e2c2c64fe498125e26279aac3a) Importer(815301076,1909f56bfc062723c751e8b465ee728b)
Start importing Assets/RTS Engine/Demo/Kenney Assets/Nature pack/Brown_Cliff_Bottom_Green_Top_01.obj using Guid(b2ff73e2c2c64fe498125e26279aac3a) Importer(815301076,1909f56bfc062723c751e8b465ee728b)  -> (artifact id: '13d79783a8228fb6736992d65a39c452') in 0.011806 seconds
Number of updated asset objects reloaded before import = 0
Number of asset objects unloaded after import = 11
========================================================================
Received Import Request.
  Time since last request: 0.000033 seconds.
  path: Assets/RTS Engine/Demo/Kenney Assets/Nature pack/Brown_Cliff_End_01.obj
  artifactKey: Guid(be9a5733bd1ff8b4a9371987bfca993e) Importer(815301076,1909f56bfc062723c751e8b465ee728b)
Start importing Assets/RTS Engine/Demo/Kenney Assets/Nature pack/Brown_Cliff_End_01.obj using Guid(be9a5733bd1ff8b4a9371987bfca993e) Importer(815301076,1909f56bfc062723c751e8b465ee728b)  -> (artifact id: 'af70295826ca3d1c578796b9fc759333') in 0.012575 seconds
Number of updated asset objects reloaded before import = 0
Number of asset objects unloaded after import = 10
Editor requested this worker to shutdown with reason: Scaling down because of idle timeout
TcpMessagingSession - receive error: operation aborted. errorcode: 995, details: The I/O operation has been aborted because of either a thread exit or an application request.
AssetImportWorker is now disconnected from the server
Process exiting
Exiting without the bug reporter. Application will terminate with return code 0