Using pre-set license
Built from '2022.3/release' branch; Version is '2022.3.20f1 (61c2feb0970d) revision 6406910'; Using compiler version '192829333'; Build Type 'Release'
OS: 'Windows 11  (10.0.22631) 64bit Professional' Language: 'en' Physical Memory: 16150 MB
BatchMode: 1, IsHumanControllingUs: 0, StartBugReporterOnCrash: 0, Is64bit: 1, IsPro: 1

COMMAND LINE ARGUMENTS:
C:\Program Files\Unity\Hub\Editor\2022.3.20f1\Editor\Unity.exe
-adb2
-batchMode
-noUpm
-name
AssetImportWorker2
-projectPath
C:/Projects/AD-Combat/My project
-logFile
Logs/AssetImportWorker2.log
-srvPort
14135
Successfully changed project path to: C:/Projects/AD-Combat/My project
C:/Projects/AD-Combat/My project
[UnityMemory] Configuration Parameters - Can be set up in boot.config
    "memorysetup-bucket-allocator-granularity=16"
    "memorysetup-bucket-allocator-bucket-count=8"
    "memorysetup-bucket-allocator-block-size=33554432"
    "memorysetup-bucket-allocator-block-count=8"
    "memorysetup-main-allocator-block-size=16777216"
    "memorysetup-thread-allocator-block-size=16777216"
    "memorysetup-gfx-main-allocator-block-size=16777216"
    "memorysetup-gfx-thread-allocator-block-size=16777216"
    "memorysetup-cache-allocator-block-size=4194304"
    "memorysetup-typetree-allocator-block-size=2097152"
    "memorysetup-profiler-bucket-allocator-granularity=16"
    "memorysetup-profiler-bucket-allocator-bucket-count=8"
    "memorysetup-profiler-bucket-allocator-block-size=33554432"
    "memorysetup-profiler-bucket-allocator-block-count=8"
    "memorysetup-profiler-allocator-block-size=16777216"
    "memorysetup-profiler-editor-allocator-block-size=1048576"
    "memorysetup-temp-allocator-size-main=16777216"
    "memorysetup-job-temp-allocator-block-size=2097152"
    "memorysetup-job-temp-allocator-block-size-background=1048576"
    "memorysetup-job-temp-allocator-reduction-small-platforms=262144"
    "memorysetup-allocator-temp-initial-block-size-main=262144"
    "memorysetup-allocator-temp-initial-block-size-worker=262144"
    "memorysetup-temp-allocator-size-background-worker=32768"
    "memorysetup-temp-allocator-size-job-worker=262144"
    "memorysetup-temp-allocator-size-preload-manager=33554432"
    "memorysetup-temp-allocator-size-nav-mesh-worker=65536"
    "memorysetup-temp-allocator-size-audio-worker=65536"
    "memorysetup-temp-allocator-size-cloud-worker=32768"
    "memorysetup-temp-allocator-size-gi-baking-worker=262144"
    "memorysetup-temp-allocator-size-gfx=262144"
Player connection [36592] Host "[IP] 192.168.2.12 [Port] 0 [Flags] 2 [Guid] 2296308792 [EditorId] 2296308792 [Version] 1048832 [Id] WindowsEditor(7,VONBiRD) [Debug] 1 [PackageName] WindowsEditor [ProjectName] Editor" joined multi-casting on [225.0.0.222:54997]...

Player connection [36592] Host "[IP] 192.168.2.12 [Port] 0 [Flags] 2 [Guid] 2296308792 [EditorId] 2296308792 [Version] 1048832 [Id] WindowsEditor(7,VONBiRD) [Debug] 1 [PackageName] WindowsEditor [ProjectName] Editor" joined alternative multi-casting on [225.0.0.222:34997]...

[Physics::Module] Initialized MultithreadedJobDispatcher with 15 workers.
Refreshing native plugins compatible for Editor in 10.61 ms, found 3 plugins.
Preloading 0 native plugins for Editor in 0.00 ms.
Initialize engine version: 2022.3.20f1 (61c2feb0970d)
[Subsystems] Discovering subsystems at path C:/Program Files/Unity/Hub/Editor/2022.3.20f1/Editor/Data/Resources/UnitySubsystems
[Subsystems] Discovering subsystems at path C:/Projects/AD-Combat/My project/Assets
GfxDevice: creating device client; threaded=0; jobified=0
Direct3D:
    Version:  Direct3D 11.0 [level 11.1]
    Renderer: NVIDIA GeForce RTX 3070 Laptop GPU (ID=0x24dd)
    Vendor:   NVIDIA
    VRAM:     8020 MB
    Driver:   31.0.15.5244
Initialize mono
Mono path[0] = 'C:/Program Files/Unity/Hub/Editor/2022.3.20f1/Editor/Data/Managed'
Mono path[1] = 'C:/Program Files/Unity/Hub/Editor/2022.3.20f1/Editor/Data/MonoBleedingEdge/lib/mono/unityjit-win32'
Mono config path = 'C:/Program Files/Unity/Hub/Editor/2022.3.20f1/Editor/Data/MonoBleedingEdge/etc'
Using monoOptions --debugger-agent=transport=dt_socket,embedding=1,server=y,suspend=n,address=127.0.0.1:56924
Begin MonoManager ReloadAssembly
Registering precompiled unity dll's ...
Register platform support module: C:/Program Files/Unity/Hub/Editor/2022.3.20f1/Editor/Data/PlaybackEngines/WebGLSupport/UnityEditor.WebGL.Extensions.dll
Register platform support module: C:/Program Files/Unity/Hub/Editor/2022.3.20f1/Editor/Data/PlaybackEngines/AndroidPlayer/UnityEditor.Android.Extensions.dll
Register platform support module: C:/Program Files/Unity/Hub/Editor/2022.3.20f1/Editor/Data/PlaybackEngines/WindowsStandaloneSupport/UnityEditor.WindowsStandalone.Extensions.dll
Register platform support module: C:/Program Files/Unity/Hub/Editor/2022.3.20f1/Editor/Data/PlaybackEngines/MetroSupport/UnityEditor.UWP.Extensions.dll
Registered in 0.014431 seconds.
- Loaded All Assemblies, in  0.429 seconds
Native extension for UWP target not found
Native extension for WindowsStandalone target not found
Native extension for Android target not found
Android Extension - Scanning For ADB Devices 352 ms
Native extension for WebGL target not found
Mono: successfully reloaded assembly
- Finished resetting the current domain, in  0.810 seconds
Domain Reload Profiling: 1237ms
	BeginReloadAssembly (126ms)
		ExecutionOrderSort (0ms)
		DisableScriptedObjects (0ms)
		BackupInstance (0ms)
		ReleaseScriptingObjects (0ms)
		CreateAndSetChildDomain (1ms)
	RebuildCommonClasses (37ms)
	RebuildNativeTypeToScriptingClass (12ms)
	initialDomainReloadingComplete (69ms)
	LoadAllAssembliesAndSetupDomain (183ms)
		LoadAssemblies (124ms)
		RebuildTransferFunctionScriptingTraits (0ms)
		AnalyzeDomain (180ms)
			TypeCache.Refresh (178ms)
				TypeCache.ScanAssembly (157ms)
			ScanForSourceGeneratedMonoScriptInfo (1ms)
			ResolveRequiredComponents (1ms)
	FinalizeReload (810ms)
		ReleaseScriptCaches (0ms)
		RebuildScriptCaches (0ms)
		SetupLoadedEditorAssemblies (731ms)
			LogAssemblyErrors (0ms)
			InitializePlatformSupportModulesInManaged (503ms)
			SetLoadedEditorAssemblies (4ms)
			RefreshPlugins (0ms)
			BeforeProcessingInitializeOnLoad (3ms)
			ProcessInitializeOnLoadAttributes (158ms)
			ProcessInitializeOnLoadMethodAttributes (63ms)
			AfterProcessingInitializeOnLoad (0ms)
			EditorAssembliesLoaded (0ms)
		ExecutionOrderSort2 (0ms)
		AwakeInstancesAfterBackupRestoration (0ms)
========================================================================
Worker process is ready to serve import requests
Begin MonoManager ReloadAssembly
- Loaded All Assemblies, in  0.660 seconds
Refreshing native plugins compatible for Editor in 3.70 ms, found 3 plugins.
Native extension for UWP target not found
Native extension for WindowsStandalone target not found
Native extension for Android target not found
Native extension for WebGL target not found
Package Manager log level set to [2]
[Package Manager] Server::EnsureServerProcessIsRunning -- launch failed, reason: Unity was launched with the -noUpm command-line argument
[Package Manager] UpmClient::Send -- Unable to send message (not connected to UPM process).
[Package Manager] Cannot connect to Unity Package Manager local server
Mono: successfully reloaded assembly
- Finished resetting the current domain, in  0.619 seconds
Domain Reload Profiling: 1277ms
	BeginReloadAssembly (146ms)
		ExecutionOrderSort (0ms)
		DisableScriptedObjects (6ms)
		BackupInstance (0ms)
		ReleaseScriptingObjects (0ms)
		CreateAndSetChildDomain (21ms)
	RebuildCommonClasses (31ms)
	RebuildNativeTypeToScriptingClass (11ms)
	initialDomainReloadingComplete (41ms)
	LoadAllAssembliesAndSetupDomain (427ms)
		LoadAssemblies (309ms)
		RebuildTransferFunctionScriptingTraits (0ms)
		AnalyzeDomain (204ms)
			TypeCache.Refresh (178ms)
				TypeCache.ScanAssembly (158ms)
			ScanForSourceGeneratedMonoScriptInfo (17ms)
			ResolveRequiredComponents (8ms)
	FinalizeReload (620ms)
		ReleaseScriptCaches (0ms)
		RebuildScriptCaches (0ms)
		SetupLoadedEditorAssemblies (428ms)
			LogAssemblyErrors (0ms)
			InitializePlatformSupportModulesInManaged (27ms)
			SetLoadedEditorAssemblies (3ms)
			RefreshPlugins (0ms)
			BeforeProcessingInitializeOnLoad (57ms)
			ProcessInitializeOnLoadAttributes (308ms)
			ProcessInitializeOnLoadMethodAttributes (25ms)
			AfterProcessingInitializeOnLoad (8ms)
			EditorAssembliesLoaded (0ms)
		ExecutionOrderSort2 (0ms)
		AwakeInstancesAfterBackupRestoration (7ms)
Launched and connected shader compiler UnityShaderCompiler.exe after 0.06 seconds
Refreshing native plugins compatible for Editor in 5.75 ms, found 3 plugins.
Preloading 0 native plugins for Editor in 0.00 ms.
Unloading 3742 Unused Serialized files (Serialized files now loaded: 0)
Unloading 32 unused Assets / (57.1 KB). Loaded Objects now: 4213.
Memory consumption went from 148.6 MB to 148.5 MB.
Total: 4.734500 ms (FindLiveObjects: 0.441300 ms CreateObjectMapping: 0.399400 ms MarkObjects: 3.771600 ms  DeleteObjects: 0.121100 ms)

AssetImportParameters requested are different than current active one (requested -> active):
  custom:container-demuxer-ogg: 62fdf1f143b41e24485cea50d1cbac27 -> 
  custom:video-decoder-ogg-theora: a1e56fd34408186e4bbccfd4996cb3dc -> 
  custom:framework-win-MediaFoundation: 216162199b28c13a410421893ffa2e32 -> 
  custom:CustomObjectIndexerAttribute: 6d391050e5a25f67b0a2c618074f2cd9 -> 
  custom:container-demuxer-webm: 4f35f7cbe854078d1ac9338744f61a02 -> 
  custom:container-muxer-webm: aa71ff27fc2769a1b78a27578f13a17b -> 
  custom:video-decoder-webm-vp8: 9c59270c3fd7afecdb556c50c9e8de78 -> 
  custom:SearchIndexIgnoredProperties: e643bd26f0fe6173181afceb89e7c659 -> 
  custom:AudioImporter_EditorPlatform: d09bf68614088b80899f8185d706f6e7 -> 
  custom:video-encoder-webm-vp8: eb34c28f22e8b96e1ab97ce403110664 -> 
  custom:audio-decoder-ogg-vorbis: bf7c407c2cedff20999df2af8eb42d56 -> 
  custom:audio-encoder-webm-vorbis: bf7c407c2cedff20999df2af8eb42d56 -> 
========================================================================
Received Import Request.
  Time since last request: 702596.686168 seconds.
  path: Assets/RTS Engine/Demo/Kenney Assets/_Custom/Prefabs/Hammer.prefab
  artifactKey: Guid(21e663ed08f054e4187b46c6c9fffb17) Importer(815301076,1909f56bfc062723c751e8b465ee728b)
Start importing Assets/RTS Engine/Demo/Kenney Assets/_Custom/Prefabs/Hammer.prefab using Guid(21e663ed08f054e4187b46c6c9fffb17) Importer(815301076,1909f56bfc062723c751e8b465ee728b)  -> (artifact id: 'af6f1366f1bf63fe34f5f7f415597aa2') in 0.102063 seconds
Number of updated asset objects reloaded before import = 0
Number of asset objects unloaded after import = 12
========================================================================
Received Import Request.
  Time since last request: 0.000039 seconds.
  path: Assets/RTS Engine/Demo/UnitExtension/Resources/Prefabs/heavy_infantry.prefab
  artifactKey: Guid(d939995db516ba24b8448db79aefcc67) Importer(815301076,1909f56bfc062723c751e8b465ee728b)
Start importing Assets/RTS Engine/Demo/UnitExtension/Resources/Prefabs/heavy_infantry.prefab using Guid(d939995db516ba24b8448db79aefcc67) Importer(815301076,1909f56bfc062723c751e8b465ee728b)  -> (artifact id: '5224cee7df070863e6f055401418229c') in 0.400349 seconds
Number of updated asset objects reloaded before import = 0
Number of asset objects unloaded after import = 6343
========================================================================
Received Import Request.
  Time since last request: 0.000020 seconds.
  path: Assets/RTS Engine/Demo/Kenney Assets/_Custom/Prefabs/Hill01.prefab
  artifactKey: Guid(43f038c6be0d1fe4682e534714f113a6) Importer(815301076,1909f56bfc062723c751e8b465ee728b)
Start importing Assets/RTS Engine/Demo/Kenney Assets/_Custom/Prefabs/Hill01.prefab using Guid(43f038c6be0d1fe4682e534714f113a6) Importer(815301076,1909f56bfc062723c751e8b465ee728b)  -> (artifact id: '5fff58da13107dde57dc28b3c71e7b70') in 0.008939 seconds
Number of updated asset objects reloaded before import = 0
Number of asset objects unloaded after import = 10
========================================================================
Received Import Request.
  Time since last request: 0.000027 seconds.
  path: Assets/RTS Engine/Demo/UnitExtension/Resources/Prefabs/healer.prefab
  artifactKey: Guid(0f0769060c3e5894bb49f81a58cf4e0a) Importer(815301076,1909f56bfc062723c751e8b465ee728b)
Start importing Assets/RTS Engine/Demo/UnitExtension/Resources/Prefabs/healer.prefab using Guid(0f0769060c3e5894bb49f81a58cf4e0a) Importer(815301076,1909f56bfc062723c751e8b465ee728b)  -> (artifact id: '770b53fa179ee4cc93558a1bcaa3eb83') in 0.332379 seconds
Number of updated asset objects reloaded before import = 0
Number of asset objects unloaded after import = 6343
========================================================================
Received Import Request.
  Time since last request: 0.000023 seconds.
  path: Assets/RTS Engine/Demo/Kenney Assets/_Custom/Prefabs/HGCliff_Corner01.prefab
  artifactKey: Guid(3b6b0871b45b3c34995bbea9bfb88431) Importer(815301076,1909f56bfc062723c751e8b465ee728b)
Start importing Assets/RTS Engine/Demo/Kenney Assets/_Custom/Prefabs/HGCliff_Corner01.prefab using Guid(3b6b0871b45b3c34995bbea9bfb88431) Importer(815301076,1909f56bfc062723c751e8b465ee728b)  -> (artifact id: 'dd59d2727240477916ce9f5607f7e7a4') in 0.010604 seconds
Number of updated asset objects reloaded before import = 0
Number of asset objects unloaded after import = 27
========================================================================
Received Import Request.
  Time since last request: 0.000030 seconds.
  path: Assets/RTS Engine/Demo/Kenney Assets/_Custom/Prefabs/HGCliff_Corner02.prefab
  artifactKey: Guid(5df69fa0feb53df43a87472b62fe3289) Importer(815301076,1909f56bfc062723c751e8b465ee728b)
Start importing Assets/RTS Engine/Demo/Kenney Assets/_Custom/Prefabs/HGCliff_Corner02.prefab using Guid(5df69fa0feb53df43a87472b62fe3289) Importer(815301076,1909f56bfc062723c751e8b465ee728b)  -> (artifact id: '412a65c5715b643dbdce065b602025ee') in 0.010601 seconds
Number of updated asset objects reloaded before import = 0
Number of asset objects unloaded after import = 27
========================================================================
Received Import Request.
  Time since last request: 0.000024 seconds.
  path: Assets/RTS Engine/Demo/UnitExtension/Source/healer/healer_target_effect.prefab
  artifactKey: Guid(50d2aa6ea73a2d04b9865d0ba72a7210) Importer(815301076,1909f56bfc062723c751e8b465ee728b)
Start importing Assets/RTS Engine/Demo/UnitExtension/Source/healer/healer_target_effect.prefab using Guid(50d2aa6ea73a2d04b9865d0ba72a7210) Importer(815301076,1909f56bfc062723c751e8b465ee728b)  -> (artifact id: '8b425f67d3bcd59705e2773fd05f9610') in 1.434543 seconds
Number of updated asset objects reloaded before import = 0
Number of asset objects unloaded after import = 9
========================================================================
Received Import Request.
  Time since last request: 0.000022 seconds.
  path: Assets/RTS Engine/Demo/Kenney Assets/_Custom/Prefabs/High_Ground_Cliff_River03.prefab
  artifactKey: Guid(7116b7103c25e7048ae24a3a29f837d4) Importer(815301076,1909f56bfc062723c751e8b465ee728b)
Start importing Assets/RTS Engine/Demo/Kenney Assets/_Custom/Prefabs/High_Ground_Cliff_River03.prefab using Guid(7116b7103c25e7048ae24a3a29f837d4) Importer(815301076,1909f56bfc062723c751e8b465ee728b)  -> (artifact id: 'baff3c79b095a197936e85c74b1f9f86') in 0.070626 seconds
Number of updated asset objects reloaded before import = 0
Number of asset objects unloaded after import = 252
========================================================================
Received Import Request.
  Time since last request: 0.007692 seconds.
  path: Assets/RTS Engine/Demo/Kenney Assets/_Custom/Prefabs/HGCliff_Corner03.prefab
  artifactKey: Guid(32ef97f17da9ea14db8d543ee17bbe5a) Importer(815301076,1909f56bfc062723c751e8b465ee728b)
Start importing Assets/RTS Engine/Demo/Kenney Assets/_Custom/Prefabs/HGCliff_Corner03.prefab using Guid(32ef97f17da9ea14db8d543ee17bbe5a) Importer(815301076,1909f56bfc062723c751e8b465ee728b)  -> (artifact id: 'f3f971282b376b9b103b3b2c4e7f4c23') in 0.011006 seconds
Number of updated asset objects reloaded before import = 0
Number of asset objects unloaded after import = 27
========================================================================
Received Import Request.
  Time since last request: 0.000015 seconds.
  path: Assets/RTS Engine/Demo/Kenney Assets/_Custom/Prefabs/High_Ground_Cliff_River.prefab
  artifactKey: Guid(a1e24db59f284cd4c9816b5bdd7ee92a) Importer(815301076,1909f56bfc062723c751e8b465ee728b)
Start importing Assets/RTS Engine/Demo/Kenney Assets/_Custom/Prefabs/High_Ground_Cliff_River.prefab using Guid(a1e24db59f284cd4c9816b5bdd7ee92a) Importer(815301076,1909f56bfc062723c751e8b465ee728b)  -> (artifact id: 'd2ec49aa9c25264cf90763c4aa63c859') in 0.021033 seconds
Number of updated asset objects reloaded before import = 0
Number of asset objects unloaded after import = 249
========================================================================
Received Import Request.
  Time since last request: 71.718747 seconds.
  path: Assets/RTS Engine/Demo/UnitExtension/Resources/Prefabs/catapult.prefab
  artifactKey: Guid(239dea5d45508d044a06fb2f5b85558a) Importer(815301076,1909f56bfc062723c751e8b465ee728b)
Start importing Assets/RTS Engine/Demo/UnitExtension/Resources/Prefabs/catapult.prefab using Guid(239dea5d45508d044a06fb2f5b85558a) Importer(815301076,1909f56bfc062723c751e8b465ee728b)  -> (artifact id: '7101e50d9477a9670e82cffa7807738a') in 0.290404 seconds
Number of updated asset objects reloaded before import = 0
Number of asset objects unloaded after import = 6343
========================================================================
Received Import Request.
  Time since last request: 1.655326 seconds.
  path: Assets/RTS Engine/Demo/BuildingExtension/Resources/Prefabs/granary.prefab
  artifactKey: Guid(926d54fcb19f187488abed77ed850d00) Importer(815301076,1909f56bfc062723c751e8b465ee728b)
Start importing Assets/RTS Engine/Demo/BuildingExtension/Resources/Prefabs/granary.prefab using Guid(926d54fcb19f187488abed77ed850d00) Importer(815301076,1909f56bfc062723c751e8b465ee728b)  -> (artifact id: '9fa83e2bad69a49ff7be95dae51bba41') in 0.270876 seconds
Number of updated asset objects reloaded before import = 0
Number of asset objects unloaded after import = 6343
========================================================================
Received Import Request.
  Time since last request: 0.003551 seconds.
  path: Assets/RTS Engine/Demo/BuildingExtension/Resources/Prefabs/temple.prefab
  artifactKey: Guid(5fbc6690efe8ba64e846c61bed78feb1) Importer(815301076,1909f56bfc062723c751e8b465ee728b)
Start importing Assets/RTS Engine/Demo/BuildingExtension/Resources/Prefabs/temple.prefab using Guid(5fbc6690efe8ba64e846c61bed78feb1) Importer(815301076,1909f56bfc062723c751e8b465ee728b)  -> (artifact id: '06ba4ae66e38cedd728b6d79e0fafb87') in 0.302127 seconds
Number of updated asset objects reloaded before import = 0
Number of asset objects unloaded after import = 6343
========================================================================
Received Import Request.
  Time since last request: 0.000022 seconds.
  path: Assets/RTS Engine/Demo/BuildingExtension/Sources/tower/tower_level1_model.prefab
  artifactKey: Guid(61b0597611cf24f4a8d78491db6254af) Importer(815301076,1909f56bfc062723c751e8b465ee728b)
Start importing Assets/RTS Engine/Demo/BuildingExtension/Sources/tower/tower_level1_model.prefab using Guid(61b0597611cf24f4a8d78491db6254af) Importer(815301076,1909f56bfc062723c751e8b465ee728b)  -> (artifact id: '52f64ae65767097782a3109517785523') in 0.027973 seconds
Number of updated asset objects reloaded before import = 0
Number of asset objects unloaded after import = 40
========================================================================
Received Import Request.
  Time since last request: 0.000038 seconds.
  path: Assets/TextMesh Pro/Examples & Extras/Prefabs/Text Popup.prefab
  artifactKey: Guid(b06f0e6c1dfa4356ac918da1bb32c603) Importer(815301076,1909f56bfc062723c751e8b465ee728b)
Start importing Assets/TextMesh Pro/Examples & Extras/Prefabs/Text Popup.prefab using Guid(b06f0e6c1dfa4356ac918da1bb32c603) Importer(815301076,1909f56bfc062723c751e8b465ee728b)  -> (artifact id: '53eba43170e7839fb21e820423b91bbf') in 0.052293 seconds
Number of updated asset objects reloaded before import = 0
Number of asset objects unloaded after import = 21
========================================================================
Received Import Request.
  Time since last request: 0.000013 seconds.
  path: Assets/RTS Engine/Demo/MapObjects/wood_resource_variation_1.prefab
  artifactKey: Guid(8ac66d58867272549a75c00d19eb085b) Importer(815301076,1909f56bfc062723c751e8b465ee728b)
Start importing Assets/RTS Engine/Demo/MapObjects/wood_resource_variation_1.prefab using Guid(8ac66d58867272549a75c00d19eb085b) Importer(815301076,1909f56bfc062723c751e8b465ee728b)  -> (artifact id: '6d2470ae204e5915a1f7ad8e5cca020d') in 0.072300 seconds
Number of updated asset objects reloaded before import = 0
Number of asset objects unloaded after import = 630
========================================================================
Received Import Request.
  Time since last request: 0.000025 seconds.
  path: Assets/TextMesh Pro/Examples & Extras/Prefabs/TextMeshPro - Prefab 1.prefab
  artifactKey: Guid(a6e39ced0ea046bcb636c3f0b2e2a745) Importer(815301076,1909f56bfc062723c751e8b465ee728b)
Start importing Assets/TextMesh Pro/Examples & Extras/Prefabs/TextMeshPro - Prefab 1.prefab using Guid(a6e39ced0ea046bcb636c3f0b2e2a745) Importer(815301076,1909f56bfc062723c751e8b465ee728b)  -> (artifact id: 'cc9d720b32d1c4745b4d00e255ef46eb') in 0.030211 seconds
Number of updated asset objects reloaded before import = 0
Number of asset objects unloaded after import = 16
========================================================================
Received Import Request.
  Time since last request: 0.000026 seconds.
  path: Assets/RTS Engine/Demo/MapObjects/wood_resource_variation_3.prefab
  artifactKey: Guid(a6576141392287c4e8cf8b71454a96db) Importer(815301076,1909f56bfc062723c751e8b465ee728b)
Start importing Assets/RTS Engine/Demo/MapObjects/wood_resource_variation_3.prefab using Guid(a6576141392287c4e8cf8b71454a96db) Importer(815301076,1909f56bfc062723c751e8b465ee728b)  -> (artifact id: '364d7fc7cbfc3bf17b7bd1fbd7e9b87e') in 0.032927 seconds
Number of updated asset objects reloaded before import = 0
Number of asset objects unloaded after import = 371
========================================================================
Received Import Request.
  Time since last request: 0.356051 seconds.
  path: Assets/RTS Engine/Demo/BuildingExtension/Resources/Prefabs/town_center.prefab
  artifactKey: Guid(13f9d44ccafc2424295533f2d2f4db93) Importer(815301076,1909f56bfc062723c751e8b465ee728b)
Start importing Assets/RTS Engine/Demo/BuildingExtension/Resources/Prefabs/town_center.prefab using Guid(13f9d44ccafc2424295533f2d2f4db93) Importer(815301076,1909f56bfc062723c751e8b465ee728b)  -> (artifact id: '9b360b6859b6a94ca1d977716d0818a4') in 0.310097 seconds
Number of updated asset objects reloaded before import = 0
Number of asset objects unloaded after import = 6343
Editor requested this worker to shutdown with reason: Scaling down because of idle timeout
TcpMessagingSession - receive error: operation aborted. errorcode: 995, details: The I/O operation has been aborted because of either a thread exit or an application request.
AssetImportWorker is now disconnected from the server
Process exiting
Exiting without the bug reporter. Application will terminate with return code 0