Using pre-set license
Built from '2022.3/release' branch; Version is '2022.3.20f1 (61c2feb0970d) revision 6406910'; Using compiler version '192829333'; Build Type 'Release'
OS: 'Windows 11  (10.0.22631) 64bit Professional' Language: 'en' Physical Memory: 16150 MB
BatchMode: 1, IsHumanControllingUs: 0, StartBugReporterOnCrash: 0, Is64bit: 1, IsPro: 1

COMMAND LINE ARGUMENTS:
C:\Program Files\Unity\Hub\Editor\2022.3.20f1\Editor\Unity.exe
-adb2
-batchMode
-noUpm
-name
AssetImportWorker2
-projectPath
C:/Projects/AD-Combat/My project
-logFile
Logs/AssetImportWorker2.log
-srvPort
9666
Successfully changed project path to: C:/Projects/AD-Combat/My project
C:/Projects/AD-Combat/My project
[UnityMemory] Configuration Parameters - Can be set up in boot.config
    "memorysetup-bucket-allocator-granularity=16"
    "memorysetup-bucket-allocator-bucket-count=8"
    "memorysetup-bucket-allocator-block-size=33554432"
    "memorysetup-bucket-allocator-block-count=8"
    "memorysetup-main-allocator-block-size=16777216"
    "memorysetup-thread-allocator-block-size=16777216"
    "memorysetup-gfx-main-allocator-block-size=16777216"
    "memorysetup-gfx-thread-allocator-block-size=16777216"
    "memorysetup-cache-allocator-block-size=4194304"
    "memorysetup-typetree-allocator-block-size=2097152"
    "memorysetup-profiler-bucket-allocator-granularity=16"
    "memorysetup-profiler-bucket-allocator-bucket-count=8"
    "memorysetup-profiler-bucket-allocator-block-size=33554432"
    "memorysetup-profiler-bucket-allocator-block-count=8"
    "memorysetup-profiler-allocator-block-size=16777216"
    "memorysetup-profiler-editor-allocator-block-size=1048576"
    "memorysetup-temp-allocator-size-main=16777216"
    "memorysetup-job-temp-allocator-block-size=2097152"
    "memorysetup-job-temp-allocator-block-size-background=1048576"
    "memorysetup-job-temp-allocator-reduction-small-platforms=262144"
    "memorysetup-allocator-temp-initial-block-size-main=262144"
    "memorysetup-allocator-temp-initial-block-size-worker=262144"
    "memorysetup-temp-allocator-size-background-worker=32768"
    "memorysetup-temp-allocator-size-job-worker=262144"
    "memorysetup-temp-allocator-size-preload-manager=33554432"
    "memorysetup-temp-allocator-size-nav-mesh-worker=65536"
    "memorysetup-temp-allocator-size-audio-worker=65536"
    "memorysetup-temp-allocator-size-cloud-worker=32768"
    "memorysetup-temp-allocator-size-gi-baking-worker=262144"
    "memorysetup-temp-allocator-size-gfx=262144"
Player connection [26736] Host "[IP] 192.168.2.12 [Port] 0 [Flags] 2 [Guid] 3184894703 [EditorId] 3184894703 [Version] 1048832 [Id] WindowsEditor(7,VONBiRD) [Debug] 1 [PackageName] WindowsEditor [ProjectName] Editor" joined multi-casting on [225.0.0.222:54997]...

Player connection [26736] Host "[IP] 192.168.2.12 [Port] 0 [Flags] 2 [Guid] 3184894703 [EditorId] 3184894703 [Version] 1048832 [Id] WindowsEditor(7,VONBiRD) [Debug] 1 [PackageName] WindowsEditor [ProjectName] Editor" joined alternative multi-casting on [225.0.0.222:34997]...

[Physics::Module] Initialized MultithreadedJobDispatcher with 15 workers.
Refreshing native plugins compatible for Editor in 12.19 ms, found 3 plugins.
Preloading 0 native plugins for Editor in 0.00 ms.
Initialize engine version: 2022.3.20f1 (61c2feb0970d)
[Subsystems] Discovering subsystems at path C:/Program Files/Unity/Hub/Editor/2022.3.20f1/Editor/Data/Resources/UnitySubsystems
[Subsystems] Discovering subsystems at path C:/Projects/AD-Combat/My project/Assets
GfxDevice: creating device client; threaded=0; jobified=0
Direct3D:
    Version:  Direct3D 11.0 [level 11.1]
    Renderer: NVIDIA GeForce RTX 3070 Laptop GPU (ID=0x24dd)
    Vendor:   NVIDIA
    VRAM:     8020 MB
    Driver:   31.0.15.5222
Initialize mono
Mono path[0] = 'C:/Program Files/Unity/Hub/Editor/2022.3.20f1/Editor/Data/Managed'
Mono path[1] = 'C:/Program Files/Unity/Hub/Editor/2022.3.20f1/Editor/Data/MonoBleedingEdge/lib/mono/unityjit-win32'
Mono config path = 'C:/Program Files/Unity/Hub/Editor/2022.3.20f1/Editor/Data/MonoBleedingEdge/etc'
Using monoOptions --debugger-agent=transport=dt_socket,embedding=1,server=y,suspend=n,address=127.0.0.1:56976
Begin MonoManager ReloadAssembly
Registering precompiled unity dll's ...
Register platform support module: C:/Program Files/Unity/Hub/Editor/2022.3.20f1/Editor/Data/PlaybackEngines/WebGLSupport/UnityEditor.WebGL.Extensions.dll
Register platform support module: C:/Program Files/Unity/Hub/Editor/2022.3.20f1/Editor/Data/PlaybackEngines/AndroidPlayer/UnityEditor.Android.Extensions.dll
Register platform support module: C:/Program Files/Unity/Hub/Editor/2022.3.20f1/Editor/Data/PlaybackEngines/WindowsStandaloneSupport/UnityEditor.WindowsStandalone.Extensions.dll
Register platform support module: C:/Program Files/Unity/Hub/Editor/2022.3.20f1/Editor/Data/PlaybackEngines/MetroSupport/UnityEditor.UWP.Extensions.dll
Registered in 0.015629 seconds.
- Loaded All Assemblies, in  0.507 seconds
Native extension for UWP target not found
Native extension for WindowsStandalone target not found
Native extension for Android target not found
Android Extension - Scanning For ADB Devices 359 ms
Native extension for WebGL target not found
Mono: successfully reloaded assembly
- Finished resetting the current domain, in  0.803 seconds
Domain Reload Profiling: 1308ms
	BeginReloadAssembly (156ms)
		ExecutionOrderSort (0ms)
		DisableScriptedObjects (0ms)
		BackupInstance (0ms)
		ReleaseScriptingObjects (0ms)
		CreateAndSetChildDomain (1ms)
	RebuildCommonClasses (46ms)
	RebuildNativeTypeToScriptingClass (13ms)
	initialDomainReloadingComplete (86ms)
	LoadAllAssembliesAndSetupDomain (204ms)
		LoadAssemblies (154ms)
		RebuildTransferFunctionScriptingTraits (0ms)
		AnalyzeDomain (200ms)
			TypeCache.Refresh (199ms)
				TypeCache.ScanAssembly (181ms)
			ScanForSourceGeneratedMonoScriptInfo (0ms)
			ResolveRequiredComponents (0ms)
	FinalizeReload (804ms)
		ReleaseScriptCaches (0ms)
		RebuildScriptCaches (0ms)
		SetupLoadedEditorAssemblies (732ms)
			LogAssemblyErrors (0ms)
			InitializePlatformSupportModulesInManaged (521ms)
			SetLoadedEditorAssemblies (6ms)
			RefreshPlugins (0ms)
			BeforeProcessingInitializeOnLoad (4ms)
			ProcessInitializeOnLoadAttributes (141ms)
			ProcessInitializeOnLoadMethodAttributes (60ms)
			AfterProcessingInitializeOnLoad (0ms)
			EditorAssembliesLoaded (0ms)
		ExecutionOrderSort2 (0ms)
		AwakeInstancesAfterBackupRestoration (0ms)
========================================================================
Worker process is ready to serve import requests
Begin MonoManager ReloadAssembly
- Loaded All Assemblies, in  0.937 seconds
Refreshing native plugins compatible for Editor in 5.20 ms, found 3 plugins.
Native extension for UWP target not found
Native extension for WindowsStandalone target not found
Native extension for Android target not found
Native extension for WebGL target not found
Package Manager log level set to [2]
[Package Manager] Server::EnsureServerProcessIsRunning -- launch failed, reason: Unity was launched with the -noUpm command-line argument
[Package Manager] UpmClient::Send -- Unable to send message (not connected to UPM process).
[Package Manager] Cannot connect to Unity Package Manager local server
Mono: successfully reloaded assembly
- Finished resetting the current domain, in  0.750 seconds
Domain Reload Profiling: 1685ms
	BeginReloadAssembly (203ms)
		ExecutionOrderSort (0ms)
		DisableScriptedObjects (8ms)
		BackupInstance (0ms)
		ReleaseScriptingObjects (0ms)
		CreateAndSetChildDomain (28ms)
	RebuildCommonClasses (48ms)
	RebuildNativeTypeToScriptingClass (15ms)
	initialDomainReloadingComplete (56ms)
	LoadAllAssembliesAndSetupDomain (612ms)
		LoadAssemblies (433ms)
		RebuildTransferFunctionScriptingTraits (0ms)
		AnalyzeDomain (303ms)
			TypeCache.Refresh (267ms)
				TypeCache.ScanAssembly (237ms)
			ScanForSourceGeneratedMonoScriptInfo (22ms)
			ResolveRequiredComponents (12ms)
	FinalizeReload (751ms)
		ReleaseScriptCaches (0ms)
		RebuildScriptCaches (0ms)
		SetupLoadedEditorAssemblies (501ms)
			LogAssemblyErrors (0ms)
			InitializePlatformSupportModulesInManaged (30ms)
			SetLoadedEditorAssemblies (5ms)
			RefreshPlugins (0ms)
			BeforeProcessingInitializeOnLoad (63ms)
			ProcessInitializeOnLoadAttributes (369ms)
			ProcessInitializeOnLoadMethodAttributes (25ms)
			AfterProcessingInitializeOnLoad (9ms)
			EditorAssembliesLoaded (0ms)
		ExecutionOrderSort2 (0ms)
		AwakeInstancesAfterBackupRestoration (6ms)
Launched and connected shader compiler UnityShaderCompiler.exe after 0.05 seconds
Refreshing native plugins compatible for Editor in 3.83 ms, found 3 plugins.
Preloading 0 native plugins for Editor in 0.00 ms.
Unloading 3742 Unused Serialized files (Serialized files now loaded: 0)
Unloading 32 unused Assets / (57.1 KB). Loaded Objects now: 4211.
Memory consumption went from 148.1 MB to 148.0 MB.
Total: 3.947200 ms (FindLiveObjects: 0.356100 ms CreateObjectMapping: 0.325100 ms MarkObjects: 3.134200 ms  DeleteObjects: 0.130500 ms)

AssetImportParameters requested are different than current active one (requested -> active):
  custom:container-demuxer-ogg: 62fdf1f143b41e24485cea50d1cbac27 -> 
  custom:video-decoder-ogg-theora: a1e56fd34408186e4bbccfd4996cb3dc -> 
  custom:framework-win-MediaFoundation: 216162199b28c13a410421893ffa2e32 -> 
  custom:CustomObjectIndexerAttribute: 6d391050e5a25f67b0a2c618074f2cd9 -> 
  custom:container-demuxer-webm: 4f35f7cbe854078d1ac9338744f61a02 -> 
  custom:container-muxer-webm: aa71ff27fc2769a1b78a27578f13a17b -> 
  custom:video-decoder-webm-vp8: 9c59270c3fd7afecdb556c50c9e8de78 -> 
  custom:SearchIndexIgnoredProperties: e643bd26f0fe6173181afceb89e7c659 -> 
  custom:AudioImporter_EditorPlatform: d09bf68614088b80899f8185d706f6e7 -> 
  custom:video-encoder-webm-vp8: eb34c28f22e8b96e1ab97ce403110664 -> 
  custom:audio-decoder-ogg-vorbis: bf7c407c2cedff20999df2af8eb42d56 -> 
  custom:audio-encoder-webm-vorbis: bf7c407c2cedff20999df2af8eb42d56 -> 
========================================================================
Received Import Request.
  Time since last request: 103837.481010 seconds.
  path: Assets/RTS Engine/Demo/Kenney Assets/Fantasy Town Pack/wallWoodWindowShutters.fbx
  artifactKey: Guid(e2d3bfb75c6ff6c439cdcd8f41a347fb) Importer(815301076,1909f56bfc062723c751e8b465ee728b)
Start importing Assets/RTS Engine/Demo/Kenney Assets/Fantasy Town Pack/wallWoodWindowShutters.fbx using Guid(e2d3bfb75c6ff6c439cdcd8f41a347fb) Importer(815301076,1909f56bfc062723c751e8b465ee728b)  -> (artifact id: 'f40eea5e731d0fe8229481941be460bf') in 0.140030 seconds
Number of updated asset objects reloaded before import = 0
Number of asset objects unloaded after import = 9
========================================================================
Received Import Request.
  Time since last request: 0.000046 seconds.
  path: Assets/RTS Engine/Demo/Kenney Assets/Fantasy Town Pack/wallDetailCross.fbx
  artifactKey: Guid(4cc8a3fd8a47c8140b55c0246a2e0972) Importer(815301076,1909f56bfc062723c751e8b465ee728b)
Start importing Assets/RTS Engine/Demo/Kenney Assets/Fantasy Town Pack/wallDetailCross.fbx using Guid(4cc8a3fd8a47c8140b55c0246a2e0972) Importer(815301076,1909f56bfc062723c751e8b465ee728b)  -> (artifact id: '37c1beb5be72fedab3b4509df134b5b2') in 0.022503 seconds
Number of updated asset objects reloaded before import = 0
Number of asset objects unloaded after import = 9
========================================================================
Received Import Request.
  Time since last request: 0.000017 seconds.
  path: Assets/RTS Engine/Demo/Kenney Assets/Fantasy Town Pack/wallWoodDoorwaySquareWide.fbx
  artifactKey: Guid(44bdbaf75333d6b4c9368c065e0cfdf4) Importer(815301076,1909f56bfc062723c751e8b465ee728b)
Start importing Assets/RTS Engine/Demo/Kenney Assets/Fantasy Town Pack/wallWoodDoorwaySquareWide.fbx using Guid(44bdbaf75333d6b4c9368c065e0cfdf4) Importer(815301076,1909f56bfc062723c751e8b465ee728b)  -> (artifact id: '638b05a22cb472f258033b4858af6696') in 0.032374 seconds
Number of updated asset objects reloaded before import = 0
Number of asset objects unloaded after import = 10
========================================================================
Received Import Request.
  Time since last request: 0.000013 seconds.
  path: Assets/RTS Engine/Demo/Kenney Assets/Castle Kit/Models/siegeBallista.fbx
  artifactKey: Guid(15590369d6c0b4145aa2e88982ebe47f) Importer(815301076,1909f56bfc062723c751e8b465ee728b)
Start importing Assets/RTS Engine/Demo/Kenney Assets/Castle Kit/Models/siegeBallista.fbx using Guid(15590369d6c0b4145aa2e88982ebe47f) Importer(815301076,1909f56bfc062723c751e8b465ee728b)  -> (artifact id: '6ccc5c08e30a578e95a2c28d2c7b4ff0') in 0.081919 seconds
Number of updated asset objects reloaded before import = 0
Number of asset objects unloaded after import = 38
========================================================================
Received Import Request.
  Time since last request: 0.000020 seconds.
  path: Assets/RTS Engine/Demo/Kenney Assets/Fantasy Town Pack/wallWoodHalf.fbx
  artifactKey: Guid(e5f88edb5d62e804f95534385fcc3b51) Importer(815301076,1909f56bfc062723c751e8b465ee728b)
Start importing Assets/RTS Engine/Demo/Kenney Assets/Fantasy Town Pack/wallWoodHalf.fbx using Guid(e5f88edb5d62e804f95534385fcc3b51) Importer(815301076,1909f56bfc062723c751e8b465ee728b)  -> (artifact id: 'f64ae2d614e87f690854cea6170fe6bb') in 0.023680 seconds
Number of updated asset objects reloaded before import = 0
Number of asset objects unloaded after import = 9
========================================================================
Received Import Request.
  Time since last request: 0.000022 seconds.
  path: Assets/RTS Engine/Demo/Kenney Assets/Castle Kit/Models/siegeTower.fbx
  artifactKey: Guid(925abf4233c9d1b45ba1d30dbacc0a42) Importer(815301076,1909f56bfc062723c751e8b465ee728b)
Start importing Assets/RTS Engine/Demo/Kenney Assets/Castle Kit/Models/siegeTower.fbx using Guid(925abf4233c9d1b45ba1d30dbacc0a42) Importer(815301076,1909f56bfc062723c751e8b465ee728b)  -> (artifact id: '1ef6bf4283da6b84ac3d84bef1bab487') in 0.083045 seconds
Number of updated asset objects reloaded before import = 0
Number of asset objects unloaded after import = 49
========================================================================
Received Import Request.
  Time since last request: 0.000020 seconds.
  path: Assets/RTS Engine/Demo/Kenney Assets/Fantasy Town Pack/wallWoodRounded.fbx
  artifactKey: Guid(5b9f09e41e90a814d89881e8196c41e1) Importer(815301076,1909f56bfc062723c751e8b465ee728b)
Start importing Assets/RTS Engine/Demo/Kenney Assets/Fantasy Town Pack/wallWoodRounded.fbx using Guid(5b9f09e41e90a814d89881e8196c41e1) Importer(815301076,1909f56bfc062723c751e8b465ee728b)  -> (artifact id: '3c3794ae0c1a9916e3d085459b62f04d') in 0.020488 seconds
Number of updated asset objects reloaded before import = 0
Number of asset objects unloaded after import = 9
========================================================================
Received Import Request.
  Time since last request: 0.000033 seconds.
  path: Assets/RTS Engine/Demo/Kenney Assets/Fantasy Town Pack/wallWoodWindowGlass.fbx
  artifactKey: Guid(6ce3469b5d81c724e8ad838c2ccd87e3) Importer(815301076,1909f56bfc062723c751e8b465ee728b)
Start importing Assets/RTS Engine/Demo/Kenney Assets/Fantasy Town Pack/wallWoodWindowGlass.fbx using Guid(6ce3469b5d81c724e8ad838c2ccd87e3) Importer(815301076,1909f56bfc062723c751e8b465ee728b)  -> (artifact id: '4241b057f0b7d82504912d9941bae7e5') in 0.021657 seconds
Number of updated asset objects reloaded before import = 0
Number of asset objects unloaded after import = 9
========================================================================
Received Import Request.
  Time since last request: 0.000015 seconds.
  path: Assets/RTS Engine/Demo/Kenney Assets/Castle Kit/Models/wallToNarrow.fbx
  artifactKey: Guid(6583af6b944327444a15fb00a5eb10a2) Importer(815301076,1909f56bfc062723c751e8b465ee728b)
Start importing Assets/RTS Engine/Demo/Kenney Assets/Castle Kit/Models/wallToNarrow.fbx using Guid(6583af6b944327444a15fb00a5eb10a2) Importer(815301076,1909f56bfc062723c751e8b465ee728b)  -> (artifact id: 'ca529d889a4c884a21640b3f2ae6ee19') in 0.013333 seconds
Number of updated asset objects reloaded before import = 0
Number of asset objects unloaded after import = 9
========================================================================
Received Import Request.
  Time since last request: 0.000018 seconds.
  path: Assets/RTS Engine/Demo/Kenney Assets/Castle Kit/Models/siegeCatapult.fbx
  artifactKey: Guid(72075031125b52d4f8f07891937d5091) Importer(815301076,1909f56bfc062723c751e8b465ee728b)
Start importing Assets/RTS Engine/Demo/Kenney Assets/Castle Kit/Models/siegeCatapult.fbx using Guid(72075031125b52d4f8f07891937d5091) Importer(815301076,1909f56bfc062723c751e8b465ee728b)  -> (artifact id: '2de6a5f1e5c938d3d97b37719275b323') in 0.064376 seconds
Number of updated asset objects reloaded before import = 0
Number of asset objects unloaded after import = 48
========================================================================
Received Import Request.
  Time since last request: 77.966341 seconds.
  path: Assets/RTS Engine/Demo/Kenney Assets/Nature Kit/sign.fbx
  artifactKey: Guid(81e1eff7d1d772a40b84ad46508aaf5a) Importer(815301076,1909f56bfc062723c751e8b465ee728b)
Start importing Assets/RTS Engine/Demo/Kenney Assets/Nature Kit/sign.fbx using Guid(81e1eff7d1d772a40b84ad46508aaf5a) Importer(815301076,1909f56bfc062723c751e8b465ee728b)  -> (artifact id: '6e3fc1ffa9eb97fbadce83287d1cdfa4') in 0.024989 seconds
Number of updated asset objects reloaded before import = 0
Number of asset objects unloaded after import = 10
========================================================================
Received Import Request.
  Time since last request: 0.010268 seconds.
  path: Assets/RTS Engine/Demo/Kenney Assets/Fantasy Town Pack/wallWood.fbx
  artifactKey: Guid(0c45ca52836ad9045a783b6d880fec96) Importer(815301076,1909f56bfc062723c751e8b465ee728b)
Start importing Assets/RTS Engine/Demo/Kenney Assets/Fantasy Town Pack/wallWood.fbx using Guid(0c45ca52836ad9045a783b6d880fec96) Importer(815301076,1909f56bfc062723c751e8b465ee728b)  -> (artifact id: '82020560ad7559774bce43e1424880fb') in 0.021014 seconds
Number of updated asset objects reloaded before import = 0
Number of asset objects unloaded after import = 9
========================================================================
Received Import Request.
  Time since last request: 0.000017 seconds.
  path: Assets/RTS Engine/Demo/Kenney Assets/Nature Kit/log_stackLarge.fbx
  artifactKey: Guid(ec5f4a060bd62934481ddc3623aa7587) Importer(815301076,1909f56bfc062723c751e8b465ee728b)
Start importing Assets/RTS Engine/Demo/Kenney Assets/Nature Kit/log_stackLarge.fbx using Guid(ec5f4a060bd62934481ddc3623aa7587) Importer(815301076,1909f56bfc062723c751e8b465ee728b)  -> (artifact id: '682eb4d9dfa25f1a35f638a48e97a712') in 0.029820 seconds
Number of updated asset objects reloaded before import = 0
Number of asset objects unloaded after import = 10
========================================================================
Received Import Request.
  Time since last request: 0.000015 seconds.
  path: Assets/RTS Engine/Demo/Kenney Assets/Nature Kit/log_stack.fbx
  artifactKey: Guid(ef772d6951be5224999defd974de7169) Importer(815301076,1909f56bfc062723c751e8b465ee728b)
Start importing Assets/RTS Engine/Demo/Kenney Assets/Nature Kit/log_stack.fbx using Guid(ef772d6951be5224999defd974de7169) Importer(815301076,1909f56bfc062723c751e8b465ee728b)  -> (artifact id: '28ea1c68324727f8545db94ce99e3eec') in 0.019550 seconds
Number of updated asset objects reloaded before import = 0
Number of asset objects unloaded after import = 9
========================================================================
Received Import Request.
  Time since last request: 0.000016 seconds.
  path: Assets/RTS Engine/Demo/Kenney Assets/Nature Kit/fence_simpleDiagonal.fbx
  artifactKey: Guid(5cca9443d2771d644b43e6051544fce4) Importer(815301076,1909f56bfc062723c751e8b465ee728b)
Start importing Assets/RTS Engine/Demo/Kenney Assets/Nature Kit/fence_simpleDiagonal.fbx using Guid(5cca9443d2771d644b43e6051544fce4) Importer(815301076,1909f56bfc062723c751e8b465ee728b)  -> (artifact id: '61ff034de0d0f15d8a95c98863f3bb85') in 0.018386 seconds
Number of updated asset objects reloaded before import = 0
Number of asset objects unloaded after import = 9
========================================================================
Received Import Request.
  Time since last request: 0.000018 seconds.
  path: Assets/RTS Engine/Demo/Kenney Assets/Nature Kit/log.fbx
  artifactKey: Guid(28b7a442d6b5f4f4ea6bef38bff5df44) Importer(815301076,1909f56bfc062723c751e8b465ee728b)
Start importing Assets/RTS Engine/Demo/Kenney Assets/Nature Kit/log.fbx using Guid(28b7a442d6b5f4f4ea6bef38bff5df44) Importer(815301076,1909f56bfc062723c751e8b465ee728b)  -> (artifact id: '148d8064e44bc2891702df0e4bb00f6b') in 0.018094 seconds
Number of updated asset objects reloaded before import = 0
Number of asset objects unloaded after import = 9
========================================================================
Received Import Request.
  Time since last request: 0.000032 seconds.
  path: Assets/RTS Engine/Demo/Kenney Assets/Nature Kit/platform_beach.fbx
  artifactKey: Guid(bbe42478f2c223e4bb0d18ce05a468c9) Importer(815301076,1909f56bfc062723c751e8b465ee728b)
Start importing Assets/RTS Engine/Demo/Kenney Assets/Nature Kit/platform_beach.fbx using Guid(bbe42478f2c223e4bb0d18ce05a468c9) Importer(815301076,1909f56bfc062723c751e8b465ee728b)  -> (artifact id: 'c8f8043b28197f0abfc5abfb1428b0a1') in 0.016465 seconds
Number of updated asset objects reloaded before import = 0
Number of asset objects unloaded after import = 8
========================================================================
Received Import Request.
  Time since last request: 0.000017 seconds.
  path: Assets/RTS Engine/Demo/Kenney Assets/Graveyard Pack/fence.fbx
  artifactKey: Guid(3426eaf16089d8b43af6550ca8cdf8e1) Importer(815301076,1909f56bfc062723c751e8b465ee728b)
Start importing Assets/RTS Engine/Demo/Kenney Assets/Graveyard Pack/fence.fbx using Guid(3426eaf16089d8b43af6550ca8cdf8e1) Importer(815301076,1909f56bfc062723c751e8b465ee728b)  -> (artifact id: '4724d7e980d616aa9573acc7116e5c38') in 0.033506 seconds
Number of updated asset objects reloaded before import = 0
Number of asset objects unloaded after import = 19
========================================================================
Received Import Request.
  Time since last request: 0.000036 seconds.
  path: Assets/RTS Engine/Demo/Kenney Assets/Fantasy Town Pack/fenceGate.fbx
  artifactKey: Guid(ba6ed20dd1a5fce4db58a1e437b87660) Importer(815301076,1909f56bfc062723c751e8b465ee728b)
Start importing Assets/RTS Engine/Demo/Kenney Assets/Fantasy Town Pack/fenceGate.fbx using Guid(ba6ed20dd1a5fce4db58a1e437b87660) Importer(815301076,1909f56bfc062723c751e8b465ee728b)  -> (artifact id: '85f37dba2a9afa6161807c7d0542d052') in 0.030713 seconds
Number of updated asset objects reloaded before import = 0
Number of asset objects unloaded after import = 15
========================================================================
Received Import Request.
  Time since last request: 0.000024 seconds.
  path: Assets/RTS Engine/Demo/Kenney Assets/Graveyard Pack/coffinOld.fbx
  artifactKey: Guid(8340a2d24bb1ee64ea6760d2b4502a1b) Importer(815301076,1909f56bfc062723c751e8b465ee728b)
Start importing Assets/RTS Engine/Demo/Kenney Assets/Graveyard Pack/coffinOld.fbx using Guid(8340a2d24bb1ee64ea6760d2b4502a1b) Importer(815301076,1909f56bfc062723c751e8b465ee728b)  -> (artifact id: '0a564e2ad2fb63c0fe3537bb3e7580c5') in 0.020857 seconds
Number of updated asset objects reloaded before import = 0
Number of asset objects unloaded after import = 9
========================================================================
Received Import Request.
  Time since last request: 2.389664 seconds.
  path: Assets/TextMesh Pro/Examples & Extras/Resources/Fonts & Materials/Anton SDF.asset
  artifactKey: Guid(8a89fa14b10d46a99122fd4f73fca9a2) Importer(815301076,1909f56bfc062723c751e8b465ee728b)
Start importing Assets/TextMesh Pro/Examples & Extras/Resources/Fonts & Materials/Anton SDF.asset using Guid(8a89fa14b10d46a99122fd4f73fca9a2) Importer(815301076,1909f56bfc062723c751e8b465ee728b)  -> (artifact id: 'af32d9bb976be940106f2f05b2bc5da1') in 0.038366 seconds
Number of updated asset objects reloaded before import = 0
Number of asset objects unloaded after import = 6
========================================================================
Received Import Request.
  Time since last request: 0.000015 seconds.
  path: Assets/RTS Engine/Core/Selection/Materials/NegativeSelectionMaterial.mat
  artifactKey: Guid(5215ea7138b4d6b48ad0a2a29de919c6) Importer(815301076,1909f56bfc062723c751e8b465ee728b)
Start importing Assets/RTS Engine/Core/Selection/Materials/NegativeSelectionMaterial.mat using Guid(5215ea7138b4d6b48ad0a2a29de919c6) Importer(815301076,1909f56bfc062723c751e8b465ee728b)  -> (artifact id: '952d291acaa868a5da10c774b71fe405') in 0.014495 seconds
Number of updated asset objects reloaded before import = 0
Number of asset objects unloaded after import = 2
========================================================================
Received Import Request.
  Time since last request: 0.000018 seconds.
  path: Assets/Art_Assets/Buildings/Battleground/Textures/Material_City Blocks.mat
  artifactKey: Guid(c2df61122ed661d458f9ab392e763277) Importer(815301076,1909f56bfc062723c751e8b465ee728b)
Start importing Assets/Art_Assets/Buildings/Battleground/Textures/Material_City Blocks.mat using Guid(c2df61122ed661d458f9ab392e763277) Importer(815301076,1909f56bfc062723c751e8b465ee728b)  -> (artifact id: 'a72ab2de87f20847d3f0369659e86ab5') in 0.009012 seconds
Number of updated asset objects reloaded before import = 0
Number of asset objects unloaded after import = 3
========================================================================
Received Import Request.
  Time since last request: 0.000031 seconds.
  path: Assets/TextMesh Pro/Examples & Extras/Fonts/Oswald-Bold.ttf
  artifactKey: Guid(c9f6d0e7bc8541498c9a4799ba184ede) Importer(815301076,1909f56bfc062723c751e8b465ee728b)
Start importing Assets/TextMesh Pro/Examples & Extras/Fonts/Oswald-Bold.ttf using Guid(c9f6d0e7bc8541498c9a4799ba184ede) Importer(815301076,1909f56bfc062723c751e8b465ee728b)  -> (artifact id: 'ad0f5fb7ce287f3943c453a0870f16d0') in 0.013255 seconds
Number of updated asset objects reloaded before import = 0
Number of asset objects unloaded after import = 4
========================================================================
Received Import Request.
  Time since last request: 0.000013 seconds.
  path: Assets/TextMesh Pro/Examples & Extras/Fonts/Roboto-Bold.ttf
  artifactKey: Guid(4beb055f07aaff244873dec698d0363e) Importer(815301076,1909f56bfc062723c751e8b465ee728b)
Start importing Assets/TextMesh Pro/Examples & Extras/Fonts/Roboto-Bold.ttf using Guid(4beb055f07aaff244873dec698d0363e) Importer(815301076,1909f56bfc062723c751e8b465ee728b)  -> (artifact id: '14c221c04bf0b351be787a331f1d523f') in 0.011082 seconds
Number of updated asset objects reloaded before import = 0
Number of asset objects unloaded after import = 4
========================================================================
Received Import Request.
  Time since last request: 0.000013 seconds.
  path: Assets/RTS Engine/Demo/UnitExtension/Source/catapult/catapult_rock_material.mat
  artifactKey: Guid(10857039096d32c4eb85a3cbcdc765dd) Importer(815301076,1909f56bfc062723c751e8b465ee728b)
Start importing Assets/RTS Engine/Demo/UnitExtension/Source/catapult/catapult_rock_material.mat using Guid(10857039096d32c4eb85a3cbcdc765dd) Importer(815301076,1909f56bfc062723c751e8b465ee728b)  -> (artifact id: '5c50fb35778378b1668dc06a4e59e573') in 0.008393 seconds
Number of updated asset objects reloaded before import = 0
Number of asset objects unloaded after import = 1
========================================================================
Received Import Request.
  Time since last request: 0.000037 seconds.
  path: Assets/Art_Assets/Buildings/Battleground/Textures/Material_Team Base Floor.mat
  artifactKey: Guid(5876675165e4bf04aab4b6a2052737f1) Importer(815301076,1909f56bfc062723c751e8b465ee728b)
Start importing Assets/Art_Assets/Buildings/Battleground/Textures/Material_Team Base Floor.mat using Guid(5876675165e4bf04aab4b6a2052737f1) Importer(815301076,1909f56bfc062723c751e8b465ee728b)  -> (artifact id: 'b9dcb3dd275be8eefd7c99011b0bf94d') in 0.009976 seconds
Number of updated asset objects reloaded before import = 0
Number of asset objects unloaded after import = 4
========================================================================
Received Import Request.
  Time since last request: 0.000032 seconds.
  path: Assets/TextMesh Pro/Resources/Fonts & Materials/LiberationSans SDF - Fallback.asset
  artifactKey: Guid(2e498d1c8094910479dc3e1b768306a4) Importer(815301076,1909f56bfc062723c751e8b465ee728b)
Start importing Assets/TextMesh Pro/Resources/Fonts & Materials/LiberationSans SDF - Fallback.asset using Guid(2e498d1c8094910479dc3e1b768306a4) Importer(815301076,1909f56bfc062723c751e8b465ee728b)  -> (artifact id: '19995e0deb6bb6d3a8a7c291b0a7e453') in 0.010845 seconds
Number of updated asset objects reloaded before import = 0
Number of asset objects unloaded after import = 6
========================================================================
Received Import Request.
  Time since last request: 0.000017 seconds.
  path: Assets/RTS Engine/Core/Selection/Materials/PositiveSelectionMaterial.mat
  artifactKey: Guid(8c62b43315aec3648b8377753c2e308d) Importer(815301076,1909f56bfc062723c751e8b465ee728b)
Start importing Assets/RTS Engine/Core/Selection/Materials/PositiveSelectionMaterial.mat using Guid(8c62b43315aec3648b8377753c2e308d) Importer(815301076,1909f56bfc062723c751e8b465ee728b)  -> (artifact id: '125e2c68650984f0f06adaef06f697f9') in 0.010479 seconds
Number of updated asset objects reloaded before import = 0
Number of asset objects unloaded after import = 2
========================================================================
Received Import Request.
  Time since last request: 0.000054 seconds.
  path: Assets/Art_Assets/Buildings/Battleground/Textures/Material_Team Bases_Light Gray.mat
  artifactKey: Guid(bfc8caff1945a3544928abe2b3dbc838) Importer(815301076,1909f56bfc062723c751e8b465ee728b)
Start importing Assets/Art_Assets/Buildings/Battleground/Textures/Material_Team Bases_Light Gray.mat using Guid(bfc8caff1945a3544928abe2b3dbc838) Importer(815301076,1909f56bfc062723c751e8b465ee728b)  -> (artifact id: '3891244efe3b1aa948836f25d7559e64') in 0.006992 seconds
Number of updated asset objects reloaded before import = 0
Number of asset objects unloaded after import = 1
========================================================================
Received Import Request.
  Time since last request: 0.000014 seconds.
  path: Assets/Art_Assets/Buildings/CoX/Material_CoX_Outpost.mat
  artifactKey: Guid(031ac445e7cef734897ddbd3530ea8b8) Importer(815301076,1909f56bfc062723c751e8b465ee728b)
Start importing Assets/Art_Assets/Buildings/CoX/Material_CoX_Outpost.mat using Guid(031ac445e7cef734897ddbd3530ea8b8) Importer(815301076,1909f56bfc062723c751e8b465ee728b)  -> (artifact id: 'eb590c82501fc67ad0b73c95c0f4ceb3') in 0.009719 seconds
Number of updated asset objects reloaded before import = 0
Number of asset objects unloaded after import = 2
========================================================================
Received Import Request.
  Time since last request: 0.000017 seconds.
  path: Assets/Art_Assets/Buildings/Yamatan/Material_Yamatan Outpost_Gray.mat
  artifactKey: Guid(de5a8d5e76d24ab4899b7b3f58f78b3a) Importer(815301076,1909f56bfc062723c751e8b465ee728b)
Start importing Assets/Art_Assets/Buildings/Yamatan/Material_Yamatan Outpost_Gray.mat using Guid(de5a8d5e76d24ab4899b7b3f58f78b3a) Importer(815301076,1909f56bfc062723c751e8b465ee728b)  -> (artifact id: '9b86089d4b93238421e7259a5babbec5') in 0.008433 seconds
Number of updated asset objects reloaded before import = 0
Number of asset objects unloaded after import = 1
========================================================================
Received Import Request.
  Time since last request: 0.000017 seconds.
  path: Assets/TextMesh Pro/Resources/Fonts & Materials/LiberationSans SDF.asset
  artifactKey: Guid(8f586378b4e144a9851e7b34d9b748ee) Importer(815301076,1909f56bfc062723c751e8b465ee728b)
Start importing Assets/TextMesh Pro/Resources/Fonts & Materials/LiberationSans SDF.asset using Guid(8f586378b4e144a9851e7b34d9b748ee) Importer(815301076,1909f56bfc062723c751e8b465ee728b)  -> (artifact id: '07951c72108404e0f7a192184f6f23f6') in 0.041543 seconds
Number of updated asset objects reloaded before import = 0
Number of asset objects unloaded after import = 9
========================================================================
Received Import Request.
  Time since last request: 0.000017 seconds.
  path: Assets/RTS Engine/Core/Selection/Materials/selection_renderer_material.mat
  artifactKey: Guid(7d96e88e1865f3d4f995ab72acec5bc6) Importer(815301076,1909f56bfc062723c751e8b465ee728b)
Start importing Assets/RTS Engine/Core/Selection/Materials/selection_renderer_material.mat using Guid(7d96e88e1865f3d4f995ab72acec5bc6) Importer(815301076,1909f56bfc062723c751e8b465ee728b)  -> (artifact id: '5852b366d29d4af18dd88dbd5086426a') in 0.008107 seconds
Number of updated asset objects reloaded before import = 0
Number of asset objects unloaded after import = 2
========================================================================
Received Import Request.
  Time since last request: 0.000014 seconds.
  path: Assets/Art_Assets/Buildings/Yamatan/Material_Yamatan Outpost_Dark Gray.mat
  artifactKey: Guid(b71d7f439f955fa488ecc67e98f6f22c) Importer(815301076,1909f56bfc062723c751e8b465ee728b)
Start importing Assets/Art_Assets/Buildings/Yamatan/Material_Yamatan Outpost_Dark Gray.mat using Guid(b71d7f439f955fa488ecc67e98f6f22c) Importer(815301076,1909f56bfc062723c751e8b465ee728b)  -> (artifact id: '0298d2b5a600747f5acb47c36f1ec238') in 0.008144 seconds
Number of updated asset objects reloaded before import = 0
Number of asset objects unloaded after import = 2
========================================================================
Received Import Request.
  Time since last request: 0.000015 seconds.
  path: Assets/Art_Assets/Buildings/Battleground/Textures/Material_Team Bases_Dark Gray.mat
  artifactKey: Guid(c0118126fa499644daed5f55b844158e) Importer(815301076,1909f56bfc062723c751e8b465ee728b)
Start importing Assets/Art_Assets/Buildings/Battleground/Textures/Material_Team Bases_Dark Gray.mat using Guid(c0118126fa499644daed5f55b844158e) Importer(815301076,1909f56bfc062723c751e8b465ee728b)  -> (artifact id: 'be894bfd536112d2a6562479c6be1e83') in 0.005623 seconds
Number of updated asset objects reloaded before import = 0
Number of asset objects unloaded after import = 1
========================================================================
Received Import Request.
  Time since last request: 0.000016 seconds.
  path: Assets/Art_Assets/Buildings/Skyforgers/Material_SF_Albedo_4.mat
  artifactKey: Guid(03dbdd1a4ce721647839284657e6bd14) Importer(815301076,1909f56bfc062723c751e8b465ee728b)
Start importing Assets/Art_Assets/Buildings/Skyforgers/Material_SF_Albedo_4.mat using Guid(03dbdd1a4ce721647839284657e6bd14) Importer(815301076,1909f56bfc062723c751e8b465ee728b)  -> (artifact id: '7f61f43932a2018cbcc5152e73b6f398') in 0.007029 seconds
Number of updated asset objects reloaded before import = 0
Number of asset objects unloaded after import = 1
========================================================================
Received Import Request.
  Time since last request: 0.000044 seconds.
  path: Assets/RTS Engine/Demo/BuildingExtension/border/border_object_material.mat
  artifactKey: Guid(343c0e3d06e3c424d9ff97829f5f365b) Importer(815301076,1909f56bfc062723c751e8b465ee728b)
Start importing Assets/RTS Engine/Demo/BuildingExtension/border/border_object_material.mat using Guid(343c0e3d06e3c424d9ff97829f5f365b) Importer(815301076,1909f56bfc062723c751e8b465ee728b)  -> (artifact id: 'fb9f57effaa0bd98ad06973d54a6251a') in 0.006364 seconds
Number of updated asset objects reloaded before import = 0
Number of asset objects unloaded after import = 1
========================================================================
Received Import Request.
  Time since last request: 0.000018 seconds.
  path: Assets/RTS Engine/Demo/UI/Fonts/Kenney Future Narrow.ttf
  artifactKey: Guid(bc6289b5467678c49886c3997ad120b1) Importer(815301076,1909f56bfc062723c751e8b465ee728b)
Start importing Assets/RTS Engine/Demo/UI/Fonts/Kenney Future Narrow.ttf using Guid(bc6289b5467678c49886c3997ad120b1) Importer(815301076,1909f56bfc062723c751e8b465ee728b)  -> (artifact id: 'cf49ddbb9375220c64d765973f95f74c') in 0.009960 seconds
Number of updated asset objects reloaded before import = 0
Number of asset objects unloaded after import = 4
========================================================================
Received Import Request.
  Time since last request: 0.000014 seconds.
  path: Assets/Art_Assets/Buildings/Battleground/wallattempt16blend.fbx
  artifactKey: Guid(6ad4388d0031ce54790fc494df56ea2e) Importer(815301076,1909f56bfc062723c751e8b465ee728b)
Start importing Assets/Art_Assets/Buildings/Battleground/wallattempt16blend.fbx using Guid(6ad4388d0031ce54790fc494df56ea2e) Importer(815301076,1909f56bfc062723c751e8b465ee728b)  -> (artifact id: '56d8195e77092055e32599c728c1ff76') in 0.074995 seconds
Number of updated asset objects reloaded before import = 0
Number of asset objects unloaded after import = 32
========================================================================
Received Import Request.
  Time since last request: 0.000022 seconds.
  path: Assets/Art_Assets/Buildings/Skyforgers/Material_SF_Albedo_3.mat
  artifactKey: Guid(3c73d47a37023d54cbab162d836c3b4f) Importer(815301076,1909f56bfc062723c751e8b465ee728b)
Start importing Assets/Art_Assets/Buildings/Skyforgers/Material_SF_Albedo_3.mat using Guid(3c73d47a37023d54cbab162d836c3b4f) Importer(815301076,1909f56bfc062723c751e8b465ee728b)  -> (artifact id: '2b2445e684bb1f0def11d84fcce2ea29') in 0.006307 seconds
Number of updated asset objects reloaded before import = 0
Number of asset objects unloaded after import = 1
========================================================================
Received Import Request.
  Time since last request: 0.000072 seconds.
  path: Assets/Art_Assets/Buildings/Battleground/Textures/Material_Team Bases_Light Light Gray.mat
  artifactKey: Guid(2326390bac4fcc74f8dd32d4ce568b9a) Importer(815301076,1909f56bfc062723c751e8b465ee728b)
Start importing Assets/Art_Assets/Buildings/Battleground/Textures/Material_Team Bases_Light Light Gray.mat using Guid(2326390bac4fcc74f8dd32d4ce568b9a) Importer(815301076,1909f56bfc062723c751e8b465ee728b)  -> (artifact id: '53f8595202fc7112191a4ae510621b69') in 0.006414 seconds
Number of updated asset objects reloaded before import = 0
Number of asset objects unloaded after import = 1
========================================================================
Received Import Request.
  Time since last request: 0.000013 seconds.
  path: Assets/TextMesh Pro/Examples & Extras/Resources/Fonts & Materials/Oswald Bold SDF.asset
  artifactKey: Guid(0161d805a3764c089bef00bfe00793f5) Importer(815301076,1909f56bfc062723c751e8b465ee728b)
Start importing Assets/TextMesh Pro/Examples & Extras/Resources/Fonts & Materials/Oswald Bold SDF.asset using Guid(0161d805a3764c089bef00bfe00793f5) Importer(815301076,1909f56bfc062723c751e8b465ee728b)  -> (artifact id: 'c74ec5c2c0376b12d7fb68bb510edefd') in 0.011734 seconds
Number of updated asset objects reloaded before import = 0
Number of asset objects unloaded after import = 6
========================================================================
Received Import Request.
  Time since last request: 313.799313 seconds.
  path: Assets/Art_Assets/Buildings/Skyforgers/Homeworld/Skyforger_Homeworld_Anvil/3abdffcf010c_A_large_sci_fi_alie.obj
  artifactKey: Guid(58cb9962d073db046b390d1585febc57) Importer(815301076,1909f56bfc062723c751e8b465ee728b)
Start importing Assets/Art_Assets/Buildings/Skyforgers/Homeworld/Skyforger_Homeworld_Anvil/3abdffcf010c_A_large_sci_fi_alie.obj using Guid(58cb9962d073db046b390d1585febc57) Importer(815301076,1909f56bfc062723c751e8b465ee728b)  -> (artifact id: '1699c9ddd70312b26d87a3f78a1886da') in 0.033993 seconds
Number of updated asset objects reloaded before import = 0
Number of asset objects unloaded after import = 10
========================================================================
Received Import Request.
  Time since last request: 0.009515 seconds.
  path: Assets/RTS Engine/Demo/Kenney Assets/Nature pack/Brown_Cliff_01.obj
  artifactKey: Guid(753346974f38e344b9f0d0aa453fd5d6) Importer(815301076,1909f56bfc062723c751e8b465ee728b)
Start importing Assets/RTS Engine/Demo/Kenney Assets/Nature pack/Brown_Cliff_01.obj using Guid(753346974f38e344b9f0d0aa453fd5d6) Importer(815301076,1909f56bfc062723c751e8b465ee728b)  -> (artifact id: '2ad53f0dbf645e3e7928f351d3a42ffc') in 0.022973 seconds
Number of updated asset objects reloaded before import = 0
Number of asset objects unloaded after import = 10
========================================================================
Received Import Request.
  Time since last request: 0.000013 seconds.
  path: Assets/RTS Engine/Demo/Kenney Assets/Nature pack/Brown_Cliff_Corner_Green_Top_01.obj
  artifactKey: Guid(6bbd3f1d863051640bdbd4142b20db8e) Importer(815301076,1909f56bfc062723c751e8b465ee728b)
Start importing Assets/RTS Engine/Demo/Kenney Assets/Nature pack/Brown_Cliff_Corner_Green_Top_01.obj using Guid(6bbd3f1d863051640bdbd4142b20db8e) Importer(815301076,1909f56bfc062723c751e8b465ee728b)  -> (artifact id: 'e21f478d9bf383c836f37087bcd43213') in 0.023507 seconds
Number of updated asset objects reloaded before import = 0
Number of asset objects unloaded after import = 11
========================================================================
Received Import Request.
  Time since last request: 0.000041 seconds.
  path: Assets/RTS Engine/Demo/Kenney Assets/Nature Kit/cliff_blockCave_stone.fbx
  artifactKey: Guid(bebb2ebfb183baf47a09bd498bf988a7) Importer(815301076,1909f56bfc062723c751e8b465ee728b)
Start importing Assets/RTS Engine/Demo/Kenney Assets/Nature Kit/cliff_blockCave_stone.fbx using Guid(bebb2ebfb183baf47a09bd498bf988a7) Importer(815301076,1909f56bfc062723c751e8b465ee728b)  -> (artifact id: 'ad8634c8ab488ea72c255836ca7efa4b') in 0.056072 seconds
Number of updated asset objects reloaded before import = 0
Number of asset objects unloaded after import = 9
========================================================================
Received Import Request.
  Time since last request: 0.000020 seconds.
  path: Assets/RTS Engine/Demo/Kenney Assets/Nature pack/Brown_Cliff_End_Green_Top_01.obj
  artifactKey: Guid(45e7cab67c931d74592960e279e21dc6) Importer(815301076,1909f56bfc062723c751e8b465ee728b)
Start importing Assets/RTS Engine/Demo/Kenney Assets/Nature pack/Brown_Cliff_End_Green_Top_01.obj using Guid(45e7cab67c931d74592960e279e21dc6) Importer(815301076,1909f56bfc062723c751e8b465ee728b)  -> (artifact id: '75016fa3f96ceae42ca592c24d3d8303') in 0.068310 seconds
Number of updated asset objects reloaded before import = 0
Number of asset objects unloaded after import = 11
========================================================================
Received Import Request.
  Time since last request: 0.000021 seconds.
  path: Assets/RTS Engine/Demo/Kenney Assets/Nature pack/Brown_Cliff_Top_Corner_01.obj
  artifactKey: Guid(50316f977c9af954db734bf4732491f8) Importer(815301076,1909f56bfc062723c751e8b465ee728b)
Start importing Assets/RTS Engine/Demo/Kenney Assets/Nature pack/Brown_Cliff_Top_Corner_01.obj using Guid(50316f977c9af954db734bf4732491f8) Importer(815301076,1909f56bfc062723c751e8b465ee728b)  -> (artifact id: '48617fc8ae776819ccb7fe49e46f09aa') in 0.064481 seconds
Number of updated asset objects reloaded before import = 0
Number of asset objects unloaded after import = 11
========================================================================
Received Import Request.
  Time since last request: 0.000012 seconds.
  path: Assets/RTS Engine/Demo/Kenney Assets/Nature pack/Brown_Cliff_Bottom_01.obj
  artifactKey: Guid(3d410626725ecbf46aab1de9e2a6d500) Importer(815301076,1909f56bfc062723c751e8b465ee728b)
Start importing Assets/RTS Engine/Demo/Kenney Assets/Nature pack/Brown_Cliff_Bottom_01.obj using Guid(3d410626725ecbf46aab1de9e2a6d500) Importer(815301076,1909f56bfc062723c751e8b465ee728b)  -> (artifact id: '73b957ee39a302f1c804ba73dcaf8e64') in 0.030346 seconds
Number of updated asset objects reloaded before import = 0
Number of asset objects unloaded after import = 10
========================================================================
Received Import Request.
  Time since last request: 0.000040 seconds.
  path: Assets/RTS Engine/Demo/Kenney Assets/Nature Kit/cliff_blockCave_rock.fbx
  artifactKey: Guid(b4d702dc504e65a439a1d65ffc3d6b12) Importer(815301076,1909f56bfc062723c751e8b465ee728b)
Start importing Assets/RTS Engine/Demo/Kenney Assets/Nature Kit/cliff_blockCave_rock.fbx using Guid(b4d702dc504e65a439a1d65ffc3d6b12) Importer(815301076,1909f56bfc062723c751e8b465ee728b)  -> (artifact id: '4e672e639bdf70f7f6d514632b9da5a6') in 0.037483 seconds
Number of updated asset objects reloaded before import = 0
Number of asset objects unloaded after import = 9
========================================================================
Received Import Request.
  Time since last request: 0.000013 seconds.
  path: Assets/RTS Engine/Demo/Kenney Assets/Nature pack/Brown_Cliff_Corner_01.obj
  artifactKey: Guid(c93a09d408c3aa944ac2532faf893796) Importer(815301076,1909f56bfc062723c751e8b465ee728b)
Start importing Assets/RTS Engine/Demo/Kenney Assets/Nature pack/Brown_Cliff_Corner_01.obj using Guid(c93a09d408c3aa944ac2532faf893796) Importer(815301076,1909f56bfc062723c751e8b465ee728b)  -> (artifact id: '6af98b3e5b8e24d708c85d846753472d') in 0.012476 seconds
Number of updated asset objects reloaded before import = 0
Number of asset objects unloaded after import = 10
========================================================================
Received Import Request.
  Time since last request: 0.000013 seconds.
  path: Assets/RTS Engine/Demo/Kenney Assets/Nature pack/Brown_Cliff_Bottom_Corner_Green_Top_01.obj
  artifactKey: Guid(7b394ab5b5cf7be41960aa3a8c211609) Importer(815301076,1909f56bfc062723c751e8b465ee728b)
Start importing Assets/RTS Engine/Demo/Kenney Assets/Nature pack/Brown_Cliff_Bottom_Corner_Green_Top_01.obj using Guid(7b394ab5b5cf7be41960aa3a8c211609) Importer(815301076,1909f56bfc062723c751e8b465ee728b)  -> (artifact id: 'a02e9e7fc4cc422d773d51ea30df5639') in 0.012084 seconds
Number of updated asset objects reloaded before import = 0
Number of asset objects unloaded after import = 11
========================================================================
Received Import Request.
  Time since last request: 0.000022 seconds.
  path: Assets/RTS Engine/Demo/Kenney Assets/Nature Kit/cliff_blockDiagonal_stone.fbx
  artifactKey: Guid(eeaf2afa9d45824478dc57a14e7e714b) Importer(815301076,1909f56bfc062723c751e8b465ee728b)
Start importing Assets/RTS Engine/Demo/Kenney Assets/Nature Kit/cliff_blockDiagonal_stone.fbx using Guid(eeaf2afa9d45824478dc57a14e7e714b) Importer(815301076,1909f56bfc062723c751e8b465ee728b)  -> (artifact id: '9a9b4e6c4b11841b4bc8b297dc7ae5f6') in 0.016417 seconds
Number of updated asset objects reloaded before import = 0
Number of asset objects unloaded after import = 9
========================================================================
Received Import Request.
  Time since last request: 0.188937 seconds.
  path: Assets/Art_Assets/Buildings/Battleground/3DModels_Walls.fbx
  artifactKey: Guid(077d75b8f036ec24c8f50aa28c6f6573) Importer(815301076,1909f56bfc062723c751e8b465ee728b)
Start importing Assets/Art_Assets/Buildings/Battleground/3DModels_Walls.fbx using Guid(077d75b8f036ec24c8f50aa28c6f6573) Importer(815301076,1909f56bfc062723c751e8b465ee728b)  -> (artifact id: 'd662496b25dfc70a5d874c2eccff0750') in 0.030104 seconds
Number of updated asset objects reloaded before import = 0
Number of asset objects unloaded after import = 17
Editor requested this worker to shutdown with reason: Scaling down because of idle timeout
TcpMessagingSession - receive error: operation aborted. errorcode: 995, details: The I/O operation has been aborted because of either a thread exit or an application request.
AssetImportWorker is now disconnected from the server
Process exiting
Exiting without the bug reporter. Application will terminate with return code 0