Using pre-set license
Built from '2022.3/release' branch; Version is '2022.3.20f1 (61c2feb0970d) revision 6406910'; Using compiler version '192829333'; Build Type 'Release'
OS: 'Windows 11  (10.0.22631) 64bit Professional' Language: 'en' Physical Memory: 16150 MB
BatchMode: 1, IsHumanControllingUs: 0, StartBugReporterOnCrash: 0, Is64bit: 1, IsPro: 1

COMMAND LINE ARGUMENTS:
C:\Program Files\Unity\Hub\Editor\2022.3.20f1\Editor\Unity.exe
-adb2
-batchMode
-noUpm
-name
AssetImportWorker8
-projectPath
C:/Projects/AD-Combat/My project
-logFile
Logs/AssetImportWorker8.log
-srvPort
14135
Successfully changed project path to: C:/Projects/AD-Combat/My project
C:/Projects/AD-Combat/My project
[UnityMemory] Configuration Parameters - Can be set up in boot.config
    "memorysetup-bucket-allocator-granularity=16"
    "memorysetup-bucket-allocator-bucket-count=8"
    "memorysetup-bucket-allocator-block-size=33554432"
    "memorysetup-bucket-allocator-block-count=8"
    "memorysetup-main-allocator-block-size=16777216"
    "memorysetup-thread-allocator-block-size=16777216"
    "memorysetup-gfx-main-allocator-block-size=16777216"
    "memorysetup-gfx-thread-allocator-block-size=16777216"
    "memorysetup-cache-allocator-block-size=4194304"
    "memorysetup-typetree-allocator-block-size=2097152"
    "memorysetup-profiler-bucket-allocator-granularity=16"
    "memorysetup-profiler-bucket-allocator-bucket-count=8"
    "memorysetup-profiler-bucket-allocator-block-size=33554432"
    "memorysetup-profiler-bucket-allocator-block-count=8"
    "memorysetup-profiler-allocator-block-size=16777216"
    "memorysetup-profiler-editor-allocator-block-size=1048576"
    "memorysetup-temp-allocator-size-main=16777216"
    "memorysetup-job-temp-allocator-block-size=2097152"
    "memorysetup-job-temp-allocator-block-size-background=1048576"
    "memorysetup-job-temp-allocator-reduction-small-platforms=262144"
    "memorysetup-allocator-temp-initial-block-size-main=262144"
    "memorysetup-allocator-temp-initial-block-size-worker=262144"
    "memorysetup-temp-allocator-size-background-worker=32768"
    "memorysetup-temp-allocator-size-job-worker=262144"
    "memorysetup-temp-allocator-size-preload-manager=33554432"
    "memorysetup-temp-allocator-size-nav-mesh-worker=65536"
    "memorysetup-temp-allocator-size-audio-worker=65536"
    "memorysetup-temp-allocator-size-cloud-worker=32768"
    "memorysetup-temp-allocator-size-gi-baking-worker=262144"
    "memorysetup-temp-allocator-size-gfx=262144"
Player connection [43048] Host "[IP] 192.168.2.12 [Port] 0 [Flags] 2 [Guid] 282396364 [EditorId] 282396364 [Version] 1048832 [Id] WindowsEditor(7,VONBiRD) [Debug] 1 [PackageName] WindowsEditor [ProjectName] Editor" joined multi-casting on [225.0.0.222:54997]...

Player connection [43048] Host "[IP] 192.168.2.12 [Port] 0 [Flags] 2 [Guid] 282396364 [EditorId] 282396364 [Version] 1048832 [Id] WindowsEditor(7,VONBiRD) [Debug] 1 [PackageName] WindowsEditor [ProjectName] Editor" joined alternative multi-casting on [225.0.0.222:34997]...

[Physics::Module] Initialized MultithreadedJobDispatcher with 15 workers.
Refreshing native plugins compatible for Editor in 8.64 ms, found 3 plugins.
Preloading 0 native plugins for Editor in 0.00 ms.
Initialize engine version: 2022.3.20f1 (61c2feb0970d)
[Subsystems] Discovering subsystems at path C:/Program Files/Unity/Hub/Editor/2022.3.20f1/Editor/Data/Resources/UnitySubsystems
[Subsystems] Discovering subsystems at path C:/Projects/AD-Combat/My project/Assets
GfxDevice: creating device client; threaded=0; jobified=0
Direct3D:
    Version:  Direct3D 11.0 [level 11.1]
    Renderer: NVIDIA GeForce RTX 3070 Laptop GPU (ID=0x24dd)
    Vendor:   NVIDIA
    VRAM:     8020 MB
    Driver:   31.0.15.5244
Initialize mono
Mono path[0] = 'C:/Program Files/Unity/Hub/Editor/2022.3.20f1/Editor/Data/Managed'
Mono path[1] = 'C:/Program Files/Unity/Hub/Editor/2022.3.20f1/Editor/Data/MonoBleedingEdge/lib/mono/unityjit-win32'
Mono config path = 'C:/Program Files/Unity/Hub/Editor/2022.3.20f1/Editor/Data/MonoBleedingEdge/etc'
Using monoOptions --debugger-agent=transport=dt_socket,embedding=1,server=y,suspend=n,address=127.0.0.1:56924
Begin MonoManager ReloadAssembly
Registering precompiled unity dll's ...
Register platform support module: C:/Program Files/Unity/Hub/Editor/2022.3.20f1/Editor/Data/PlaybackEngines/WebGLSupport/UnityEditor.WebGL.Extensions.dll
Register platform support module: C:/Program Files/Unity/Hub/Editor/2022.3.20f1/Editor/Data/PlaybackEngines/AndroidPlayer/UnityEditor.Android.Extensions.dll
Register platform support module: C:/Program Files/Unity/Hub/Editor/2022.3.20f1/Editor/Data/PlaybackEngines/WindowsStandaloneSupport/UnityEditor.WindowsStandalone.Extensions.dll
Register platform support module: C:/Program Files/Unity/Hub/Editor/2022.3.20f1/Editor/Data/PlaybackEngines/MetroSupport/UnityEditor.UWP.Extensions.dll
Registered in 0.012232 seconds.
- Loaded All Assemblies, in  0.345 seconds
Native extension for UWP target not found
Native extension for WindowsStandalone target not found
Native extension for Android target not found
Android Extension - Scanning For ADB Devices 285 ms
Native extension for WebGL target not found
Mono: successfully reloaded assembly
- Finished resetting the current domain, in  0.638 seconds
Domain Reload Profiling: 981ms
	BeginReloadAssembly (107ms)
		ExecutionOrderSort (0ms)
		DisableScriptedObjects (0ms)
		BackupInstance (0ms)
		ReleaseScriptingObjects (0ms)
		CreateAndSetChildDomain (1ms)
	RebuildCommonClasses (32ms)
	RebuildNativeTypeToScriptingClass (10ms)
	initialDomainReloadingComplete (61ms)
	LoadAllAssembliesAndSetupDomain (134ms)
		LoadAssemblies (106ms)
		RebuildTransferFunctionScriptingTraits (0ms)
		AnalyzeDomain (131ms)
			TypeCache.Refresh (130ms)
				TypeCache.ScanAssembly (117ms)
			ScanForSourceGeneratedMonoScriptInfo (0ms)
			ResolveRequiredComponents (0ms)
	FinalizeReload (638ms)
		ReleaseScriptCaches (0ms)
		RebuildScriptCaches (0ms)
		SetupLoadedEditorAssemblies (572ms)
			LogAssemblyErrors (0ms)
			InitializePlatformSupportModulesInManaged (408ms)
			SetLoadedEditorAssemblies (4ms)
			RefreshPlugins (0ms)
			BeforeProcessingInitializeOnLoad (3ms)
			ProcessInitializeOnLoadAttributes (111ms)
			ProcessInitializeOnLoadMethodAttributes (46ms)
			AfterProcessingInitializeOnLoad (0ms)
			EditorAssembliesLoaded (0ms)
		ExecutionOrderSort2 (0ms)
		AwakeInstancesAfterBackupRestoration (0ms)
========================================================================
Worker process is ready to serve import requests
Begin MonoManager ReloadAssembly
- Loaded All Assemblies, in  0.597 seconds
Refreshing native plugins compatible for Editor in 3.12 ms, found 3 plugins.
Native extension for UWP target not found
Native extension for WindowsStandalone target not found
Native extension for Android target not found
Native extension for WebGL target not found
Package Manager log level set to [2]
[Package Manager] Server::EnsureServerProcessIsRunning -- launch failed, reason: Unity was launched with the -noUpm command-line argument
[Package Manager] UpmClient::Send -- Unable to send message (not connected to UPM process).
[Package Manager] Cannot connect to Unity Package Manager local server
Mono: successfully reloaded assembly
- Finished resetting the current domain, in  0.602 seconds
Domain Reload Profiling: 1196ms
	BeginReloadAssembly (137ms)
		ExecutionOrderSort (0ms)
		DisableScriptedObjects (5ms)
		BackupInstance (0ms)
		ReleaseScriptingObjects (0ms)
		CreateAndSetChildDomain (20ms)
	RebuildCommonClasses (30ms)
	RebuildNativeTypeToScriptingClass (11ms)
	initialDomainReloadingComplete (39ms)
	LoadAllAssembliesAndSetupDomain (378ms)
		LoadAssemblies (266ms)
		RebuildTransferFunctionScriptingTraits (0ms)
		AnalyzeDomain (190ms)
			TypeCache.Refresh (167ms)
				TypeCache.ScanAssembly (152ms)
			ScanForSourceGeneratedMonoScriptInfo (14ms)
			ResolveRequiredComponents (8ms)
	FinalizeReload (602ms)
		ReleaseScriptCaches (0ms)
		RebuildScriptCaches (0ms)
		SetupLoadedEditorAssemblies (430ms)
			LogAssemblyErrors (0ms)
			InitializePlatformSupportModulesInManaged (27ms)
			SetLoadedEditorAssemblies (4ms)
			RefreshPlugins (0ms)
			BeforeProcessingInitializeOnLoad (58ms)
			ProcessInitializeOnLoadAttributes (306ms)
			ProcessInitializeOnLoadMethodAttributes (24ms)
			AfterProcessingInitializeOnLoad (9ms)
			EditorAssembliesLoaded (0ms)
		ExecutionOrderSort2 (0ms)
		AwakeInstancesAfterBackupRestoration (6ms)
Launched and connected shader compiler UnityShaderCompiler.exe after 0.05 seconds
Refreshing native plugins compatible for Editor in 3.69 ms, found 3 plugins.
Preloading 0 native plugins for Editor in 0.00 ms.
Unloading 3742 Unused Serialized files (Serialized files now loaded: 0)
Unloading 32 unused Assets / (57.7 KB). Loaded Objects now: 4213.
Memory consumption went from 148.6 MB to 148.5 MB.
Total: 3.531400 ms (FindLiveObjects: 0.268400 ms CreateObjectMapping: 0.232000 ms MarkObjects: 2.930400 ms  DeleteObjects: 0.099600 ms)

AssetImportParameters requested are different than current active one (requested -> active):
  custom:container-demuxer-ogg: 62fdf1f143b41e24485cea50d1cbac27 -> 
  custom:video-decoder-ogg-theora: a1e56fd34408186e4bbccfd4996cb3dc -> 
  custom:framework-win-MediaFoundation: 216162199b28c13a410421893ffa2e32 -> 
  custom:CustomObjectIndexerAttribute: 6d391050e5a25f67b0a2c618074f2cd9 -> 
  custom:container-demuxer-webm: 4f35f7cbe854078d1ac9338744f61a02 -> 
  custom:container-muxer-webm: aa71ff27fc2769a1b78a27578f13a17b -> 
  custom:video-decoder-webm-vp8: 9c59270c3fd7afecdb556c50c9e8de78 -> 
  custom:SearchIndexIgnoredProperties: e643bd26f0fe6173181afceb89e7c659 -> 
  custom:AudioImporter_EditorPlatform: d09bf68614088b80899f8185d706f6e7 -> 
  custom:video-encoder-webm-vp8: eb34c28f22e8b96e1ab97ce403110664 -> 
  custom:audio-decoder-ogg-vorbis: bf7c407c2cedff20999df2af8eb42d56 -> 
  custom:audio-encoder-webm-vorbis: bf7c407c2cedff20999df2af8eb42d56 -> 
========================================================================
Received Import Request.
  Time since last request: 703150.543804 seconds.
  path: Assets/RTS Engine/Demo/Kenney Assets/Medieval Town (base)/Materials/Wood.mat
  artifactKey: Guid(f99353cca4dbe5645b59ef1e5dcfc7e0) Importer(815301076,1909f56bfc062723c751e8b465ee728b)
Start importing Assets/RTS Engine/Demo/Kenney Assets/Medieval Town (base)/Materials/Wood.mat using Guid(f99353cca4dbe5645b59ef1e5dcfc7e0) Importer(815301076,1909f56bfc062723c751e8b465ee728b)  -> (artifact id: '6c633c08379faaeaf4791dcea114788d') in 0.104947 seconds
Number of updated asset objects reloaded before import = 0
Number of asset objects unloaded after import = 1
========================================================================
Received Import Request.
  Time since last request: 0.207782 seconds.
  path: Assets/RTS Engine/Demo/Kenney Assets/Modular Buildings/Materials/Wood.mat
  artifactKey: Guid(327e2a1c4757b534e8e2466326b6aba0) Importer(815301076,1909f56bfc062723c751e8b465ee728b)
Start importing Assets/RTS Engine/Demo/Kenney Assets/Modular Buildings/Materials/Wood.mat using Guid(327e2a1c4757b534e8e2466326b6aba0) Importer(815301076,1909f56bfc062723c751e8b465ee728b)  -> (artifact id: '8e586b88059bc641a9849880a632a72a') in 0.010080 seconds
Number of updated asset objects reloaded before import = 0
Number of asset objects unloaded after import = 1
========================================================================
Received Import Request.
  Time since last request: 0.027918 seconds.
  path: Assets/RTS Engine/Demo/Kenney Assets/_Custom/Materials/wood.mat
  artifactKey: Guid(d6d6ac8b0effb5d438eb965d2b9a93e0) Importer(815301076,1909f56bfc062723c751e8b465ee728b)
Start importing Assets/RTS Engine/Demo/Kenney Assets/_Custom/Materials/wood.mat using Guid(d6d6ac8b0effb5d438eb965d2b9a93e0) Importer(815301076,1909f56bfc062723c751e8b465ee728b)  -> (artifact id: 'a9f8769bfae635e57c927425254f0bfb') in 0.007194 seconds
Number of updated asset objects reloaded before import = 0
Number of asset objects unloaded after import = 1
========================================================================
Received Import Request.
  Time since last request: 0.679686 seconds.
  path: Assets/RTS Engine/Demo/Kenney Assets/Pirate Kit/Models/FBX format/Materials/textileBlue.mat
  artifactKey: Guid(4fe5564a45466504791735583d0661fa) Importer(815301076,1909f56bfc062723c751e8b465ee728b)
Start importing Assets/RTS Engine/Demo/Kenney Assets/Pirate Kit/Models/FBX format/Materials/textileBlue.mat using Guid(4fe5564a45466504791735583d0661fa) Importer(815301076,1909f56bfc062723c751e8b465ee728b)  -> (artifact id: '3f3c6f0a307543046dd5eb5b562bfa11') in 0.010025 seconds
Number of updated asset objects reloaded before import = 0
Number of asset objects unloaded after import = 1
========================================================================
Received Import Request.
  Time since last request: 0.042025 seconds.
  path: Assets/RTS Engine/Demo/Kenney Assets/Pirate Kit/Models/FBX format/Materials/textile.mat
  artifactKey: Guid(bb1af73c8c4e77e4eb99353003413e75) Importer(815301076,1909f56bfc062723c751e8b465ee728b)
Start importing Assets/RTS Engine/Demo/Kenney Assets/Pirate Kit/Models/FBX format/Materials/textile.mat using Guid(bb1af73c8c4e77e4eb99353003413e75) Importer(815301076,1909f56bfc062723c751e8b465ee728b)  -> (artifact id: 'e1686e9e96e645f50202afba9d4519f7') in 0.007020 seconds
Number of updated asset objects reloaded before import = 0
Number of asset objects unloaded after import = 1
========================================================================
Received Import Request.
  Time since last request: 19.620075 seconds.
  path: Assets/Resources/Prefabs/yamatan_main_base.prefab
  artifactKey: Guid(0c73e55b4d003b644801c867770b2842) Importer(815301076,1909f56bfc062723c751e8b465ee728b)
Start importing Assets/Resources/Prefabs/yamatan_main_base.prefab using Guid(0c73e55b4d003b644801c867770b2842) Importer(815301076,1909f56bfc062723c751e8b465ee728b)  -> (artifact id: '537d1b60b5afd211d682c81a8223d0ed') in 0.076301 seconds
Number of updated asset objects reloaded before import = 0
Number of asset objects unloaded after import = 45
========================================================================
Received Import Request.
  Time since last request: 28.465421 seconds.
  path: Assets/RTS Engine/Demo/Kenney Assets/Medieval Town (base)/Materials/Mesh1_Wood_Wall_Double_Cross_ModelMat.mat
  artifactKey: Guid(305f77603e42dec41b40776916a28d6b) Importer(815301076,1909f56bfc062723c751e8b465ee728b)
Start importing Assets/RTS Engine/Demo/Kenney Assets/Medieval Town (base)/Materials/Mesh1_Wood_Wall_Double_Cross_ModelMat.mat using Guid(305f77603e42dec41b40776916a28d6b) Importer(815301076,1909f56bfc062723c751e8b465ee728b)  -> (artifact id: 'e5ff7717050ee800a5f87b0c9512a8b8') in 0.007950 seconds
Number of updated asset objects reloaded before import = 0
Number of asset objects unloaded after import = 1
========================================================================
Received Import Request.
  Time since last request: 0.013558 seconds.
  path: Assets/RTS Engine/Demo/Kenney Assets/Medieval Town (base)/Materials/Mesh1_Wood_Window_Round_Long_ModelMat.mat
  artifactKey: Guid(07ad35ad064e49e47835126e3969f307) Importer(815301076,1909f56bfc062723c751e8b465ee728b)
Start importing Assets/RTS Engine/Demo/Kenney Assets/Medieval Town (base)/Materials/Mesh1_Wood_Window_Round_Long_ModelMat.mat using Guid(07ad35ad064e49e47835126e3969f307) Importer(815301076,1909f56bfc062723c751e8b465ee728b)  -> (artifact id: 'a1543d0f29eb3553e32b25f9907d7100') in 0.007509 seconds
Number of updated asset objects reloaded before import = 0
Number of asset objects unloaded after import = 1
========================================================================
Received Import Request.
  Time since last request: 0.010432 seconds.
  path: Assets/RTS Engine/Demo/Kenney Assets/Medieval Town (base)/Materials/Mesh1_Wood_Window_Round_Sill_ModelMat.mat
  artifactKey: Guid(9e29494d04bd8374496b528aefb031a9) Importer(815301076,1909f56bfc062723c751e8b465ee728b)
Start importing Assets/RTS Engine/Demo/Kenney Assets/Medieval Town (base)/Materials/Mesh1_Wood_Window_Round_Sill_ModelMat.mat using Guid(9e29494d04bd8374496b528aefb031a9) Importer(815301076,1909f56bfc062723c751e8b465ee728b)  -> (artifact id: 'd0437cd603e2ecad1a4ef9b3a8a0ec02') in 0.006579 seconds
Number of updated asset objects reloaded before import = 0
Number of asset objects unloaded after import = 1
========================================================================
Received Import Request.
  Time since last request: 0.000018 seconds.
  path: Assets/RTS Engine/Demo/Kenney Assets/Nature pack extended/Materials/Mushroom_Red.mat
  artifactKey: Guid(106cd00604f4a3f4c9f80d543186b1ff) Importer(815301076,1909f56bfc062723c751e8b465ee728b)
Start importing Assets/RTS Engine/Demo/Kenney Assets/Nature pack extended/Materials/Mushroom_Red.mat using Guid(106cd00604f4a3f4c9f80d543186b1ff) Importer(815301076,1909f56bfc062723c751e8b465ee728b)  -> (artifact id: 'b8a0afd5451c0f0a68dab871a158e454') in 0.008330 seconds
Number of updated asset objects reloaded before import = 0
Number of asset objects unloaded after import = 1
========================================================================
Received Import Request.
  Time since last request: 0.000022 seconds.
  path: Assets/RTS Engine/Demo/Kenney Assets/Nature pack/Materials/Mushroom_Red.mat
  artifactKey: Guid(f2cc77182f002624487a661cfe29b681) Importer(815301076,1909f56bfc062723c751e8b465ee728b)
Start importing Assets/RTS Engine/Demo/Kenney Assets/Nature pack/Materials/Mushroom_Red.mat using Guid(f2cc77182f002624487a661cfe29b681) Importer(815301076,1909f56bfc062723c751e8b465ee728b)  -> (artifact id: '28c0a31a86e45bb9595aa8cc6d3a50b3') in 0.012004 seconds
Number of updated asset objects reloaded before import = 0
Number of asset objects unloaded after import = 1
========================================================================
Received Import Request.
  Time since last request: 0.000024 seconds.
  path: Assets/RTS Engine/Demo/Kenney Assets/Modular Buildings/Materials/Metal.mat
  artifactKey: Guid(30c9bd85e1c5c5d40a847be546ea592c) Importer(815301076,1909f56bfc062723c751e8b465ee728b)
Start importing Assets/RTS Engine/Demo/Kenney Assets/Modular Buildings/Materials/Metal.mat using Guid(30c9bd85e1c5c5d40a847be546ea592c) Importer(815301076,1909f56bfc062723c751e8b465ee728b)  -> (artifact id: 'c83cb70061b429f5cf7bf92825ede9cf') in 0.011175 seconds
Number of updated asset objects reloaded before import = 0
Number of asset objects unloaded after import = 1
========================================================================
Received Import Request.
  Time since last request: 0.294538 seconds.
  path: Assets/RTS Engine/Demo/Kenney Assets/Medieval Town (base)/Materials/Mesh1_Plate_Curve_ModelMat.mat
  artifactKey: Guid(ae2743cf1adcce749a977a69cc550567) Importer(815301076,1909f56bfc062723c751e8b465ee728b)
Start importing Assets/RTS Engine/Demo/Kenney Assets/Medieval Town (base)/Materials/Mesh1_Plate_Curve_ModelMat.mat using Guid(ae2743cf1adcce749a977a69cc550567) Importer(815301076,1909f56bfc062723c751e8b465ee728b)  -> (artifact id: 'db28e7e148dda92eed756e868a1c1868') in 0.008398 seconds
Number of updated asset objects reloaded before import = 0
Number of asset objects unloaded after import = 1
========================================================================
Received Import Request.
  Time since last request: 0.000034 seconds.
  path: Assets/RTS Engine/Demo/Kenney Assets/Medieval Town (base)/Materials/Mesh1_Roof_Inner_Corner_Red_ModelMat.mat
  artifactKey: Guid(f30db1d2a7f6e76408b958b5a1dfaaee) Importer(815301076,1909f56bfc062723c751e8b465ee728b)
Start importing Assets/RTS Engine/Demo/Kenney Assets/Medieval Town (base)/Materials/Mesh1_Roof_Inner_Corner_Red_ModelMat.mat using Guid(f30db1d2a7f6e76408b958b5a1dfaaee) Importer(815301076,1909f56bfc062723c751e8b465ee728b)  -> (artifact id: 'ed70357ea60885e5a0138bdfdbe9590f') in 0.007693 seconds
Number of updated asset objects reloaded before import = 0
Number of asset objects unloaded after import = 1
========================================================================
Received Import Request.
  Time since last request: 0.000034 seconds.
  path: Assets/RTS Engine/Demo/Kenney Assets/Medieval Town (base)/Materials/Mesh1_Plate_Sidewalk_ModelMat.mat
  artifactKey: Guid(fd6d6189696c91049b8984bbbdf44c2d) Importer(815301076,1909f56bfc062723c751e8b465ee728b)
Start importing Assets/RTS Engine/Demo/Kenney Assets/Medieval Town (base)/Materials/Mesh1_Plate_Sidewalk_ModelMat.mat using Guid(fd6d6189696c91049b8984bbbdf44c2d) Importer(815301076,1909f56bfc062723c751e8b465ee728b)  -> (artifact id: '141e7f818c31511762cd3301a042c8f8') in 0.006086 seconds
Number of updated asset objects reloaded before import = 0
Number of asset objects unloaded after import = 1
========================================================================
Received Import Request.
  Time since last request: 0.000028 seconds.
  path: Assets/RTS Engine/Demo/Kenney Assets/Medieval Town (base)/Materials/Mesh1_Roof_Straight_Green_ModelMat.mat
  artifactKey: Guid(20d16bd78a8212a4791b3404cccf8a54) Importer(815301076,1909f56bfc062723c751e8b465ee728b)
Start importing Assets/RTS Engine/Demo/Kenney Assets/Medieval Town (base)/Materials/Mesh1_Roof_Straight_Green_ModelMat.mat using Guid(20d16bd78a8212a4791b3404cccf8a54) Importer(815301076,1909f56bfc062723c751e8b465ee728b)  -> (artifact id: '4f50bc270f6b0d6619a748b1284e5fb7') in 0.007391 seconds
Number of updated asset objects reloaded before import = 0
Number of asset objects unloaded after import = 1
========================================================================
Received Import Request.
  Time since last request: 0.000014 seconds.
  path: Assets/RTS Engine/Demo/Kenney Assets/Medieval Town (base)/Materials/Mesh1_Stairs_Wood_ModelMat.mat
  artifactKey: Guid(baf7eb201f7789149ae9ab3808fa2a19) Importer(815301076,1909f56bfc062723c751e8b465ee728b)
Start importing Assets/RTS Engine/Demo/Kenney Assets/Medieval Town (base)/Materials/Mesh1_Stairs_Wood_ModelMat.mat using Guid(baf7eb201f7789149ae9ab3808fa2a19) Importer(815301076,1909f56bfc062723c751e8b465ee728b)  -> (artifact id: 'e07ee2b9ad12a5193ad2e64c8d8dfede') in 0.005897 seconds
Number of updated asset objects reloaded before import = 0
Number of asset objects unloaded after import = 1
========================================================================
Received Import Request.
  Time since last request: 0.000019 seconds.
  path: Assets/RTS Engine/Demo/Kenney Assets/Medieval Town (base)/Materials/Mesh1_Roof_Corner_Green_ModelMat.mat
  artifactKey: Guid(961513b9b0422b747aef1714c0800ae1) Importer(815301076,1909f56bfc062723c751e8b465ee728b)
Start importing Assets/RTS Engine/Demo/Kenney Assets/Medieval Town (base)/Materials/Mesh1_Roof_Corner_Green_ModelMat.mat using Guid(961513b9b0422b747aef1714c0800ae1) Importer(815301076,1909f56bfc062723c751e8b465ee728b)  -> (artifact id: '6b586593444f4746142cda0a2b90667b') in 0.008024 seconds
Number of updated asset objects reloaded before import = 0
Number of asset objects unloaded after import = 1
========================================================================
Received Import Request.
  Time since last request: 0.000015 seconds.
  path: Assets/RTS Engine/Demo/Kenney Assets/Medieval Town (base)/Materials/Mesh1_Wood_Pole_ModelMat.mat
  artifactKey: Guid(da818b34e5050d743a729e8461a5107b) Importer(815301076,1909f56bfc062723c751e8b465ee728b)
Start importing Assets/RTS Engine/Demo/Kenney Assets/Medieval Town (base)/Materials/Mesh1_Wood_Pole_ModelMat.mat using Guid(da818b34e5050d743a729e8461a5107b) Importer(815301076,1909f56bfc062723c751e8b465ee728b)  -> (artifact id: 'e5c9a41f560abb8dde9c27ef8c9cf494') in 0.009724 seconds
Number of updated asset objects reloaded before import = 0
Number of asset objects unloaded after import = 1
========================================================================
Received Import Request.
  Time since last request: 0.000016 seconds.
  path: Assets/RTS Engine/Demo/Kenney Assets/Medieval Town (base)/Materials/Mesh1_Wood_Corner_ModelMat.mat
  artifactKey: Guid(c8e62c4bd9da57b43b3786b1c317dbea) Importer(815301076,1909f56bfc062723c751e8b465ee728b)
Start importing Assets/RTS Engine/Demo/Kenney Assets/Medieval Town (base)/Materials/Mesh1_Wood_Corner_ModelMat.mat using Guid(c8e62c4bd9da57b43b3786b1c317dbea) Importer(815301076,1909f56bfc062723c751e8b465ee728b)  -> (artifact id: '34caf619189dc70b8dbef7d2f3aed783') in 0.006724 seconds
Number of updated asset objects reloaded before import = 0
Number of asset objects unloaded after import = 1
========================================================================
Received Import Request.
  Time since last request: 0.000015 seconds.
  path: Assets/RTS Engine/Demo/Kenney Assets/Medieval Town (base)/Materials/Mesh1_Roof_Straight_Red_ModelMat.mat
  artifactKey: Guid(77784e5519840a64687b4ddbe0807021) Importer(815301076,1909f56bfc062723c751e8b465ee728b)
Start importing Assets/RTS Engine/Demo/Kenney Assets/Medieval Town (base)/Materials/Mesh1_Roof_Straight_Red_ModelMat.mat using Guid(77784e5519840a64687b4ddbe0807021) Importer(815301076,1909f56bfc062723c751e8b465ee728b)  -> (artifact id: '65611b6e2f7e7deb21dc0c380ec1d507') in 0.006831 seconds
Number of updated asset objects reloaded before import = 0
Number of asset objects unloaded after import = 1
========================================================================
Received Import Request.
  Time since last request: 0.000024 seconds.
  path: Assets/RTS Engine/Demo/Kenney Assets/Medieval Town (base)/Materials/Mesh1_Tree_ModelMat.mat
  artifactKey: Guid(7c921dedcd137824382d80a0e608e65c) Importer(815301076,1909f56bfc062723c751e8b465ee728b)
Start importing Assets/RTS Engine/Demo/Kenney Assets/Medieval Town (base)/Materials/Mesh1_Tree_ModelMat.mat using Guid(7c921dedcd137824382d80a0e608e65c) Importer(815301076,1909f56bfc062723c751e8b465ee728b)  -> (artifact id: 'f105acfe5dda956815e4765a940cded1') in 0.008924 seconds
Number of updated asset objects reloaded before import = 0
Number of asset objects unloaded after import = 1
========================================================================
Received Import Request.
  Time since last request: 0.000033 seconds.
  path: Assets/RTS Engine/Demo/Kenney Assets/Medieval Town (base)/Materials/Mesh1_Wood_Tiny_Wall_ModelMat.mat
  artifactKey: Guid(6bd541821acc6a046bf300bd428e8917) Importer(815301076,1909f56bfc062723c751e8b465ee728b)
Start importing Assets/RTS Engine/Demo/Kenney Assets/Medieval Town (base)/Materials/Mesh1_Wood_Tiny_Wall_ModelMat.mat using Guid(6bd541821acc6a046bf300bd428e8917) Importer(815301076,1909f56bfc062723c751e8b465ee728b)  -> (artifact id: 'e0b99d08ace332b1c5daf595ef3f6e69') in 0.007244 seconds
Number of updated asset objects reloaded before import = 0
Number of asset objects unloaded after import = 1
========================================================================
Received Import Request.
  Time since last request: 0.000013 seconds.
  path: Assets/RTS Engine/Demo/Kenney Assets/Medieval Town (base)/Materials/Mesh1_Wood_Arch_ModelMat.mat
  artifactKey: Guid(5d12001bcd56a28458f1ac97efff560a) Importer(815301076,1909f56bfc062723c751e8b465ee728b)
Start importing Assets/RTS Engine/Demo/Kenney Assets/Medieval Town (base)/Materials/Mesh1_Wood_Arch_ModelMat.mat using Guid(5d12001bcd56a28458f1ac97efff560a) Importer(815301076,1909f56bfc062723c751e8b465ee728b)  -> (artifact id: 'c9a0cbe5c2d9add5eec5bce83adb64d6') in 0.007630 seconds
Number of updated asset objects reloaded before import = 0
Number of asset objects unloaded after import = 1
========================================================================
Received Import Request.
  Time since last request: 0.000036 seconds.
  path: Assets/RTS Engine/Demo/Kenney Assets/Medieval Town (base)/Materials/Mesh1_Wood_Door_Round_ModelMat.mat
  artifactKey: Guid(a03b8ed3fa3fe41478ec94e49d2064a2) Importer(815301076,1909f56bfc062723c751e8b465ee728b)
Start importing Assets/RTS Engine/Demo/Kenney Assets/Medieval Town (base)/Materials/Mesh1_Wood_Door_Round_ModelMat.mat using Guid(a03b8ed3fa3fe41478ec94e49d2064a2) Importer(815301076,1909f56bfc062723c751e8b465ee728b)  -> (artifact id: '195821104e2c7ef86161486c438d4324') in 0.007590 seconds
Number of updated asset objects reloaded before import = 0
Number of asset objects unloaded after import = 1
========================================================================
Received Import Request.
  Time since last request: 0.000029 seconds.
  path: Assets/RTS Engine/Demo/Kenney Assets/Medieval Town (base)/Materials/Mesh1_Roof_Slant_Red_ModelMat.mat
  artifactKey: Guid(aa9862ab47e2c2748be349e5a981872d) Importer(815301076,1909f56bfc062723c751e8b465ee728b)
Start importing Assets/RTS Engine/Demo/Kenney Assets/Medieval Town (base)/Materials/Mesh1_Roof_Slant_Red_ModelMat.mat using Guid(aa9862ab47e2c2748be349e5a981872d) Importer(815301076,1909f56bfc062723c751e8b465ee728b)  -> (artifact id: '944561c5d82fa4b0de3c6b59448ef952') in 0.006411 seconds
Number of updated asset objects reloaded before import = 0
Number of asset objects unloaded after import = 1
========================================================================
Received Import Request.
  Time since last request: 0.000016 seconds.
  path: Assets/RTS Engine/Demo/Kenney Assets/Medieval Town (base)/Materials/Mesh1_Wood_Triangle_ModelMat.mat
  artifactKey: Guid(fc0217ddbcba0074b9b7f574e713ddfa) Importer(815301076,1909f56bfc062723c751e8b465ee728b)
Start importing Assets/RTS Engine/Demo/Kenney Assets/Medieval Town (base)/Materials/Mesh1_Wood_Triangle_ModelMat.mat using Guid(fc0217ddbcba0074b9b7f574e713ddfa) Importer(815301076,1909f56bfc062723c751e8b465ee728b)  -> (artifact id: '360816c7b016d1458995d298501e802f') in 0.006345 seconds
Number of updated asset objects reloaded before import = 0
Number of asset objects unloaded after import = 1
========================================================================
Received Import Request.
  Time since last request: 0.000019 seconds.
  path: Assets/RTS Engine/Demo/Kenney Assets/Medieval Town (base)/Materials/Mesh1_Wood_Slanted_Wall_ModelMat.mat
  artifactKey: Guid(5988ffa2200475b45936e8908cba658d) Importer(815301076,1909f56bfc062723c751e8b465ee728b)
Start importing Assets/RTS Engine/Demo/Kenney Assets/Medieval Town (base)/Materials/Mesh1_Wood_Slanted_Wall_ModelMat.mat using Guid(5988ffa2200475b45936e8908cba658d) Importer(815301076,1909f56bfc062723c751e8b465ee728b)  -> (artifact id: '4f04470bdad7c80a9b612d01353f6789') in 0.006424 seconds
Number of updated asset objects reloaded before import = 0
Number of asset objects unloaded after import = 1
========================================================================
Received Import Request.
  Time since last request: 0.000022 seconds.
  path: Assets/RTS Engine/Demo/Kenney Assets/Medieval Town (base)/Materials/Mesh1_Wood_Wall_Cross_ModelMat.mat
  artifactKey: Guid(514ed20427ff1c24691ae2930872f671) Importer(815301076,1909f56bfc062723c751e8b465ee728b)
Start importing Assets/RTS Engine/Demo/Kenney Assets/Medieval Town (base)/Materials/Mesh1_Wood_Wall_Cross_ModelMat.mat using Guid(514ed20427ff1c24691ae2930872f671) Importer(815301076,1909f56bfc062723c751e8b465ee728b)  -> (artifact id: '176430a2e6ef15bdca3ee39ec9d273f7') in 0.008115 seconds
Number of updated asset objects reloaded before import = 0
Number of asset objects unloaded after import = 1
========================================================================
Received Import Request.
  Time since last request: 0.159992 seconds.
  path: Assets/RTS Engine/Demo/Kenney Assets/Medieval Town (base)/Materials/Mesh1_Grey_Small_Wall_ModelMat.mat
  artifactKey: Guid(4773d627414cbd440ab1456162fcf63e) Importer(815301076,1909f56bfc062723c751e8b465ee728b)
Start importing Assets/RTS Engine/Demo/Kenney Assets/Medieval Town (base)/Materials/Mesh1_Grey_Small_Wall_ModelMat.mat using Guid(4773d627414cbd440ab1456162fcf63e) Importer(815301076,1909f56bfc062723c751e8b465ee728b)  -> (artifact id: 'ec322c05c2e7b60cb45ef1e790ff9b1c') in 0.020357 seconds
Number of updated asset objects reloaded before import = 0
Number of asset objects unloaded after import = 1
========================================================================
Received Import Request.
  Time since last request: 0.000041 seconds.
  path: Assets/RTS Engine/Demo/Kenney Assets/Medieval Town (base)/Materials/Mesh1_Grey_Window_Narrow_ModelMat.mat
  artifactKey: Guid(5331394cc54052a40ac57994184b5530) Importer(815301076,1909f56bfc062723c751e8b465ee728b)
Start importing Assets/RTS Engine/Demo/Kenney Assets/Medieval Town (base)/Materials/Mesh1_Grey_Window_Narrow_ModelMat.mat using Guid(5331394cc54052a40ac57994184b5530) Importer(815301076,1909f56bfc062723c751e8b465ee728b)  -> (artifact id: '04058857ac589787b8c758aefc64e127') in 0.007180 seconds
Number of updated asset objects reloaded before import = 0
Number of asset objects unloaded after import = 1
========================================================================
Received Import Request.
  Time since last request: 0.000041 seconds.
  path: Assets/RTS Engine/Demo/Kenney Assets/Medieval Town (base)/Materials/Mesh1_Grey_Window_Square_Sill_ModelMat.mat
  artifactKey: Guid(b99f2a0f36a5c084db6a565ce83385b8) Importer(815301076,1909f56bfc062723c751e8b465ee728b)
Start importing Assets/RTS Engine/Demo/Kenney Assets/Medieval Town (base)/Materials/Mesh1_Grey_Window_Square_Sill_ModelMat.mat using Guid(b99f2a0f36a5c084db6a565ce83385b8) Importer(815301076,1909f56bfc062723c751e8b465ee728b)  -> (artifact id: 'fa3571117966d8af28a88a6e3ac9dc69') in 0.005679 seconds
Number of updated asset objects reloaded before import = 0
Number of asset objects unloaded after import = 1
========================================================================
Received Import Request.
  Time since last request: 0.000031 seconds.
  path: Assets/RTS Engine/Demo/Kenney Assets/Medieval Town (base)/Materials/Mesh1_Grey_Window_Square_ModelMat.mat
  artifactKey: Guid(8b74487c01511a541b6f04a2eba31e7b) Importer(815301076,1909f56bfc062723c751e8b465ee728b)
Start importing Assets/RTS Engine/Demo/Kenney Assets/Medieval Town (base)/Materials/Mesh1_Grey_Window_Square_ModelMat.mat using Guid(8b74487c01511a541b6f04a2eba31e7b) Importer(815301076,1909f56bfc062723c751e8b465ee728b)  -> (artifact id: 'fe7b380c3f2deafb55538dd14afb9f5a') in 0.006205 seconds
Number of updated asset objects reloaded before import = 0
Number of asset objects unloaded after import = 1
========================================================================
Received Import Request.
  Time since last request: 0.000015 seconds.
  path: Assets/RTS Engine/Demo/Kenney Assets/Medieval Town (base)/Materials/Mesh1_Plate_Corner_ModelMat.mat
  artifactKey: Guid(b3dea7a95e39b6f49a9c47863682dbc9) Importer(815301076,1909f56bfc062723c751e8b465ee728b)
Start importing Assets/RTS Engine/Demo/Kenney Assets/Medieval Town (base)/Materials/Mesh1_Plate_Corner_ModelMat.mat using Guid(b3dea7a95e39b6f49a9c47863682dbc9) Importer(815301076,1909f56bfc062723c751e8b465ee728b)  -> (artifact id: 'a73e877a3c2e16ea82d46ec40b6c8700') in 0.007049 seconds
Number of updated asset objects reloaded before import = 0
Number of asset objects unloaded after import = 1
========================================================================
Received Import Request.
  Time since last request: 0.000027 seconds.
  path: Assets/RTS Engine/Demo/Kenney Assets/Medieval Town (base)/Materials/Mesh1_Grey_Window_Round_Sill_ModelMat.mat
  artifactKey: Guid(8a6809c9e74fae943b1a19e032c0b944) Importer(815301076,1909f56bfc062723c751e8b465ee728b)
Start importing Assets/RTS Engine/Demo/Kenney Assets/Medieval Town (base)/Materials/Mesh1_Grey_Window_Round_Sill_ModelMat.mat using Guid(8a6809c9e74fae943b1a19e032c0b944) Importer(815301076,1909f56bfc062723c751e8b465ee728b)  -> (artifact id: '8890c75e6d8a54ccc3c7797806abc043') in 0.008135 seconds
Number of updated asset objects reloaded before import = 0
Number of asset objects unloaded after import = 1
========================================================================
Received Import Request.
  Time since last request: 0.297222 seconds.
  path: Assets/Art_Assets/Units/Unit_AdamantLegionElite/Texture_AdamantLegionElite/Material_AdamantLegionElite.mat
  artifactKey: Guid(48be0fbfc9737d44f9bc2ade87363078) Importer(815301076,1909f56bfc062723c751e8b465ee728b)
Start importing Assets/Art_Assets/Units/Unit_AdamantLegionElite/Texture_AdamantLegionElite/Material_AdamantLegionElite.mat using Guid(48be0fbfc9737d44f9bc2ade87363078) Importer(815301076,1909f56bfc062723c751e8b465ee728b)  -> (artifact id: 'b09c1ba3e2118a930d1297361dfd7bcf') in 0.015604 seconds
Number of updated asset objects reloaded before import = 0
Number of asset objects unloaded after import = 1
========================================================================
Received Import Request.
  Time since last request: 0.000014 seconds.
  path: Assets/Art_Assets/Units/Unit_NaloxianBowman/Texture_NaloxBowman/Material_NaloxianBowman.mat
  artifactKey: Guid(2935c377ba52d724faa9d1d30fd6bfe9) Importer(815301076,1909f56bfc062723c751e8b465ee728b)
Start importing Assets/Art_Assets/Units/Unit_NaloxianBowman/Texture_NaloxBowman/Material_NaloxianBowman.mat using Guid(2935c377ba52d724faa9d1d30fd6bfe9) Importer(815301076,1909f56bfc062723c751e8b465ee728b)  -> (artifact id: '74a6e549d3e9c861092a642633c30d48') in 0.006903 seconds
Number of updated asset objects reloaded before import = 0
Number of asset objects unloaded after import = 1
========================================================================
Received Import Request.
  Time since last request: 6.555543 seconds.
  path: Assets/Resources/Prefabs/yamatan_main_base.prefab
  artifactKey: Guid(0c73e55b4d003b644801c867770b2842) Importer(815301076,1909f56bfc062723c751e8b465ee728b)
Start importing Assets/Resources/Prefabs/yamatan_main_base.prefab using Guid(0c73e55b4d003b644801c867770b2842) Importer(815301076,1909f56bfc062723c751e8b465ee728b)  -> (artifact id: 'a345c6a25aa3cc636b3525806fbfd949') in 0.039984 seconds
Number of updated asset objects reloaded before import = 0
Number of asset objects unloaded after import = 48
========================================================================
Received Import Request.
  Time since last request: 13.386574 seconds.
  path: Assets/Resources/Prefabs/yamatan_main_base.prefab
  artifactKey: Guid(0c73e55b4d003b644801c867770b2842) Importer(815301076,1909f56bfc062723c751e8b465ee728b)
Start importing Assets/Resources/Prefabs/yamatan_main_base.prefab using Guid(0c73e55b4d003b644801c867770b2842) Importer(815301076,1909f56bfc062723c751e8b465ee728b)  -> (artifact id: '0e09cb4b45c40196c6d6f6d357c7b060') in 0.051298 seconds
Number of updated asset objects reloaded before import = 0
Number of asset objects unloaded after import = 48
========================================================================
Received Import Request.
  Time since last request: 41.707113 seconds.
  path: Assets/Resources/Prefabs/yamatan_main_base.prefab
  artifactKey: Guid(0c73e55b4d003b644801c867770b2842) Importer(815301076,1909f56bfc062723c751e8b465ee728b)
Start importing Assets/Resources/Prefabs/yamatan_main_base.prefab using Guid(0c73e55b4d003b644801c867770b2842) Importer(815301076,1909f56bfc062723c751e8b465ee728b)  -> (artifact id: 'fdaeb9e6b3909c18017c7f047e1302f9') in 0.055649 seconds
Number of updated asset objects reloaded before import = 0
Number of asset objects unloaded after import = 48
========================================================================
Received Import Request.
  Time since last request: 2.159742 seconds.
  path: Assets/Resources/Prefabs/yamatan_main_base.prefab
  artifactKey: Guid(0c73e55b4d003b644801c867770b2842) Importer(815301076,1909f56bfc062723c751e8b465ee728b)
Start importing Assets/Resources/Prefabs/yamatan_main_base.prefab using Guid(0c73e55b4d003b644801c867770b2842) Importer(815301076,1909f56bfc062723c751e8b465ee728b)  -> (artifact id: 'e7fa81a21e97e28951056a851f1bba8f') in 0.034311 seconds
Number of updated asset objects reloaded before import = 0
Number of asset objects unloaded after import = 48
========================================================================
Received Import Request.
  Time since last request: 14.279030 seconds.
  path: Assets/Resources/Prefabs/yamatan_main_base.prefab
  artifactKey: Guid(0c73e55b4d003b644801c867770b2842) Importer(815301076,1909f56bfc062723c751e8b465ee728b)
Start importing Assets/Resources/Prefabs/yamatan_main_base.prefab using Guid(0c73e55b4d003b644801c867770b2842) Importer(815301076,1909f56bfc062723c751e8b465ee728b)  -> (artifact id: '62356d41e8cc2137138c4563374b1c9f') in 0.082994 seconds
Number of updated asset objects reloaded before import = 0
Number of asset objects unloaded after import = 48
========================================================================
Received Import Request.
  Time since last request: 2431.393582 seconds.
  path: Assets/Resources/Prefabs/yamatan_main_base.prefab
  artifactKey: Guid(0c73e55b4d003b644801c867770b2842) Importer(815301076,1909f56bfc062723c751e8b465ee728b)
Start importing Assets/Resources/Prefabs/yamatan_main_base.prefab using Guid(0c73e55b4d003b644801c867770b2842) Importer(815301076,1909f56bfc062723c751e8b465ee728b)  -> (artifact id: '47ba0d05a41c901b1edc7df706ca183a') in 0.061794 seconds
Number of updated asset objects reloaded before import = 0
Number of asset objects unloaded after import = 50
========================================================================
Received Import Request.
  Time since last request: 7.006557 seconds.
  path: Assets/Resources/Prefabs/yamatan_main_base.prefab
  artifactKey: Guid(0c73e55b4d003b644801c867770b2842) Importer(815301076,1909f56bfc062723c751e8b465ee728b)
Start importing Assets/Resources/Prefabs/yamatan_main_base.prefab using Guid(0c73e55b4d003b644801c867770b2842) Importer(815301076,1909f56bfc062723c751e8b465ee728b)  -> (artifact id: 'b776b9d4ad0771adfd4f9b201cb1350a') in 0.015898 seconds
Number of updated asset objects reloaded before import = 0
Number of asset objects unloaded after import = 48
========================================================================
Received Import Request.
  Time since last request: 4.143067 seconds.
  path: Assets/Resources/Prefabs/yamatan_main_base.prefab
  artifactKey: Guid(0c73e55b4d003b644801c867770b2842) Importer(815301076,1909f56bfc062723c751e8b465ee728b)
Start importing Assets/Resources/Prefabs/yamatan_main_base.prefab using Guid(0c73e55b4d003b644801c867770b2842) Importer(815301076,1909f56bfc062723c751e8b465ee728b)  -> (artifact id: '3ce6c3d55dd93f9ebfb29b0e7d040d41') in 0.026296 seconds
Number of updated asset objects reloaded before import = 0
Number of asset objects unloaded after import = 50
========================================================================
Received Import Request.
  Time since last request: 5.830107 seconds.
  path: Assets/Resources/Prefabs/yamatan_main_base.prefab
  artifactKey: Guid(0c73e55b4d003b644801c867770b2842) Importer(815301076,1909f56bfc062723c751e8b465ee728b)
Start importing Assets/Resources/Prefabs/yamatan_main_base.prefab using Guid(0c73e55b4d003b644801c867770b2842) Importer(815301076,1909f56bfc062723c751e8b465ee728b)  -> (artifact id: 'aeca2ba1bc7966e3f1bc7e1bda9a06f2') in 0.077848 seconds
Number of updated asset objects reloaded before import = 0
Number of asset objects unloaded after import = 50
========================================================================
Received Import Request.
  Time since last request: 15.062914 seconds.
  path: Assets/Resources/Prefabs/yamatan_main_base.prefab
  artifactKey: Guid(0c73e55b4d003b644801c867770b2842) Importer(815301076,1909f56bfc062723c751e8b465ee728b)
Start importing Assets/Resources/Prefabs/yamatan_main_base.prefab using Guid(0c73e55b4d003b644801c867770b2842) Importer(815301076,1909f56bfc062723c751e8b465ee728b)  -> (artifact id: '764fd59988a42bcf27ab19caf0851318') in 0.061590 seconds
Number of updated asset objects reloaded before import = 0
Number of asset objects unloaded after import = 50
========================================================================
Received Import Request.
  Time since last request: 4.958088 seconds.
  path: Assets/Resources/Prefabs/yamatan_main_base.prefab
  artifactKey: Guid(0c73e55b4d003b644801c867770b2842) Importer(815301076,1909f56bfc062723c751e8b465ee728b)
Start importing Assets/Resources/Prefabs/yamatan_main_base.prefab using Guid(0c73e55b4d003b644801c867770b2842) Importer(815301076,1909f56bfc062723c751e8b465ee728b)  -> (artifact id: 'cec2522072f0f70ec882f75066f90a22') in 0.015914 seconds
Number of updated asset objects reloaded before import = 0
Number of asset objects unloaded after import = 50
========================================================================
Received Import Request.
  Time since last request: 11.713219 seconds.
  path: Assets/Resources/Prefabs/yamatan_main_base.prefab
  artifactKey: Guid(0c73e55b4d003b644801c867770b2842) Importer(815301076,1909f56bfc062723c751e8b465ee728b)
Start importing Assets/Resources/Prefabs/yamatan_main_base.prefab using Guid(0c73e55b4d003b644801c867770b2842) Importer(815301076,1909f56bfc062723c751e8b465ee728b)  -> (artifact id: 'fb651ebbf7d443854f9d92ef01a589dd') in 0.032094 seconds
Number of updated asset objects reloaded before import = 0
Number of asset objects unloaded after import = 52
========================================================================
Received Import Request.
  Time since last request: 1160.665836 seconds.
  path: Assets/Resources/Prefabs/yamatan_main_base.prefab
  artifactKey: Guid(0c73e55b4d003b644801c867770b2842) Importer(815301076,1909f56bfc062723c751e8b465ee728b)
Start importing Assets/Resources/Prefabs/yamatan_main_base.prefab using Guid(0c73e55b4d003b644801c867770b2842) Importer(815301076,1909f56bfc062723c751e8b465ee728b)  -> (artifact id: '4397038457a7c38964503b4ec2302536') in 0.024947 seconds
Number of updated asset objects reloaded before import = 0
Number of asset objects unloaded after import = 52
========================================================================
Received Import Request.
  Time since last request: 424.084912 seconds.
  path: Assets/Resources/Prefabs/yamatan_main_base.prefab
  artifactKey: Guid(0c73e55b4d003b644801c867770b2842) Importer(815301076,1909f56bfc062723c751e8b465ee728b)
Start importing Assets/Resources/Prefabs/yamatan_main_base.prefab using Guid(0c73e55b4d003b644801c867770b2842) Importer(815301076,1909f56bfc062723c751e8b465ee728b)  -> (artifact id: '1e9184ed127a92e6ecb67c1e26c66f99') in 0.064111 seconds
Number of updated asset objects reloaded before import = 0
Number of asset objects unloaded after import = 52
========================================================================
Received Import Request.
  Time since last request: 12.505610 seconds.
  path: Assets/Resources/Prefabs/yamatan_main_base.prefab
  artifactKey: Guid(0c73e55b4d003b644801c867770b2842) Importer(815301076,1909f56bfc062723c751e8b465ee728b)
Start importing Assets/Resources/Prefabs/yamatan_main_base.prefab using Guid(0c73e55b4d003b644801c867770b2842) Importer(815301076,1909f56bfc062723c751e8b465ee728b)  -> (artifact id: 'f7b1dfad823503aaf7f256cc578b020b') in 0.065853 seconds
Number of updated asset objects reloaded before import = 0
Number of asset objects unloaded after import = 52
========================================================================
Received Import Request.
  Time since last request: 9.416981 seconds.
  path: Assets/Resources/Prefabs/yamatan_main_base.prefab
  artifactKey: Guid(0c73e55b4d003b644801c867770b2842) Importer(815301076,1909f56bfc062723c751e8b465ee728b)
Start importing Assets/Resources/Prefabs/yamatan_main_base.prefab using Guid(0c73e55b4d003b644801c867770b2842) Importer(815301076,1909f56bfc062723c751e8b465ee728b)  -> (artifact id: 'abc637af8dc1f0de2a7fd88017f64a38') in 0.037812 seconds
Number of updated asset objects reloaded before import = 0
Number of asset objects unloaded after import = 52
========================================================================
Received Import Request.
  Time since last request: 2.433818 seconds.
  path: Assets/Resources/Prefabs/yamatan_main_base.prefab
  artifactKey: Guid(0c73e55b4d003b644801c867770b2842) Importer(815301076,1909f56bfc062723c751e8b465ee728b)
Start importing Assets/Resources/Prefabs/yamatan_main_base.prefab using Guid(0c73e55b4d003b644801c867770b2842) Importer(815301076,1909f56bfc062723c751e8b465ee728b)  -> (artifact id: 'fbe988560aa6db6ef59ee6cc6338f4d8') in 0.016211 seconds
Number of updated asset objects reloaded before import = 0
Number of asset objects unloaded after import = 52
========================================================================
Received Import Request.
  Time since last request: 12.125671 seconds.
  path: Assets/Resources/Prefabs/yamatan_main_base.prefab
  artifactKey: Guid(0c73e55b4d003b644801c867770b2842) Importer(815301076,1909f56bfc062723c751e8b465ee728b)
Start importing Assets/Resources/Prefabs/yamatan_main_base.prefab using Guid(0c73e55b4d003b644801c867770b2842) Importer(815301076,1909f56bfc062723c751e8b465ee728b)  -> (artifact id: 'd3b5073b2b1652597fc78cc7af77179b') in 0.068681 seconds
Number of updated asset objects reloaded before import = 0
Number of asset objects unloaded after import = 52
========================================================================
Received Import Request.
  Time since last request: 2.746345 seconds.
  path: Assets/Resources/Prefabs/yamatan_main_base.prefab
  artifactKey: Guid(0c73e55b4d003b644801c867770b2842) Importer(815301076,1909f56bfc062723c751e8b465ee728b)
Start importing Assets/Resources/Prefabs/yamatan_main_base.prefab using Guid(0c73e55b4d003b644801c867770b2842) Importer(815301076,1909f56bfc062723c751e8b465ee728b)  -> (artifact id: 'c77bac8889ed9a031ce04ea7529c60d4') in 0.048149 seconds
Number of updated asset objects reloaded before import = 0
Number of asset objects unloaded after import = 52
========================================================================
Received Import Request.
  Time since last request: 6.200482 seconds.
  path: Assets/Resources/Prefabs/yamatan_main_base.prefab
  artifactKey: Guid(0c73e55b4d003b644801c867770b2842) Importer(815301076,1909f56bfc062723c751e8b465ee728b)
Start importing Assets/Resources/Prefabs/yamatan_main_base.prefab using Guid(0c73e55b4d003b644801c867770b2842) Importer(815301076,1909f56bfc062723c751e8b465ee728b)  -> (artifact id: 'caf9e34c252cba1389bcf324320d5031') in 0.044206 seconds
Number of updated asset objects reloaded before import = 0
Number of asset objects unloaded after import = 52
========================================================================
Received Import Request.
  Time since last request: 4.386366 seconds.
  path: Assets/Resources/Prefabs/yamatan_main_base.prefab
  artifactKey: Guid(0c73e55b4d003b644801c867770b2842) Importer(815301076,1909f56bfc062723c751e8b465ee728b)
Start importing Assets/Resources/Prefabs/yamatan_main_base.prefab using Guid(0c73e55b4d003b644801c867770b2842) Importer(815301076,1909f56bfc062723c751e8b465ee728b)  -> (artifact id: '201cbd0f07207123e6a2c4cb72c897a1') in 0.061392 seconds
Number of updated asset objects reloaded before import = 0
Number of asset objects unloaded after import = 52
========================================================================
Received Prepare
Begin MonoManager ReloadAssembly
- Loaded All Assemblies, in  0.752 seconds
Refreshing native plugins compatible for Editor in 3.49 ms, found 3 plugins.
Native extension for UWP target not found
Native extension for WindowsStandalone target not found
Native extension for Android target not found
Native extension for WebGL target not found
[Package Manager] Server::EnsureServerProcessIsRunning -- launch failed, reason: Unity was launched with the -noUpm command-line argument
[Package Manager] UpmClient::Send -- Unable to send message (not connected to UPM process).
[Package Manager] Cannot connect to Unity Package Manager local server
Mono: successfully reloaded assembly
- Finished resetting the current domain, in  1.728 seconds
Domain Reload Profiling: 2478ms
	BeginReloadAssembly (283ms)
		ExecutionOrderSort (0ms)
		DisableScriptedObjects (10ms)
		BackupInstance (0ms)
		ReleaseScriptingObjects (0ms)
		CreateAndSetChildDomain (105ms)
	RebuildCommonClasses (34ms)
	RebuildNativeTypeToScriptingClass (12ms)
	initialDomainReloadingComplete (37ms)
	LoadAllAssembliesAndSetupDomain (382ms)
		LoadAssemblies (478ms)
		RebuildTransferFunctionScriptingTraits (0ms)
		AnalyzeDomain (20ms)
			TypeCache.Refresh (8ms)
				TypeCache.ScanAssembly (0ms)
			ScanForSourceGeneratedMonoScriptInfo (0ms)
			ResolveRequiredComponents (10ms)
	FinalizeReload (1729ms)
		ReleaseScriptCaches (0ms)
		RebuildScriptCaches (0ms)
		SetupLoadedEditorAssemblies (557ms)
			LogAssemblyErrors (0ms)
			InitializePlatformSupportModulesInManaged (42ms)
			SetLoadedEditorAssemblies (5ms)
			RefreshPlugins (0ms)
			BeforeProcessingInitializeOnLoad (88ms)
			ProcessInitializeOnLoadAttributes (376ms)
			ProcessInitializeOnLoadMethodAttributes (35ms)
			AfterProcessingInitializeOnLoad (10ms)
			EditorAssembliesLoaded (0ms)
		ExecutionOrderSort2 (0ms)
		AwakeInstancesAfterBackupRestoration (10ms)
Refreshing native plugins compatible for Editor in 4.73 ms, found 3 plugins.
Preloading 0 native plugins for Editor in 0.00 ms.
Unloading 3720 Unused Serialized files (Serialized files now loaded: 0)
Unloading 22 unused Assets / (30.2 KB). Loaded Objects now: 4259.
Memory consumption went from 145.1 MB to 145.1 MB.
Total: 4.574900 ms (FindLiveObjects: 0.349200 ms CreateObjectMapping: 0.511600 ms MarkObjects: 3.626900 ms  DeleteObjects: 0.086400 ms)

Prepare: number of updated asset objects reloaded= 0
AssetImportParameters requested are different than current active one (requested -> active):
  custom:container-demuxer-ogg: 62fdf1f143b41e24485cea50d1cbac27 -> 
  custom:video-decoder-ogg-theora: a1e56fd34408186e4bbccfd4996cb3dc -> 
  custom:framework-win-MediaFoundation: 216162199b28c13a410421893ffa2e32 -> 
  custom:CustomObjectIndexerAttribute: 6d391050e5a25f67b0a2c618074f2cd9 -> 
  custom:container-demuxer-webm: 4f35f7cbe854078d1ac9338744f61a02 -> 
  custom:container-muxer-webm: aa71ff27fc2769a1b78a27578f13a17b -> 
  custom:video-decoder-webm-vp8: 9c59270c3fd7afecdb556c50c9e8de78 -> 
  custom:SearchIndexIgnoredProperties: e643bd26f0fe6173181afceb89e7c659 -> 
  custom:AudioImporter_EditorPlatform: d09bf68614088b80899f8185d706f6e7 -> 
  custom:video-encoder-webm-vp8: eb34c28f22e8b96e1ab97ce403110664 -> 
  custom:audio-decoder-ogg-vorbis: bf7c407c2cedff20999df2af8eb42d56 -> 
  custom:audio-encoder-webm-vorbis: bf7c407c2cedff20999df2af8eb42d56 -> 
========================================================================
Received Prepare
Begin MonoManager ReloadAssembly
- Loaded All Assemblies, in  0.474 seconds
Refreshing native plugins compatible for Editor in 3.64 ms, found 3 plugins.
Native extension for UWP target not found
Native extension for WindowsStandalone target not found
Native extension for Android target not found
Native extension for WebGL target not found
[Package Manager] Server::EnsureServerProcessIsRunning -- launch failed, reason: Unity was launched with the -noUpm command-line argument
[Package Manager] UpmClient::Send -- Unable to send message (not connected to UPM process).
[Package Manager] Cannot connect to Unity Package Manager local server
Mono: successfully reloaded assembly
- Finished resetting the current domain, in  0.909 seconds
Domain Reload Profiling: 1379ms
	BeginReloadAssembly (165ms)
		ExecutionOrderSort (0ms)
		DisableScriptedObjects (7ms)
		BackupInstance (0ms)
		ReleaseScriptingObjects (0ms)
		CreateAndSetChildDomain (39ms)
	RebuildCommonClasses (35ms)
	RebuildNativeTypeToScriptingClass (15ms)
	initialDomainReloadingComplete (33ms)
	LoadAllAssembliesAndSetupDomain (222ms)
		LoadAssemblies (291ms)
		RebuildTransferFunctionScriptingTraits (0ms)
		AnalyzeDomain (18ms)
			TypeCache.Refresh (8ms)
				TypeCache.ScanAssembly (0ms)
			ScanForSourceGeneratedMonoScriptInfo (0ms)
			ResolveRequiredComponents (9ms)
	FinalizeReload (909ms)
		ReleaseScriptCaches (0ms)
		RebuildScriptCaches (0ms)
		SetupLoadedEditorAssemblies (410ms)
			LogAssemblyErrors (0ms)
			InitializePlatformSupportModulesInManaged (29ms)
			SetLoadedEditorAssemblies (3ms)
			RefreshPlugins (0ms)
			BeforeProcessingInitializeOnLoad (68ms)
			ProcessInitializeOnLoadAttributes (276ms)
			ProcessInitializeOnLoadMethodAttributes (26ms)
			AfterProcessingInitializeOnLoad (8ms)
			EditorAssembliesLoaded (0ms)
		ExecutionOrderSort2 (0ms)
		AwakeInstancesAfterBackupRestoration (9ms)
Refreshing native plugins compatible for Editor in 3.73 ms, found 3 plugins.
Preloading 0 native plugins for Editor in 0.00 ms.
Unloading 3720 Unused Serialized files (Serialized files now loaded: 0)
Unloading 22 unused Assets / (30.2 KB). Loaded Objects now: 4262.
Memory consumption went from 147.0 MB to 147.0 MB.
Total: 3.032600 ms (FindLiveObjects: 0.305200 ms CreateObjectMapping: 0.293200 ms MarkObjects: 2.388100 ms  DeleteObjects: 0.045000 ms)

Prepare: number of updated asset objects reloaded= 0
AssetImportParameters requested are different than current active one (requested -> active):
  custom:container-demuxer-ogg: 62fdf1f143b41e24485cea50d1cbac27 -> 
  custom:video-decoder-ogg-theora: a1e56fd34408186e4bbccfd4996cb3dc -> 
  custom:framework-win-MediaFoundation: 216162199b28c13a410421893ffa2e32 -> 
  custom:CustomObjectIndexerAttribute: 6d391050e5a25f67b0a2c618074f2cd9 -> 
  custom:container-demuxer-webm: 4f35f7cbe854078d1ac9338744f61a02 -> 
  custom:container-muxer-webm: aa71ff27fc2769a1b78a27578f13a17b -> 
  custom:video-decoder-webm-vp8: 9c59270c3fd7afecdb556c50c9e8de78 -> 
  custom:SearchIndexIgnoredProperties: e643bd26f0fe6173181afceb89e7c659 -> 
  custom:AudioImporter_EditorPlatform: d09bf68614088b80899f8185d706f6e7 -> 
  custom:video-encoder-webm-vp8: eb34c28f22e8b96e1ab97ce403110664 -> 
  custom:audio-decoder-ogg-vorbis: bf7c407c2cedff20999df2af8eb42d56 -> 
  custom:audio-encoder-webm-vorbis: bf7c407c2cedff20999df2af8eb42d56 -> 
========================================================================
Received Prepare
Begin MonoManager ReloadAssembly
- Loaded All Assemblies, in  0.462 seconds
Refreshing native plugins compatible for Editor in 4.09 ms, found 3 plugins.
Native extension for UWP target not found
Native extension for WindowsStandalone target not found
Native extension for Android target not found
Native extension for WebGL target not found
[Package Manager] Server::EnsureServerProcessIsRunning -- launch failed, reason: Unity was launched with the -noUpm command-line argument
[Package Manager] UpmClient::Send -- Unable to send message (not connected to UPM process).
[Package Manager] Cannot connect to Unity Package Manager local server
Mono: successfully reloaded assembly
- Finished resetting the current domain, in  0.939 seconds
Domain Reload Profiling: 1398ms
	BeginReloadAssembly (156ms)
		ExecutionOrderSort (0ms)
		DisableScriptedObjects (6ms)
		BackupInstance (0ms)
		ReleaseScriptingObjects (0ms)
		CreateAndSetChildDomain (32ms)
	RebuildCommonClasses (34ms)
	RebuildNativeTypeToScriptingClass (12ms)
	initialDomainReloadingComplete (33ms)
	LoadAllAssembliesAndSetupDomain (225ms)
		LoadAssemblies (290ms)
		RebuildTransferFunctionScriptingTraits (0ms)
		AnalyzeDomain (20ms)
			TypeCache.Refresh (8ms)
				TypeCache.ScanAssembly (0ms)
			ScanForSourceGeneratedMonoScriptInfo (0ms)
			ResolveRequiredComponents (10ms)
	FinalizeReload (940ms)
		ReleaseScriptCaches (0ms)
		RebuildScriptCaches (0ms)
		SetupLoadedEditorAssemblies (401ms)
			LogAssemblyErrors (0ms)
			InitializePlatformSupportModulesInManaged (27ms)
			SetLoadedEditorAssemblies (3ms)
			RefreshPlugins (0ms)
			BeforeProcessingInitializeOnLoad (57ms)
			ProcessInitializeOnLoadAttributes (276ms)
			ProcessInitializeOnLoadMethodAttributes (29ms)
			AfterProcessingInitializeOnLoad (9ms)
			EditorAssembliesLoaded (0ms)
		ExecutionOrderSort2 (0ms)
		AwakeInstancesAfterBackupRestoration (8ms)
Refreshing native plugins compatible for Editor in 4.91 ms, found 3 plugins.
Preloading 0 native plugins for Editor in 0.00 ms.
Unloading 3720 Unused Serialized files (Serialized files now loaded: 0)
Unloading 22 unused Assets / (30.2 KB). Loaded Objects now: 4265.
Memory consumption went from 149.0 MB to 148.9 MB.
Total: 4.109500 ms (FindLiveObjects: 0.384400 ms CreateObjectMapping: 0.393200 ms MarkObjects: 3.290100 ms  DeleteObjects: 0.041000 ms)

Prepare: number of updated asset objects reloaded= 0
AssetImportParameters requested are different than current active one (requested -> active):
  custom:container-demuxer-ogg: 62fdf1f143b41e24485cea50d1cbac27 -> 
  custom:video-decoder-ogg-theora: a1e56fd34408186e4bbccfd4996cb3dc -> 
  custom:framework-win-MediaFoundation: 216162199b28c13a410421893ffa2e32 -> 
  custom:CustomObjectIndexerAttribute: 6d391050e5a25f67b0a2c618074f2cd9 -> 
  custom:container-demuxer-webm: 4f35f7cbe854078d1ac9338744f61a02 -> 
  custom:container-muxer-webm: aa71ff27fc2769a1b78a27578f13a17b -> 
  custom:video-decoder-webm-vp8: 9c59270c3fd7afecdb556c50c9e8de78 -> 
  custom:SearchIndexIgnoredProperties: e643bd26f0fe6173181afceb89e7c659 -> 
  custom:AudioImporter_EditorPlatform: d09bf68614088b80899f8185d706f6e7 -> 
  custom:video-encoder-webm-vp8: eb34c28f22e8b96e1ab97ce403110664 -> 
  custom:audio-decoder-ogg-vorbis: bf7c407c2cedff20999df2af8eb42d56 -> 
  custom:audio-encoder-webm-vorbis: bf7c407c2cedff20999df2af8eb42d56 -> 
========================================================================
Received Prepare
Begin MonoManager ReloadAssembly
- Loaded All Assemblies, in  0.469 seconds
Refreshing native plugins compatible for Editor in 3.91 ms, found 3 plugins.
Native extension for UWP target not found
Native extension for WindowsStandalone target not found
Native extension for Android target not found
Native extension for WebGL target not found
[Package Manager] Server::EnsureServerProcessIsRunning -- launch failed, reason: Unity was launched with the -noUpm command-line argument
[Package Manager] UpmClient::Send -- Unable to send message (not connected to UPM process).
[Package Manager] Cannot connect to Unity Package Manager local server
Mono: successfully reloaded assembly
- Finished resetting the current domain, in  0.897 seconds
Domain Reload Profiling: 1363ms
	BeginReloadAssembly (164ms)
		ExecutionOrderSort (0ms)
		DisableScriptedObjects (6ms)
		BackupInstance (0ms)
		ReleaseScriptingObjects (0ms)
		CreateAndSetChildDomain (38ms)
	RebuildCommonClasses (32ms)
	RebuildNativeTypeToScriptingClass (12ms)
	initialDomainReloadingComplete (41ms)
	LoadAllAssembliesAndSetupDomain (217ms)
		LoadAssemblies (288ms)
		RebuildTransferFunctionScriptingTraits (0ms)
		AnalyzeDomain (17ms)
			TypeCache.Refresh (7ms)
				TypeCache.ScanAssembly (0ms)
			ScanForSourceGeneratedMonoScriptInfo (0ms)
			ResolveRequiredComponents (9ms)
	FinalizeReload (897ms)
		ReleaseScriptCaches (0ms)
		RebuildScriptCaches (0ms)
		SetupLoadedEditorAssemblies (399ms)
			LogAssemblyErrors (0ms)
			InitializePlatformSupportModulesInManaged (28ms)
			SetLoadedEditorAssemblies (3ms)
			RefreshPlugins (0ms)
			BeforeProcessingInitializeOnLoad (58ms)
			ProcessInitializeOnLoadAttributes (273ms)
			ProcessInitializeOnLoadMethodAttributes (30ms)
			AfterProcessingInitializeOnLoad (8ms)
			EditorAssembliesLoaded (0ms)
		ExecutionOrderSort2 (0ms)
		AwakeInstancesAfterBackupRestoration (7ms)
Refreshing native plugins compatible for Editor in 4.97 ms, found 3 plugins.
Preloading 0 native plugins for Editor in 0.00 ms.
Unloading 3720 Unused Serialized files (Serialized files now loaded: 0)
Unloading 22 unused Assets / (30.3 KB). Loaded Objects now: 4268.
Memory consumption went from 150.9 MB to 150.9 MB.
Total: 3.550700 ms (FindLiveObjects: 0.299500 ms CreateObjectMapping: 0.286000 ms MarkObjects: 2.915100 ms  DeleteObjects: 0.049200 ms)

Prepare: number of updated asset objects reloaded= 0
AssetImportParameters requested are different than current active one (requested -> active):
  custom:container-demuxer-ogg: 62fdf1f143b41e24485cea50d1cbac27 -> 
  custom:video-decoder-ogg-theora: a1e56fd34408186e4bbccfd4996cb3dc -> 
  custom:framework-win-MediaFoundation: 216162199b28c13a410421893ffa2e32 -> 
  custom:CustomObjectIndexerAttribute: 6d391050e5a25f67b0a2c618074f2cd9 -> 
  custom:container-demuxer-webm: 4f35f7cbe854078d1ac9338744f61a02 -> 
  custom:container-muxer-webm: aa71ff27fc2769a1b78a27578f13a17b -> 
  custom:video-decoder-webm-vp8: 9c59270c3fd7afecdb556c50c9e8de78 -> 
  custom:SearchIndexIgnoredProperties: e643bd26f0fe6173181afceb89e7c659 -> 
  custom:AudioImporter_EditorPlatform: d09bf68614088b80899f8185d706f6e7 -> 
  custom:video-encoder-webm-vp8: eb34c28f22e8b96e1ab97ce403110664 -> 
  custom:audio-decoder-ogg-vorbis: bf7c407c2cedff20999df2af8eb42d56 -> 
  custom:audio-encoder-webm-vorbis: bf7c407c2cedff20999df2af8eb42d56 -> 
========================================================================
Received Import Request.
  Time since last request: 3290.103334 seconds.
  path: Assets/Resources/Prefabs/yamatan_main_base.prefab
  artifactKey: Guid(0c73e55b4d003b644801c867770b2842) Importer(815301076,1909f56bfc062723c751e8b465ee728b)
Start importing Assets/Resources/Prefabs/yamatan_main_base.prefab using Guid(0c73e55b4d003b644801c867770b2842) Importer(815301076,1909f56bfc062723c751e8b465ee728b)  -> (artifact id: '464eb567031aad719538336fce7c3814') in 0.159415 seconds
Number of updated asset objects reloaded before import = 0
Number of asset objects unloaded after import = 52
========================================================================
Received Import Request.
  Time since last request: 23.487918 seconds.
  path: Assets/Resources/Prefabs/yamatan_main_base.prefab
  artifactKey: Guid(0c73e55b4d003b644801c867770b2842) Importer(815301076,1909f56bfc062723c751e8b465ee728b)
Start importing Assets/Resources/Prefabs/yamatan_main_base.prefab using Guid(0c73e55b4d003b644801c867770b2842) Importer(815301076,1909f56bfc062723c751e8b465ee728b)  -> (artifact id: '40a610cb0aa95ed288dd8acb17881eca') in 0.022850 seconds
Number of updated asset objects reloaded before import = 0
Number of asset objects unloaded after import = 52
========================================================================
Received Import Request.
  Time since last request: 4.525850 seconds.
  path: Assets/Resources/Prefabs/yamatan_main_base.prefab
  artifactKey: Guid(0c73e55b4d003b644801c867770b2842) Importer(815301076,1909f56bfc062723c751e8b465ee728b)
Start importing Assets/Resources/Prefabs/yamatan_main_base.prefab using Guid(0c73e55b4d003b644801c867770b2842) Importer(815301076,1909f56bfc062723c751e8b465ee728b)  -> (artifact id: 'c4d979a28097e918a6d648bafbf7cac7') in 0.023519 seconds
Number of updated asset objects reloaded before import = 0
Number of asset objects unloaded after import = 52
========================================================================
Received Import Request.
  Time since last request: 17.433993 seconds.
  path: Assets/Resources/Prefabs/yamatan_main_base.prefab
  artifactKey: Guid(0c73e55b4d003b644801c867770b2842) Importer(815301076,1909f56bfc062723c751e8b465ee728b)
Start importing Assets/Resources/Prefabs/yamatan_main_base.prefab using Guid(0c73e55b4d003b644801c867770b2842) Importer(815301076,1909f56bfc062723c751e8b465ee728b)  -> (artifact id: 'a83f3d9ea835015be310b62ed1956ee2') in 0.028777 seconds
Number of updated asset objects reloaded before import = 0
Number of asset objects unloaded after import = 52
========================================================================
Received Prepare
Begin MonoManager ReloadAssembly
- Loaded All Assemblies, in  0.472 seconds
Refreshing native plugins compatible for Editor in 3.38 ms, found 3 plugins.
Native extension for UWP target not found
Native extension for WindowsStandalone target not found
Native extension for Android target not found
Native extension for WebGL target not found
[Package Manager] Server::EnsureServerProcessIsRunning -- launch failed, reason: Unity was launched with the -noUpm command-line argument
[Package Manager] UpmClient::Send -- Unable to send message (not connected to UPM process).
[Package Manager] Cannot connect to Unity Package Manager local server
Mono: successfully reloaded assembly
- Finished resetting the current domain, in  0.903 seconds
Domain Reload Profiling: 1372ms
	BeginReloadAssembly (176ms)
		ExecutionOrderSort (0ms)
		DisableScriptedObjects (6ms)
		BackupInstance (0ms)
		ReleaseScriptingObjects (0ms)
		CreateAndSetChildDomain (37ms)
	RebuildCommonClasses (40ms)
	RebuildNativeTypeToScriptingClass (11ms)
	initialDomainReloadingComplete (30ms)
	LoadAllAssembliesAndSetupDomain (211ms)
		LoadAssemblies (295ms)
		RebuildTransferFunctionScriptingTraits (0ms)
		AnalyzeDomain (19ms)
			TypeCache.Refresh (7ms)
				TypeCache.ScanAssembly (0ms)
			ScanForSourceGeneratedMonoScriptInfo (0ms)
			ResolveRequiredComponents (10ms)
	FinalizeReload (904ms)
		ReleaseScriptCaches (0ms)
		RebuildScriptCaches (0ms)
		SetupLoadedEditorAssemblies (388ms)
			LogAssemblyErrors (0ms)
			InitializePlatformSupportModulesInManaged (27ms)
			SetLoadedEditorAssemblies (3ms)
			RefreshPlugins (0ms)
			BeforeProcessingInitializeOnLoad (61ms)
			ProcessInitializeOnLoadAttributes (260ms)
			ProcessInitializeOnLoadMethodAttributes (28ms)
			AfterProcessingInitializeOnLoad (9ms)
			EditorAssembliesLoaded (0ms)
		ExecutionOrderSort2 (0ms)
		AwakeInstancesAfterBackupRestoration (9ms)
Refreshing native plugins compatible for Editor in 5.04 ms, found 3 plugins.
Preloading 0 native plugins for Editor in 0.00 ms.
Unloading 3720 Unused Serialized files (Serialized files now loaded: 0)
Unloading 22 unused Assets / (30.2 KB). Loaded Objects now: 4271.
Memory consumption went from 152.9 MB to 152.9 MB.
Total: 3.106000 ms (FindLiveObjects: 0.291600 ms CreateObjectMapping: 0.273600 ms MarkObjects: 2.493200 ms  DeleteObjects: 0.046600 ms)

Prepare: number of updated asset objects reloaded= 0
AssetImportParameters requested are different than current active one (requested -> active):
  custom:container-demuxer-ogg: 62fdf1f143b41e24485cea50d1cbac27 -> 
  custom:video-decoder-ogg-theora: a1e56fd34408186e4bbccfd4996cb3dc -> 
  custom:framework-win-MediaFoundation: 216162199b28c13a410421893ffa2e32 -> 
  custom:CustomObjectIndexerAttribute: 6d391050e5a25f67b0a2c618074f2cd9 -> 
  custom:container-demuxer-webm: 4f35f7cbe854078d1ac9338744f61a02 -> 
  custom:container-muxer-webm: aa71ff27fc2769a1b78a27578f13a17b -> 
  custom:video-decoder-webm-vp8: 9c59270c3fd7afecdb556c50c9e8de78 -> 
  custom:SearchIndexIgnoredProperties: e643bd26f0fe6173181afceb89e7c659 -> 
  custom:AudioImporter_EditorPlatform: d09bf68614088b80899f8185d706f6e7 -> 
  custom:video-encoder-webm-vp8: eb34c28f22e8b96e1ab97ce403110664 -> 
  custom:audio-decoder-ogg-vorbis: bf7c407c2cedff20999df2af8eb42d56 -> 
  custom:audio-encoder-webm-vorbis: bf7c407c2cedff20999df2af8eb42d56 -> 
========================================================================
Received Import Request.
  Time since last request: 15.120307 seconds.
  path: Assets/Resources/Prefabs/yamatan_main_base.prefab
  artifactKey: Guid(0c73e55b4d003b644801c867770b2842) Importer(815301076,1909f56bfc062723c751e8b465ee728b)
Start importing Assets/Resources/Prefabs/yamatan_main_base.prefab using Guid(0c73e55b4d003b644801c867770b2842) Importer(815301076,1909f56bfc062723c751e8b465ee728b)  -> (artifact id: 'f309fc279eeae93cfb827c0cd832a224') in 0.117804 seconds
Number of updated asset objects reloaded before import = 0
Number of asset objects unloaded after import = 52
========================================================================
Received Prepare
Begin MonoManager ReloadAssembly
- Loaded All Assemblies, in  0.481 seconds
Refreshing native plugins compatible for Editor in 5.23 ms, found 3 plugins.
Native extension for UWP target not found
Native extension for WindowsStandalone target not found
Native extension for Android target not found
Native extension for WebGL target not found
[Package Manager] Server::EnsureServerProcessIsRunning -- launch failed, reason: Unity was launched with the -noUpm command-line argument
[Package Manager] UpmClient::Send -- Unable to send message (not connected to UPM process).
[Package Manager] Cannot connect to Unity Package Manager local server
Mono: successfully reloaded assembly
- Finished resetting the current domain, in  0.965 seconds
Domain Reload Profiling: 1443ms
	BeginReloadAssembly (169ms)
		ExecutionOrderSort (0ms)
		DisableScriptedObjects (5ms)
		BackupInstance (0ms)
		ReleaseScriptingObjects (0ms)
		CreateAndSetChildDomain (41ms)
	RebuildCommonClasses (42ms)
	RebuildNativeTypeToScriptingClass (12ms)
	initialDomainReloadingComplete (31ms)
	LoadAllAssembliesAndSetupDomain (224ms)
		LoadAssemblies (297ms)
		RebuildTransferFunctionScriptingTraits (0ms)
		AnalyzeDomain (19ms)
			TypeCache.Refresh (7ms)
				TypeCache.ScanAssembly (0ms)
			ScanForSourceGeneratedMonoScriptInfo (0ms)
			ResolveRequiredComponents (10ms)
	FinalizeReload (966ms)
		ReleaseScriptCaches (0ms)
		RebuildScriptCaches (0ms)
		SetupLoadedEditorAssemblies (466ms)
			LogAssemblyErrors (0ms)
			InitializePlatformSupportModulesInManaged (26ms)
			SetLoadedEditorAssemblies (3ms)
			RefreshPlugins (0ms)
			BeforeProcessingInitializeOnLoad (69ms)
			ProcessInitializeOnLoadAttributes (326ms)
			ProcessInitializeOnLoadMethodAttributes (32ms)
			AfterProcessingInitializeOnLoad (10ms)
			EditorAssembliesLoaded (0ms)
		ExecutionOrderSort2 (0ms)
		AwakeInstancesAfterBackupRestoration (8ms)
Refreshing native plugins compatible for Editor in 4.91 ms, found 3 plugins.
Preloading 0 native plugins for Editor in 0.00 ms.
Unloading 3720 Unused Serialized files (Serialized files now loaded: 0)
Unloading 22 unused Assets / (30.2 KB). Loaded Objects now: 4274.
Memory consumption went from 154.8 MB to 154.8 MB.
Total: 3.731100 ms (FindLiveObjects: 0.385900 ms CreateObjectMapping: 0.332600 ms MarkObjects: 2.965300 ms  DeleteObjects: 0.046400 ms)

Prepare: number of updated asset objects reloaded= 0
AssetImportParameters requested are different than current active one (requested -> active):
  custom:container-demuxer-ogg: 62fdf1f143b41e24485cea50d1cbac27 -> 
  custom:video-decoder-ogg-theora: a1e56fd34408186e4bbccfd4996cb3dc -> 
  custom:framework-win-MediaFoundation: 216162199b28c13a410421893ffa2e32 -> 
  custom:CustomObjectIndexerAttribute: 6d391050e5a25f67b0a2c618074f2cd9 -> 
  custom:container-demuxer-webm: 4f35f7cbe854078d1ac9338744f61a02 -> 
  custom:container-muxer-webm: aa71ff27fc2769a1b78a27578f13a17b -> 
  custom:video-decoder-webm-vp8: 9c59270c3fd7afecdb556c50c9e8de78 -> 
  custom:SearchIndexIgnoredProperties: e643bd26f0fe6173181afceb89e7c659 -> 
  custom:AudioImporter_EditorPlatform: d09bf68614088b80899f8185d706f6e7 -> 
  custom:video-encoder-webm-vp8: eb34c28f22e8b96e1ab97ce403110664 -> 
  custom:audio-decoder-ogg-vorbis: bf7c407c2cedff20999df2af8eb42d56 -> 
  custom:audio-encoder-webm-vorbis: bf7c407c2cedff20999df2af8eb42d56 -> 
========================================================================
Received Import Request.
  Time since last request: 219.808653 seconds.
  path: Assets/Resources/Prefabs/yamatan_main_base.prefab
  artifactKey: Guid(0c73e55b4d003b644801c867770b2842) Importer(815301076,1909f56bfc062723c751e8b465ee728b)
Start importing Assets/Resources/Prefabs/yamatan_main_base.prefab using Guid(0c73e55b4d003b644801c867770b2842) Importer(815301076,1909f56bfc062723c751e8b465ee728b)  -> (artifact id: '6bcc8724d1a35a89db78cc4eb864bee7') in 0.112403 seconds
Number of updated asset objects reloaded before import = 0
Number of asset objects unloaded after import = 52
========================================================================
Received Import Request.
  Time since last request: 9.936134 seconds.
  path: Assets/Resources/Prefabs/yamatan_main_base.prefab
  artifactKey: Guid(0c73e55b4d003b644801c867770b2842) Importer(815301076,1909f56bfc062723c751e8b465ee728b)
Start importing Assets/Resources/Prefabs/yamatan_main_base.prefab using Guid(0c73e55b4d003b644801c867770b2842) Importer(815301076,1909f56bfc062723c751e8b465ee728b)  -> (artifact id: 'ddf779035e6952649211a6e1699ba75c') in 0.016476 seconds
Number of updated asset objects reloaded before import = 0
Number of asset objects unloaded after import = 52
========================================================================
Received Import Request.
  Time since last request: 31.997395 seconds.
  path: Assets/Resources/Prefabs/yamatan_main_base.prefab
  artifactKey: Guid(0c73e55b4d003b644801c867770b2842) Importer(815301076,1909f56bfc062723c751e8b465ee728b)
Start importing Assets/Resources/Prefabs/yamatan_main_base.prefab using Guid(0c73e55b4d003b644801c867770b2842) Importer(815301076,1909f56bfc062723c751e8b465ee728b)  -> (artifact id: 'f069dd17ff77133221eacbf249be6c0e') in 0.017914 seconds
Number of updated asset objects reloaded before import = 0
Number of asset objects unloaded after import = 52
========================================================================
Received Import Request.
  Time since last request: 5.707553 seconds.
  path: Assets/Resources/Prefabs/yamatan_main_base.prefab
  artifactKey: Guid(0c73e55b4d003b644801c867770b2842) Importer(815301076,1909f56bfc062723c751e8b465ee728b)
Start importing Assets/Resources/Prefabs/yamatan_main_base.prefab using Guid(0c73e55b4d003b644801c867770b2842) Importer(815301076,1909f56bfc062723c751e8b465ee728b)  -> (artifact id: 'f8b14690dab9d85cbd0d53f3ebad34e3') in 0.054195 seconds
Number of updated asset objects reloaded before import = 0
Number of asset objects unloaded after import = 52
========================================================================
Received Import Request.
  Time since last request: 9.430867 seconds.
  path: Assets/Resources/Prefabs/yamatan_main_base.prefab
  artifactKey: Guid(0c73e55b4d003b644801c867770b2842) Importer(815301076,1909f56bfc062723c751e8b465ee728b)
Start importing Assets/Resources/Prefabs/yamatan_main_base.prefab using Guid(0c73e55b4d003b644801c867770b2842) Importer(815301076,1909f56bfc062723c751e8b465ee728b)  -> (artifact id: '2754acb86527f9f06eb63f51976c5659') in 0.019778 seconds
Number of updated asset objects reloaded before import = 0
Number of asset objects unloaded after import = 52
========================================================================
Received Import Request.
  Time since last request: 2576.947073 seconds.
  path: Assets/Resources/Prefabs/yamatan_main_base.prefab
  artifactKey: Guid(0c73e55b4d003b644801c867770b2842) Importer(815301076,1909f56bfc062723c751e8b465ee728b)
Start importing Assets/Resources/Prefabs/yamatan_main_base.prefab using Guid(0c73e55b4d003b644801c867770b2842) Importer(815301076,1909f56bfc062723c751e8b465ee728b)  -> (artifact id: '648c0659a7a6d728504ee972fc16dee6') in 0.057714 seconds
Number of updated asset objects reloaded before import = 0
Number of asset objects unloaded after import = 52
========================================================================
Received Import Request.
  Time since last request: 37.035923 seconds.
  path: Assets/Resources/Prefabs/yamatan_main_base.prefab
  artifactKey: Guid(0c73e55b4d003b644801c867770b2842) Importer(815301076,1909f56bfc062723c751e8b465ee728b)
Start importing Assets/Resources/Prefabs/yamatan_main_base.prefab using Guid(0c73e55b4d003b644801c867770b2842) Importer(815301076,1909f56bfc062723c751e8b465ee728b)  -> (artifact id: '8d5f5bee15d6ce9a2c85a5dd92d82973') in 0.020148 seconds
Number of updated asset objects reloaded before import = 0
Number of asset objects unloaded after import = 50
========================================================================
Received Import Request.
  Time since last request: 11.692766 seconds.
  path: Assets/Resources/Prefabs/yamatan_main_base.prefab
  artifactKey: Guid(0c73e55b4d003b644801c867770b2842) Importer(815301076,1909f56bfc062723c751e8b465ee728b)
Start importing Assets/Resources/Prefabs/yamatan_main_base.prefab using Guid(0c73e55b4d003b644801c867770b2842) Importer(815301076,1909f56bfc062723c751e8b465ee728b)  -> (artifact id: 'e733ac0d205e2d8edf5cbb8b45f2d863') in 0.071242 seconds
Number of updated asset objects reloaded before import = 0
Number of asset objects unloaded after import = 52
========================================================================
Received Import Request.
  Time since last request: 65.699283 seconds.
  path: Assets/RTS Engine/Demo/EffectObjects/Prefabs/fire.prefab
  artifactKey: Guid(ad8099d211de0634aa9d22d3fbd2ea7c) Importer(815301076,1909f56bfc062723c751e8b465ee728b)
Start importing Assets/RTS Engine/Demo/EffectObjects/Prefabs/fire.prefab using Guid(ad8099d211de0634aa9d22d3fbd2ea7c) Importer(815301076,1909f56bfc062723c751e8b465ee728b)  -> (artifact id: '656b19a561828b3d8b1ab271bac121f8') in 0.014861 seconds
Number of updated asset objects reloaded before import = 0
Number of asset objects unloaded after import = 8
========================================================================
Received Import Request.
  Time since last request: 3.383174 seconds.
  path: Assets/Resources/Prefabs/yamatan_main_base.prefab
  artifactKey: Guid(0c73e55b4d003b644801c867770b2842) Importer(815301076,1909f56bfc062723c751e8b465ee728b)
Start importing Assets/Resources/Prefabs/yamatan_main_base.prefab using Guid(0c73e55b4d003b644801c867770b2842) Importer(815301076,1909f56bfc062723c751e8b465ee728b)  -> (artifact id: '3de49294ee7bd5842cad24c5e8598eb0') in 0.024180 seconds
Number of updated asset objects reloaded before import = 0
Number of asset objects unloaded after import = 59
========================================================================
Received Import Request.
  Time since last request: 35.827783 seconds.
  path: Assets/RTS Engine/Core/Resources/new_map_configs.prefab
  artifactKey: Guid(06cc8ce85faf6554ba46d6bec917a082) Importer(815301076,1909f56bfc062723c751e8b465ee728b)
Start importing Assets/RTS Engine/Core/Resources/new_map_configs.prefab using Guid(06cc8ce85faf6554ba46d6bec917a082) Importer(815301076,1909f56bfc062723c751e8b465ee728b)  -> (artifact id: 'ec342ede1f1da9b932d1dc240fe76737') in 0.794748 seconds
Number of updated asset objects reloaded before import = 0
Number of asset objects unloaded after import = 8033
========================================================================
Received Import Request.
  Time since last request: 1.779855 seconds.
  path: Assets/Resources/Prefabs/yamatan_main_base.prefab
  artifactKey: Guid(0c73e55b4d003b644801c867770b2842) Importer(815301076,1909f56bfc062723c751e8b465ee728b)
Start importing Assets/Resources/Prefabs/yamatan_main_base.prefab using Guid(0c73e55b4d003b644801c867770b2842) Importer(815301076,1909f56bfc062723c751e8b465ee728b)  -> (artifact id: '6a23dabacadecd0b89f1a68328a611f0') in 0.018269 seconds
Number of updated asset objects reloaded before import = 0
Number of asset objects unloaded after import = 59
========================================================================
Received Import Request.
  Time since last request: 4.228886 seconds.
  path: Assets/RTS Engine/Demo/EffectObjects/Prefabs/collect_food_effect.prefab
  artifactKey: Guid(22d4332ccd8867a498d919ca036f6346) Importer(815301076,1909f56bfc062723c751e8b465ee728b)
Start importing Assets/RTS Engine/Demo/EffectObjects/Prefabs/collect_food_effect.prefab using Guid(22d4332ccd8867a498d919ca036f6346) Importer(815301076,1909f56bfc062723c751e8b465ee728b)  -> (artifact id: '7863cdf2b2173de2ec4f1415cca2d9c9') in 0.003683 seconds
Number of updated asset objects reloaded before import = 0
Number of asset objects unloaded after import = 10
========================================================================
Received Import Request.
  Time since last request: 0.022536 seconds.
  path: Assets/RTS Engine/Demo/EffectObjects/Prefabs/collect_wood_effect.prefab
  artifactKey: Guid(eef6aa552aa9d334a85d7a6e50fc606b) Importer(815301076,1909f56bfc062723c751e8b465ee728b)
Start importing Assets/RTS Engine/Demo/EffectObjects/Prefabs/collect_wood_effect.prefab using Guid(eef6aa552aa9d334a85d7a6e50fc606b) Importer(815301076,1909f56bfc062723c751e8b465ee728b)  -> (artifact id: 'c4a9394f87564d98ca66fab619e5c38d') in 0.003172 seconds
Number of updated asset objects reloaded before import = 0
Number of asset objects unloaded after import = 10
========================================================================
Received Import Request.
  Time since last request: 0.000014 seconds.
  path: Assets/RTS Engine/Demo/EffectObjects/Prefabs/smoke_puff.prefab
  artifactKey: Guid(038fd837f0a013c44ab51f5c2724204e) Importer(815301076,1909f56bfc062723c751e8b465ee728b)
Start importing Assets/RTS Engine/Demo/EffectObjects/Prefabs/smoke_puff.prefab using Guid(038fd837f0a013c44ab51f5c2724204e) Importer(815301076,1909f56bfc062723c751e8b465ee728b)  -> (artifact id: '2765fb56d6b9b5440207afb04090dee2') in 0.002766 seconds
Number of updated asset objects reloaded before import = 0
Number of asset objects unloaded after import = 10
========================================================================
Received Import Request.
  Time since last request: 0.000013 seconds.
  path: Assets/RTS Engine/Demo/EffectObjects/Prefabs/explosion_small.prefab
  artifactKey: Guid(1dbf6d7883eadb74885574e4ce689bff) Importer(815301076,1909f56bfc062723c751e8b465ee728b)
Start importing Assets/RTS Engine/Demo/EffectObjects/Prefabs/explosion_small.prefab using Guid(1dbf6d7883eadb74885574e4ce689bff) Importer(815301076,1909f56bfc062723c751e8b465ee728b)  -> (artifact id: '594f0a374e7a669f047873a201df6d09') in 0.002499 seconds
Number of updated asset objects reloaded before import = 0
Number of asset objects unloaded after import = 10
========================================================================
Received Import Request.
  Time since last request: 0.000013 seconds.
  path: Assets/RTS Engine/Demo/EffectObjects/Prefabs/upgrade_effect_small.prefab
  artifactKey: Guid(c698b535c328a744f9cf0bfe99f05026) Importer(815301076,1909f56bfc062723c751e8b465ee728b)
Start importing Assets/RTS Engine/Demo/EffectObjects/Prefabs/upgrade_effect_small.prefab using Guid(c698b535c328a744f9cf0bfe99f05026) Importer(815301076,1909f56bfc062723c751e8b465ee728b)  -> (artifact id: 'c28ffba3b91e7d24e6a8969f392c0010') in 1.447862 seconds
Number of updated asset objects reloaded before import = 0
Number of asset objects unloaded after import = 8
Editor requested this worker to shutdown with reason: Scaling down because of idle timeout
TcpMessagingSession - receive error: operation aborted. errorcode: 995, details: The I/O operation has been aborted because of either a thread exit or an application request.
AssetImportWorker is now disconnected from the server
Process exiting
Exiting without the bug reporter. Application will terminate with return code 0